[3.084s] DEBUG:colcon:Command line arguments: ['/usr/bin/colcon', 'build']
[3.084s] DEBUG:colcon:Parsed command line arguments: Namespace(allow_overriding=[], ament_cmake_args=None, base_paths=['.'], build_base='build', catkin_cmake_args=None, catkin_skip_building_tests=False, cmake_args=None, cmake_clean_cache=False, cmake_clean_first=False, cmake_force_configure=False, cmake_target=None, cmake_target_skip_unavailable=False, continue_on_error=False, event_handlers=None, executor='parallel', ignore_user_meta=False, install_base='install', log_base=None, log_level=None, main=<bound method BuildVerb.main of <colcon_core.verb.build.BuildVerb object at 0x7f8e4316dd30>>, merge_install=False, metas=['./colcon.meta'], packages_above=None, packages_above_and_dependencies=None, packages_above_depth=None, packages_end=None, packages_ignore=None, packages_ignore_regex=None, packages_select=None, packages_select_build_failed=False, packages_select_by_dep=None, packages_select_regex=None, packages_select_test_failures=False, packages_skip=None, packages_skip_build_finished=False, packages_skip_by_dep=None, packages_skip_regex=None, packages_skip_test_passed=False, packages_skip_up_to=None, packages_start=None, packages_up_to=None, packages_up_to_regex=None, parallel_workers=8, paths=None, symlink_install=False, test_result_base=None, verb_extension=<colcon_core.verb.build.BuildVerb object at 0x7f8e4316dd30>, verb_name='build', verb_parser=<colcon_defaults.argument_parser.defaults.DefaultArgumentsDecorator object at 0x7f8e4289ce80>)
[3.222s] Level 1:colcon.colcon_core.package_discovery:discover_packages(colcon_meta) check parameters
[3.222s] Level 1:colcon.colcon_core.package_discovery:discover_packages(recursive) check parameters
[3.222s] Level 1:colcon.colcon_core.package_discovery:discover_packages(ignore) check parameters
[3.222s] Level 1:colcon.colcon_core.package_discovery:discover_packages(path) check parameters
[3.222s] Level 1:colcon.colcon_core.package_discovery:discover_packages(colcon_meta) discover
[3.223s] Level 1:colcon.colcon_core.package_discovery:discover_packages(recursive) discover
[3.223s] INFO:colcon.colcon_core.package_discovery:Crawling recursively for packages in '/home/keyur/empm809y_cpp/Cpp_projects/ROS2learn/rosprac809_ws'
[3.223s] Level 1:colcon.colcon_core.package_identification:_identify(.) by extensions ['ignore', 'ignore_ament_install']
[3.223s] Level 1:colcon.colcon_core.package_identification:_identify(.) by extension 'ignore'
[3.223s] Level 1:colcon.colcon_core.package_identification:_identify(.) by extension 'ignore_ament_install'
[3.223s] Level 1:colcon.colcon_core.package_identification:_identify(.) by extensions ['colcon_pkg']
[3.223s] Level 1:colcon.colcon_core.package_identification:_identify(.) by extension 'colcon_pkg'
[3.223s] Level 1:colcon.colcon_core.package_identification:_identify(.) by extensions ['colcon_meta']
[3.223s] Level 1:colcon.colcon_core.package_identification:_identify(.) by extension 'colcon_meta'
[3.223s] Level 1:colcon.colcon_core.package_identification:_identify(.) by extensions ['ros']
[3.223s] Level 1:colcon.colcon_core.package_identification:_identify(.) by extension 'ros'
[3.238s] Level 1:colcon.colcon_core.package_identification:_identify(.) by extensions ['cmake', 'python']
[3.238s] Level 1:colcon.colcon_core.package_identification:_identify(.) by extension 'cmake'
[3.238s] Level 1:colcon.colcon_core.package_identification:_identify(.) by extension 'python'
[3.238s] Level 1:colcon.colcon_core.package_identification:_identify(.) by extensions ['python_setup_py']
[3.238s] Level 1:colcon.colcon_core.package_identification:_identify(.) by extension 'python_setup_py'
[3.238s] Level 1:colcon.colcon_core.package_identification:_identify(build) by extensions ['ignore', 'ignore_ament_install']
[3.238s] Level 1:colcon.colcon_core.package_identification:_identify(build) by extension 'ignore'
[3.238s] Level 1:colcon.colcon_core.package_identification:_identify(build) ignored
[3.239s] Level 1:colcon.colcon_core.package_identification:_identify(install) by extensions ['ignore', 'ignore_ament_install']
[3.239s] Level 1:colcon.colcon_core.package_identification:_identify(install) by extension 'ignore'
[3.239s] Level 1:colcon.colcon_core.package_identification:_identify(install) ignored
[3.239s] Level 1:colcon.colcon_core.package_identification:_identify(log) by extensions ['ignore', 'ignore_ament_install']
[3.239s] Level 1:colcon.colcon_core.package_identification:_identify(log) by extension 'ignore'
[3.239s] Level 1:colcon.colcon_core.package_identification:_identify(log) ignored
[3.239s] Level 1:colcon.colcon_core.package_identification:_identify(src) by extensions ['ignore', 'ignore_ament_install']
[3.239s] Level 1:colcon.colcon_core.package_identification:_identify(src) by extension 'ignore'
[3.239s] Level 1:colcon.colcon_core.package_identification:_identify(src) by extension 'ignore_ament_install'
[3.240s] Level 1:colcon.colcon_core.package_identification:_identify(src) by extensions ['colcon_pkg']
[3.240s] Level 1:colcon.colcon_core.package_identification:_identify(src) by extension 'colcon_pkg'
[3.240s] Level 1:colcon.colcon_core.package_identification:_identify(src) by extensions ['colcon_meta']
[3.240s] Level 1:colcon.colcon_core.package_identification:_identify(src) by extension 'colcon_meta'
[3.240s] Level 1:colcon.colcon_core.package_identification:_identify(src) by extensions ['ros']
[3.240s] Level 1:colcon.colcon_core.package_identification:_identify(src) by extension 'ros'
[3.240s] Level 1:colcon.colcon_core.package_identification:_identify(src) by extensions ['cmake', 'python']
[3.240s] Level 1:colcon.colcon_core.package_identification:_identify(src) by extension 'cmake'
[3.240s] Level 1:colcon.colcon_core.package_identification:_identify(src) by extension 'python'
[3.240s] Level 1:colcon.colcon_core.package_identification:_identify(src) by extensions ['python_setup_py']
[3.240s] Level 1:colcon.colcon_core.package_identification:_identify(src) by extension 'python_setup_py'
[3.240s] Level 1:colcon.colcon_core.package_identification:_identify(src/my_first_package) by extensions ['ignore', 'ignore_ament_install']
[3.240s] Level 1:colcon.colcon_core.package_identification:_identify(src/my_first_package) by extension 'ignore'
[3.240s] Level 1:colcon.colcon_core.package_identification:_identify(src/my_first_package) by extension 'ignore_ament_install'
[3.241s] Level 1:colcon.colcon_core.package_identification:_identify(src/my_first_package) by extensions ['colcon_pkg']
[3.241s] Level 1:colcon.colcon_core.package_identification:_identify(src/my_first_package) by extension 'colcon_pkg'
[3.241s] Level 1:colcon.colcon_core.package_identification:_identify(src/my_first_package) by extensions ['colcon_meta']
[3.241s] Level 1:colcon.colcon_core.package_identification:_identify(src/my_first_package) by extension 'colcon_meta'
[3.241s] Level 1:colcon.colcon_core.package_identification:_identify(src/my_first_package) by extensions ['ros']
[3.241s] Level 1:colcon.colcon_core.package_identification:_identify(src/my_first_package) by extension 'ros'
[3.244s] DEBUG:colcon.colcon_core.package_identification:Package 'src/my_first_package' with type 'ros.ament_cmake' and name 'my_first_package'
[3.244s] Level 1:colcon.colcon_core.package_discovery:discover_packages(recursive) using defaults
[3.244s] Level 1:colcon.colcon_core.package_discovery:discover_packages(ignore) discover
[3.244s] Level 1:colcon.colcon_core.package_discovery:discover_packages(ignore) using defaults
[3.244s] Level 1:colcon.colcon_core.package_discovery:discover_packages(path) discover
[3.244s] Level 1:colcon.colcon_core.package_discovery:discover_packages(path) using defaults
[3.594s] Level 1:colcon.colcon_core.package_discovery:discover_packages(prefix_path) check parameters
[3.594s] Level 1:colcon.colcon_core.package_discovery:discover_packages(prefix_path) discover
[3.752s] DEBUG:colcon.colcon_installed_package_information.package_discovery:Found 1 installed packages in /home/keyur/empm809y_cpp/Cpp_projects/ROS2learn/rosprac809_ws/install
[3.814s] DEBUG:colcon.colcon_installed_package_information.package_discovery:Found 2 installed packages in /home/keyur/ros809_ws/install
[3.877s] DEBUG:colcon.colcon_installed_package_information.package_discovery:Found 268 installed packages in /opt/ros/galactic
[3.879s] Level 1:colcon.colcon_core.package_discovery:discover_packages(prefix_path) using defaults
[4.127s] Level 5:colcon.colcon_core.verb:set package 'my_first_package' build argument 'cmake_args' from command line to 'None'
[4.128s] Level 5:colcon.colcon_core.verb:set package 'my_first_package' build argument 'cmake_target' from command line to 'None'
[4.128s] Level 5:colcon.colcon_core.verb:set package 'my_first_package' build argument 'cmake_target_skip_unavailable' from command line to 'False'
[4.128s] Level 5:colcon.colcon_core.verb:set package 'my_first_package' build argument 'cmake_clean_cache' from command line to 'False'
[4.128s] Level 5:colcon.colcon_core.verb:set package 'my_first_package' build argument 'cmake_clean_first' from command line to 'False'
[4.128s] Level 5:colcon.colcon_core.verb:set package 'my_first_package' build argument 'cmake_force_configure' from command line to 'False'
[4.128s] Level 5:colcon.colcon_core.verb:set package 'my_first_package' build argument 'ament_cmake_args' from command line to 'None'
[4.128s] Level 5:colcon.colcon_core.verb:set package 'my_first_package' build argument 'catkin_cmake_args' from command line to 'None'
[4.128s] Level 5:colcon.colcon_core.verb:set package 'my_first_package' build argument 'catkin_skip_building_tests' from command line to 'False'
[4.128s] DEBUG:colcon.colcon_core.verb:Building package 'my_first_package' with the following arguments: {'ament_cmake_args': None, 'build_base': '/home/keyur/empm809y_cpp/Cpp_projects/ROS2learn/rosprac809_ws/build/my_first_package', 'catkin_cmake_args': None, 'catkin_skip_building_tests': False, 'cmake_args': None, 'cmake_clean_cache': False, 'cmake_clean_first': False, 'cmake_force_configure': False, 'cmake_target': None, 'cmake_target_skip_unavailable': False, 'install_base': '/home/keyur/empm809y_cpp/Cpp_projects/ROS2learn/rosprac809_ws/install/my_first_package', 'merge_install': False, 'path': '/home/keyur/empm809y_cpp/Cpp_projects/ROS2learn/rosprac809_ws/src/my_first_package', 'symlink_install': False, 'test_result_base': None}
[4.214s] INFO:colcon.colcon_core.executor:Executing jobs using 'parallel' executor
[4.282s] DEBUG:colcon.colcon_parallel_executor.executor.parallel:run_until_complete
[4.282s] INFO:colcon.colcon_ros.task.ament_cmake.build:Building ROS package in '/home/keyur/empm809y_cpp/Cpp_projects/ROS2learn/rosprac809_ws/src/my_first_package' with build type 'ament_cmake'
[4.283s] INFO:colcon.colcon_cmake.task.cmake.build:Building CMake package in '/home/keyur/empm809y_cpp/Cpp_projects/ROS2learn/rosprac809_ws/src/my_first_package'
[4.358s] INFO:colcon.colcon_core.plugin_system:Skipping extension 'colcon_core.shell.bat': Not used on non-Windows systems
[4.358s] INFO:colcon.colcon_core.shell:Skip shell extension 'powershell' for command environment: Not usable outside of PowerShell
[4.358s] DEBUG:colcon.colcon_core.shell:Skip shell extension 'dsv' for command environment
[4.640s] DEBUG:colcon.colcon_core.event_handler.log_command:Invoking command in '/home/keyur/empm809y_cpp/Cpp_projects/ROS2learn/rosprac809_ws/build/my_first_package': CMAKE_PREFIX_PATH=${CMAKE_PREFIX_PATH}:/opt/ros/galactic /usr/bin/cmake --build /home/keyur/empm809y_cpp/Cpp_projects/ROS2learn/rosprac809_ws/build/my_first_package -- -j8 -l8
[10.693s] DEBUG:colcon.colcon_core.event_handler.log_command:Invoked command in '/home/keyur/empm809y_cpp/Cpp_projects/ROS2learn/rosprac809_ws/build/my_first_package' returned '0': CMAKE_PREFIX_PATH=${CMAKE_PREFIX_PATH}:/opt/ros/galactic /usr/bin/cmake --build /home/keyur/empm809y_cpp/Cpp_projects/ROS2learn/rosprac809_ws/build/my_first_package -- -j8 -l8
[10.756s] DEBUG:colcon.colcon_core.event_handler.log_command:Invoking command in '/home/keyur/empm809y_cpp/Cpp_projects/ROS2learn/rosprac809_ws/build/my_first_package': CMAKE_PREFIX_PATH=${CMAKE_PREFIX_PATH}:/opt/ros/galactic /usr/bin/cmake --install /home/keyur/empm809y_cpp/Cpp_projects/ROS2learn/rosprac809_ws/build/my_first_package
[10.905s] Level 1:colcon.colcon_core.environment:create_environment_scripts_only(my_first_package)
[10.906s] DEBUG:colcon.colcon_core.event_handler.log_command:Invoked command in '/home/keyur/empm809y_cpp/Cpp_projects/ROS2learn/rosprac809_ws/build/my_first_package' returned '0': CMAKE_PREFIX_PATH=${CMAKE_PREFIX_PATH}:/opt/ros/galactic /usr/bin/cmake --install /home/keyur/empm809y_cpp/Cpp_projects/ROS2learn/rosprac809_ws/build/my_first_package
[10.975s] Level 1:colcon.colcon_core.environment:checking '/home/keyur/empm809y_cpp/Cpp_projects/ROS2learn/rosprac809_ws/install/my_first_package' for CMake module files
[10.976s] Level 1:colcon.colcon_core.environment:checking '/home/keyur/empm809y_cpp/Cpp_projects/ROS2learn/rosprac809_ws/install/my_first_package' for CMake config files
[10.976s] Level 1:colcon.colcon_core.shell:create_environment_hook('my_first_package', 'cmake_prefix_path')
[11.030s] INFO:colcon.colcon_core.shell:Creating environment hook '/home/keyur/empm809y_cpp/Cpp_projects/ROS2learn/rosprac809_ws/install/my_first_package/share/my_first_package/hook/cmake_prefix_path.ps1'
[11.031s] INFO:colcon.colcon_core.shell:Creating environment descriptor '/home/keyur/empm809y_cpp/Cpp_projects/ROS2learn/rosprac809_ws/install/my_first_package/share/my_first_package/hook/cmake_prefix_path.dsv'
[11.032s] INFO:colcon.colcon_core.shell:Creating environment hook '/home/keyur/empm809y_cpp/Cpp_projects/ROS2learn/rosprac809_ws/install/my_first_package/share/my_first_package/hook/cmake_prefix_path.sh'
[11.033s] Level 1:colcon.colcon_core.environment:checking '/home/keyur/empm809y_cpp/Cpp_projects/ROS2learn/rosprac809_ws/install/my_first_package/lib'
[11.034s] Level 1:colcon.colcon_core.environment:checking '/home/keyur/empm809y_cpp/Cpp_projects/ROS2learn/rosprac809_ws/install/my_first_package/bin'
[11.034s] Level 1:colcon.colcon_core.environment:checking '/home/keyur/empm809y_cpp/Cpp_projects/ROS2learn/rosprac809_ws/install/my_first_package/lib/pkgconfig/my_first_package.pc'
[11.034s] Level 1:colcon.colcon_core.environment:checking '/home/keyur/empm809y_cpp/Cpp_projects/ROS2learn/rosprac809_ws/install/my_first_package/lib/python3.8/site-packages'
[11.034s] Level 1:colcon.colcon_core.environment:checking '/home/keyur/empm809y_cpp/Cpp_projects/ROS2learn/rosprac809_ws/install/my_first_package/bin'
[11.091s] INFO:colcon.colcon_core.shell:Creating package script '/home/keyur/empm809y_cpp/Cpp_projects/ROS2learn/rosprac809_ws/install/my_first_package/share/my_first_package/package.ps1'
[11.092s] INFO:colcon.colcon_core.shell:Creating package descriptor '/home/keyur/empm809y_cpp/Cpp_projects/ROS2learn/rosprac809_ws/install/my_first_package/share/my_first_package/package.dsv'
[11.093s] INFO:colcon.colcon_core.shell:Creating package script '/home/keyur/empm809y_cpp/Cpp_projects/ROS2learn/rosprac809_ws/install/my_first_package/share/my_first_package/package.sh'
[11.094s] INFO:colcon.colcon_core.shell:Creating package script '/home/keyur/empm809y_cpp/Cpp_projects/ROS2learn/rosprac809_ws/install/my_first_package/share/my_first_package/package.bash'
[11.094s] INFO:colcon.colcon_core.shell:Creating package script '/home/keyur/empm809y_cpp/Cpp_projects/ROS2learn/rosprac809_ws/install/my_first_package/share/my_first_package/package.zsh'
[11.095s] Level 1:colcon.colcon_core.environment:create_file_with_runtime_dependencies(/home/keyur/empm809y_cpp/Cpp_projects/ROS2learn/rosprac809_ws/install/my_first_package/share/colcon-core/packages/my_first_package)
[11.221s] Level 1:colcon.colcon_core.environment:create_environment_scripts_only(my_first_package)
[11.278s] Level 1:colcon.colcon_core.environment:checking '/home/keyur/empm809y_cpp/Cpp_projects/ROS2learn/rosprac809_ws/install/my_first_package' for CMake module files
[11.278s] Level 1:colcon.colcon_core.environment:checking '/home/keyur/empm809y_cpp/Cpp_projects/ROS2learn/rosprac809_ws/install/my_first_package' for CMake config files
[11.279s] Level 1:colcon.colcon_core.shell:create_environment_hook('my_first_package', 'cmake_prefix_path')
[11.331s] INFO:colcon.colcon_core.shell:Creating environment hook '/home/keyur/empm809y_cpp/Cpp_projects/ROS2learn/rosprac809_ws/install/my_first_package/share/my_first_package/hook/cmake_prefix_path.ps1'
[11.332s] INFO:colcon.colcon_core.shell:Creating environment descriptor '/home/keyur/empm809y_cpp/Cpp_projects/ROS2learn/rosprac809_ws/install/my_first_package/share/my_first_package/hook/cmake_prefix_path.dsv'
[11.333s] INFO:colcon.colcon_core.shell:Creating environment hook '/home/keyur/empm809y_cpp/Cpp_projects/ROS2learn/rosprac809_ws/install/my_first_package/share/my_first_package/hook/cmake_prefix_path.sh'
[11.334s] Level 1:colcon.colcon_core.environment:checking '/home/keyur/empm809y_cpp/Cpp_projects/ROS2learn/rosprac809_ws/install/my_first_package/lib'
[11.334s] Level 1:colcon.colcon_core.environment:checking '/home/keyur/empm809y_cpp/Cpp_projects/ROS2learn/rosprac809_ws/install/my_first_package/bin'
[11.334s] Level 1:colcon.colcon_core.environment:checking '/home/keyur/empm809y_cpp/Cpp_projects/ROS2learn/rosprac809_ws/install/my_first_package/lib/pkgconfig/my_first_package.pc'
[11.335s] Level 1:colcon.colcon_core.environment:checking '/home/keyur/empm809y_cpp/Cpp_projects/ROS2learn/rosprac809_ws/install/my_first_package/lib/python3.8/site-packages'
[11.335s] Level 1:colcon.colcon_core.environment:checking '/home/keyur/empm809y_cpp/Cpp_projects/ROS2learn/rosprac809_ws/install/my_first_package/bin'
[11.389s] INFO:colcon.colcon_core.shell:Creating package script '/home/keyur/empm809y_cpp/Cpp_projects/ROS2learn/rosprac809_ws/install/my_first_package/share/my_first_package/package.ps1'
[11.390s] INFO:colcon.colcon_core.shell:Creating package descriptor '/home/keyur/empm809y_cpp/Cpp_projects/ROS2learn/rosprac809_ws/install/my_first_package/share/my_first_package/package.dsv'
[11.391s] INFO:colcon.colcon_core.shell:Creating package script '/home/keyur/empm809y_cpp/Cpp_projects/ROS2learn/rosprac809_ws/install/my_first_package/share/my_first_package/package.sh'
[11.391s] INFO:colcon.colcon_core.shell:Creating package script '/home/keyur/empm809y_cpp/Cpp_projects/ROS2learn/rosprac809_ws/install/my_first_package/share/my_first_package/package.bash'
[11.391s] INFO:colcon.colcon_core.shell:Creating package script '/home/keyur/empm809y_cpp/Cpp_projects/ROS2learn/rosprac809_ws/install/my_first_package/share/my_first_package/package.zsh'
[11.392s] Level 1:colcon.colcon_core.environment:create_file_with_runtime_dependencies(/home/keyur/empm809y_cpp/Cpp_projects/ROS2learn/rosprac809_ws/install/my_first_package/share/colcon-core/packages/my_first_package)
[11.392s] DEBUG:colcon.colcon_parallel_executor.executor.parallel:closing loop
[11.393s] DEBUG:colcon.colcon_parallel_executor.executor.parallel:loop closed
[11.393s] DEBUG:colcon.colcon_parallel_executor.executor.parallel:run_until_complete finished with '0'
[11.393s] DEBUG:colcon.colcon_core.event_reactor:joining thread
[11.457s] INFO:colcon.colcon_core.plugin_system:Skipping extension 'colcon_notification.desktop_notification.terminal_notifier': Not used on non-Darwin systems
[11.457s] INFO:colcon.colcon_core.plugin_system:Skipping extension 'colcon_notification.desktop_notification.win32': Not used on non-Windows systems
[11.457s] INFO:colcon.colcon_notification.desktop_notification:Sending desktop notification using 'notify2'
[11.481s] DEBUG:colcon.colcon_core.event_reactor:joined thread
[11.576s] INFO:colcon.colcon_core.shell:Creating prefix script '/home/keyur/empm809y_cpp/Cpp_projects/ROS2learn/rosprac809_ws/install/local_setup.ps1'
[11.578s] INFO:colcon.colcon_core.shell:Creating prefix util module '/home/keyur/empm809y_cpp/Cpp_projects/ROS2learn/rosprac809_ws/install/_local_setup_util_ps1.py'
[11.580s] INFO:colcon.colcon_core.shell:Creating prefix chain script '/home/keyur/empm809y_cpp/Cpp_projects/ROS2learn/rosprac809_ws/install/setup.ps1'
[11.657s] INFO:colcon.colcon_core.shell:Creating prefix script '/home/keyur/empm809y_cpp/Cpp_projects/ROS2learn/rosprac809_ws/install/local_setup.sh'
[11.658s] INFO:colcon.colcon_core.shell:Creating prefix util module '/home/keyur/empm809y_cpp/Cpp_projects/ROS2learn/rosprac809_ws/install/_local_setup_util_sh.py'
[11.658s] INFO:colcon.colcon_core.shell:Creating prefix chain script '/home/keyur/empm809y_cpp/Cpp_projects/ROS2learn/rosprac809_ws/install/setup.sh'
[11.731s] INFO:colcon.colcon_core.shell:Creating prefix script '/home/keyur/empm809y_cpp/Cpp_projects/ROS2learn/rosprac809_ws/install/local_setup.bash'
[11.732s] INFO:colcon.colcon_core.shell:Creating prefix chain script '/home/keyur/empm809y_cpp/Cpp_projects/ROS2learn/rosprac809_ws/install/setup.bash'
[11.803s] INFO:colcon.colcon_core.shell:Creating prefix script '/home/keyur/empm809y_cpp/Cpp_projects/ROS2learn/rosprac809_ws/install/local_setup.zsh'
[11.804s] INFO:colcon.colcon_core.shell:Creating prefix chain script '/home/keyur/empm809y_cpp/Cpp_projects/ROS2learn/rosprac809_ws/install/setup.zsh'
