[2.591s] DEBUG:colcon:Command line arguments: ['/usr/bin/colcon', 'build']
[2.592s] DEBUG:colcon:Parsed command line arguments: Namespace(allow_overriding=[], ament_cmake_args=None, base_paths=['.'], build_base='build', catkin_cmake_args=None, catkin_skip_building_tests=False, cmake_args=None, cmake_clean_cache=False, cmake_clean_first=False, cmake_force_configure=False, cmake_target=None, cmake_target_skip_unavailable=False, continue_on_error=False, event_handlers=None, executor='parallel', ignore_user_meta=False, install_base='install', log_base=None, log_level=None, main=<bound method BuildVerb.main of <colcon_core.verb.build.BuildVerb object at 0x7fde60ba2f10>>, merge_install=False, metas=['./colcon.meta'], packages_above=None, packages_above_and_dependencies=None, packages_above_depth=None, packages_end=None, packages_ignore=None, packages_ignore_regex=None, packages_select=None, packages_select_build_failed=False, packages_select_by_dep=None, packages_select_regex=None, packages_select_test_failures=False, packages_skip=None, packages_skip_build_finished=False, packages_skip_by_dep=None, packages_skip_regex=None, packages_skip_test_passed=False, packages_skip_up_to=None, packages_start=None, packages_up_to=None, packages_up_to_regex=None, parallel_workers=8, paths=None, symlink_install=False, test_result_base=None, verb_extension=<colcon_core.verb.build.BuildVerb object at 0x7fde60ba2f10>, verb_name='build', verb_parser=<colcon_defaults.argument_parser.defaults.DefaultArgumentsDecorator object at 0x7fde60ba2fa0>)
[3.509s] Level 1:colcon.colcon_core.package_discovery:discover_packages(colcon_meta) check parameters
[3.510s] Level 1:colcon.colcon_core.package_discovery:discover_packages(recursive) check parameters
[3.510s] Level 1:colcon.colcon_core.package_discovery:discover_packages(ignore) check parameters
[3.510s] Level 1:colcon.colcon_core.package_discovery:discover_packages(path) check parameters
[3.510s] Level 1:colcon.colcon_core.package_discovery:discover_packages(colcon_meta) discover
[3.510s] Level 1:colcon.colcon_core.package_discovery:discover_packages(recursive) discover
[3.510s] INFO:colcon.colcon_core.package_discovery:Crawling recursively for packages in '/home/keyur/empm809y_cpp/Cpp_projects/ROS2learn/rosprac809_ws'
[3.510s] Level 1:colcon.colcon_core.package_identification:_identify(.) by extensions ['ignore', 'ignore_ament_install']
[3.510s] Level 1:colcon.colcon_core.package_identification:_identify(.) by extension 'ignore'
[3.510s] Level 1:colcon.colcon_core.package_identification:_identify(.) by extension 'ignore_ament_install'
[3.510s] Level 1:colcon.colcon_core.package_identification:_identify(.) by extensions ['colcon_pkg']
[3.510s] Level 1:colcon.colcon_core.package_identification:_identify(.) by extension 'colcon_pkg'
[3.510s] Level 1:colcon.colcon_core.package_identification:_identify(.) by extensions ['colcon_meta']
[3.510s] Level 1:colcon.colcon_core.package_identification:_identify(.) by extension 'colcon_meta'
[3.510s] Level 1:colcon.colcon_core.package_identification:_identify(.) by extensions ['ros']
[3.510s] Level 1:colcon.colcon_core.package_identification:_identify(.) by extension 'ros'
[3.653s] Level 1:colcon.colcon_core.package_identification:_identify(.) by extensions ['cmake', 'python']
[3.653s] Level 1:colcon.colcon_core.package_identification:_identify(.) by extension 'cmake'
[3.654s] Level 1:colcon.colcon_core.package_identification:_identify(.) by extension 'python'
[3.654s] Level 1:colcon.colcon_core.package_identification:_identify(.) by extensions ['python_setup_py']
[3.654s] Level 1:colcon.colcon_core.package_identification:_identify(.) by extension 'python_setup_py'
[3.661s] Level 1:colcon.colcon_core.package_identification:_identify(build) by extensions ['ignore', 'ignore_ament_install']
[3.661s] Level 1:colcon.colcon_core.package_identification:_identify(build) by extension 'ignore'
[3.661s] Level 1:colcon.colcon_core.package_identification:_identify(build) ignored
[3.661s] Level 1:colcon.colcon_core.package_identification:_identify(install) by extensions ['ignore', 'ignore_ament_install']
[3.662s] Level 1:colcon.colcon_core.package_identification:_identify(install) by extension 'ignore'
[3.662s] Level 1:colcon.colcon_core.package_identification:_identify(install) ignored
[3.662s] Level 1:colcon.colcon_core.package_identification:_identify(log) by extensions ['ignore', 'ignore_ament_install']
[3.662s] Level 1:colcon.colcon_core.package_identification:_identify(log) by extension 'ignore'
[3.662s] Level 1:colcon.colcon_core.package_identification:_identify(log) ignored
[3.662s] Level 1:colcon.colcon_core.package_identification:_identify(src) by extensions ['ignore', 'ignore_ament_install']
[3.662s] Level 1:colcon.colcon_core.package_identification:_identify(src) by extension 'ignore'
[3.662s] Level 1:colcon.colcon_core.package_identification:_identify(src) by extension 'ignore_ament_install'
[3.662s] Level 1:colcon.colcon_core.package_identification:_identify(src) by extensions ['colcon_pkg']
[3.662s] Level 1:colcon.colcon_core.package_identification:_identify(src) by extension 'colcon_pkg'
[3.663s] Level 1:colcon.colcon_core.package_identification:_identify(src) by extensions ['colcon_meta']
[3.663s] Level 1:colcon.colcon_core.package_identification:_identify(src) by extension 'colcon_meta'
[3.663s] Level 1:colcon.colcon_core.package_identification:_identify(src) by extensions ['ros']
[3.663s] Level 1:colcon.colcon_core.package_identification:_identify(src) by extension 'ros'
[3.663s] Level 1:colcon.colcon_core.package_identification:_identify(src) by extensions ['cmake', 'python']
[3.663s] Level 1:colcon.colcon_core.package_identification:_identify(src) by extension 'cmake'
[3.663s] Level 1:colcon.colcon_core.package_identification:_identify(src) by extension 'python'
[3.663s] Level 1:colcon.colcon_core.package_identification:_identify(src) by extensions ['python_setup_py']
[3.663s] Level 1:colcon.colcon_core.package_identification:_identify(src) by extension 'python_setup_py'
[3.663s] Level 1:colcon.colcon_core.package_identification:_identify(src/automated_vehicle) by extensions ['ignore', 'ignore_ament_install']
[3.663s] Level 1:colcon.colcon_core.package_identification:_identify(src/automated_vehicle) by extension 'ignore'
[3.663s] Level 1:colcon.colcon_core.package_identification:_identify(src/automated_vehicle) by extension 'ignore_ament_install'
[3.664s] Level 1:colcon.colcon_core.package_identification:_identify(src/automated_vehicle) by extensions ['colcon_pkg']
[3.664s] Level 1:colcon.colcon_core.package_identification:_identify(src/automated_vehicle) by extension 'colcon_pkg'
[3.664s] Level 1:colcon.colcon_core.package_identification:_identify(src/automated_vehicle) by extensions ['colcon_meta']
[3.664s] Level 1:colcon.colcon_core.package_identification:_identify(src/automated_vehicle) by extension 'colcon_meta'
[3.664s] Level 1:colcon.colcon_core.package_identification:_identify(src/automated_vehicle) by extensions ['ros']
[3.664s] Level 1:colcon.colcon_core.package_identification:_identify(src/automated_vehicle) by extension 'ros'
[3.711s] DEBUG:colcon.colcon_core.package_identification:Package 'src/automated_vehicle' with type 'ros.ament_cmake' and name 'automated_vehicle'
[3.711s] Level 1:colcon.colcon_core.package_identification:_identify(src/my_first_package) by extensions ['ignore', 'ignore_ament_install']
[3.712s] Level 1:colcon.colcon_core.package_identification:_identify(src/my_first_package) by extension 'ignore'
[3.712s] Level 1:colcon.colcon_core.package_identification:_identify(src/my_first_package) by extension 'ignore_ament_install'
[3.712s] Level 1:colcon.colcon_core.package_identification:_identify(src/my_first_package) by extensions ['colcon_pkg']
[3.713s] Level 1:colcon.colcon_core.package_identification:_identify(src/my_first_package) by extension 'colcon_pkg'
[3.713s] Level 1:colcon.colcon_core.package_identification:_identify(src/my_first_package) by extensions ['colcon_meta']
[3.713s] Level 1:colcon.colcon_core.package_identification:_identify(src/my_first_package) by extension 'colcon_meta'
[3.713s] Level 1:colcon.colcon_core.package_identification:_identify(src/my_first_package) by extensions ['ros']
[3.713s] Level 1:colcon.colcon_core.package_identification:_identify(src/my_first_package) by extension 'ros'
[3.747s] DEBUG:colcon.colcon_core.package_identification:Package 'src/my_first_package' with type 'ros.ament_cmake' and name 'my_first_package'
[3.748s] Level 1:colcon.colcon_core.package_discovery:discover_packages(recursive) using defaults
[3.748s] Level 1:colcon.colcon_core.package_discovery:discover_packages(ignore) discover
[3.748s] Level 1:colcon.colcon_core.package_discovery:discover_packages(ignore) using defaults
[3.748s] Level 1:colcon.colcon_core.package_discovery:discover_packages(path) discover
[3.748s] Level 1:colcon.colcon_core.package_discovery:discover_packages(path) using defaults
[4.306s] Level 1:colcon.colcon_core.package_discovery:discover_packages(prefix_path) check parameters
[4.306s] Level 1:colcon.colcon_core.package_discovery:discover_packages(prefix_path) discover
[4.490s] DEBUG:colcon.colcon_installed_package_information.package_discovery:Found 2 installed packages in /home/keyur/empm809y_cpp/Cpp_projects/ROS2learn/rosprac809_ws/install
[4.543s] DEBUG:colcon.colcon_installed_package_information.package_discovery:Found 2 installed packages in /home/keyur/ros809_ws/install
[4.596s] DEBUG:colcon.colcon_installed_package_information.package_discovery:Found 329 installed packages in /opt/ros/galactic
[4.598s] Level 1:colcon.colcon_core.package_discovery:discover_packages(prefix_path) using defaults
[5.745s] Level 5:colcon.colcon_core.verb:set package 'automated_vehicle' build argument 'cmake_args' from command line to 'None'
[5.745s] Level 5:colcon.colcon_core.verb:set package 'automated_vehicle' build argument 'cmake_target' from command line to 'None'
[5.745s] Level 5:colcon.colcon_core.verb:set package 'automated_vehicle' build argument 'cmake_target_skip_unavailable' from command line to 'False'
[5.745s] Level 5:colcon.colcon_core.verb:set package 'automated_vehicle' build argument 'cmake_clean_cache' from command line to 'False'
[5.745s] Level 5:colcon.colcon_core.verb:set package 'automated_vehicle' build argument 'cmake_clean_first' from command line to 'False'
[5.745s] Level 5:colcon.colcon_core.verb:set package 'automated_vehicle' build argument 'cmake_force_configure' from command line to 'False'
[5.745s] Level 5:colcon.colcon_core.verb:set package 'automated_vehicle' build argument 'ament_cmake_args' from command line to 'None'
[5.745s] Level 5:colcon.colcon_core.verb:set package 'automated_vehicle' build argument 'catkin_cmake_args' from command line to 'None'
[5.745s] Level 5:colcon.colcon_core.verb:set package 'automated_vehicle' build argument 'catkin_skip_building_tests' from command line to 'False'
[5.746s] DEBUG:colcon.colcon_core.verb:Building package 'automated_vehicle' with the following arguments: {'ament_cmake_args': None, 'build_base': '/home/keyur/empm809y_cpp/Cpp_projects/ROS2learn/rosprac809_ws/build/automated_vehicle', 'catkin_cmake_args': None, 'catkin_skip_building_tests': False, 'cmake_args': None, 'cmake_clean_cache': False, 'cmake_clean_first': False, 'cmake_force_configure': False, 'cmake_target': None, 'cmake_target_skip_unavailable': False, 'install_base': '/home/keyur/empm809y_cpp/Cpp_projects/ROS2learn/rosprac809_ws/install/automated_vehicle', 'merge_install': False, 'path': '/home/keyur/empm809y_cpp/Cpp_projects/ROS2learn/rosprac809_ws/src/automated_vehicle', 'symlink_install': False, 'test_result_base': None}
[5.790s] Level 5:colcon.colcon_core.verb:set package 'my_first_package' build argument 'cmake_args' from command line to 'None'
[5.790s] Level 5:colcon.colcon_core.verb:set package 'my_first_package' build argument 'cmake_target' from command line to 'None'
[5.790s] Level 5:colcon.colcon_core.verb:set package 'my_first_package' build argument 'cmake_target_skip_unavailable' from command line to 'False'
[5.790s] Level 5:colcon.colcon_core.verb:set package 'my_first_package' build argument 'cmake_clean_cache' from command line to 'False'
[5.790s] Level 5:colcon.colcon_core.verb:set package 'my_first_package' build argument 'cmake_clean_first' from command line to 'False'
[5.790s] Level 5:colcon.colcon_core.verb:set package 'my_first_package' build argument 'cmake_force_configure' from command line to 'False'
[5.790s] Level 5:colcon.colcon_core.verb:set package 'my_first_package' build argument 'ament_cmake_args' from command line to 'None'
[5.790s] Level 5:colcon.colcon_core.verb:set package 'my_first_package' build argument 'catkin_cmake_args' from command line to 'None'
[5.790s] Level 5:colcon.colcon_core.verb:set package 'my_first_package' build argument 'catkin_skip_building_tests' from command line to 'False'
[5.790s] DEBUG:colcon.colcon_core.verb:Building package 'my_first_package' with the following arguments: {'ament_cmake_args': None, 'build_base': '/home/keyur/empm809y_cpp/Cpp_projects/ROS2learn/rosprac809_ws/build/my_first_package', 'catkin_cmake_args': None, 'catkin_skip_building_tests': False, 'cmake_args': None, 'cmake_clean_cache': False, 'cmake_clean_first': False, 'cmake_force_configure': False, 'cmake_target': None, 'cmake_target_skip_unavailable': False, 'install_base': '/home/keyur/empm809y_cpp/Cpp_projects/ROS2learn/rosprac809_ws/install/my_first_package', 'merge_install': False, 'path': '/home/keyur/empm809y_cpp/Cpp_projects/ROS2learn/rosprac809_ws/src/my_first_package', 'symlink_install': False, 'test_result_base': None}
[5.832s] INFO:colcon.colcon_core.executor:Executing jobs using 'parallel' executor
[5.877s] DEBUG:colcon.colcon_parallel_executor.executor.parallel:run_until_complete
[5.877s] INFO:colcon.colcon_ros.task.ament_cmake.build:Building ROS package in '/home/keyur/empm809y_cpp/Cpp_projects/ROS2learn/rosprac809_ws/src/automated_vehicle' with build type 'ament_cmake'
[5.877s] INFO:colcon.colcon_cmake.task.cmake.build:Building CMake package in '/home/keyur/empm809y_cpp/Cpp_projects/ROS2learn/rosprac809_ws/src/automated_vehicle'
[5.951s] INFO:colcon.colcon_core.plugin_system:Skipping extension 'colcon_core.shell.bat': Not used on non-Windows systems
[5.951s] INFO:colcon.colcon_core.shell:Skip shell extension 'powershell' for command environment: Not usable outside of PowerShell
[5.952s] DEBUG:colcon.colcon_core.shell:Skip shell extension 'dsv' for command environment
[6.160s] INFO:colcon.colcon_ros.task.ament_cmake.build:Building ROS package in '/home/keyur/empm809y_cpp/Cpp_projects/ROS2learn/rosprac809_ws/src/my_first_package' with build type 'ament_cmake'
[6.161s] INFO:colcon.colcon_cmake.task.cmake.build:Building CMake package in '/home/keyur/empm809y_cpp/Cpp_projects/ROS2learn/rosprac809_ws/src/my_first_package'
[6.210s] INFO:colcon.colcon_core.shell:Skip shell extension 'powershell' for command environment: Not usable outside of PowerShell
[6.210s] DEBUG:colcon.colcon_core.shell:Skip shell extension 'dsv' for command environment
[6.618s] DEBUG:colcon.colcon_core.event_handler.log_command:Invoking command in '/home/keyur/empm809y_cpp/Cpp_projects/ROS2learn/rosprac809_ws/build/automated_vehicle': CMAKE_PREFIX_PATH=${CMAKE_PREFIX_PATH}:/opt/ros/galactic /usr/bin/cmake --build /home/keyur/empm809y_cpp/Cpp_projects/ROS2learn/rosprac809_ws/build/automated_vehicle -- -j8 -l8
[6.847s] DEBUG:colcon.colcon_core.event_handler.log_command:Invoking command in '/home/keyur/empm809y_cpp/Cpp_projects/ROS2learn/rosprac809_ws/build/my_first_package': CMAKE_PREFIX_PATH=${CMAKE_PREFIX_PATH}:/opt/ros/galactic /usr/bin/cmake --build /home/keyur/empm809y_cpp/Cpp_projects/ROS2learn/rosprac809_ws/build/my_first_package -- -j8 -l8
[8.841s] DEBUG:colcon.colcon_core.event_handler.log_command:Invoked command in '/home/keyur/empm809y_cpp/Cpp_projects/ROS2learn/rosprac809_ws/build/my_first_package' returned '0': CMAKE_PREFIX_PATH=${CMAKE_PREFIX_PATH}:/opt/ros/galactic /usr/bin/cmake --build /home/keyur/empm809y_cpp/Cpp_projects/ROS2learn/rosprac809_ws/build/my_first_package -- -j8 -l8
[8.905s] DEBUG:colcon.colcon_core.event_handler.log_command:Invoking command in '/home/keyur/empm809y_cpp/Cpp_projects/ROS2learn/rosprac809_ws/build/my_first_package': CMAKE_PREFIX_PATH=${CMAKE_PREFIX_PATH}:/opt/ros/galactic /usr/bin/cmake --install /home/keyur/empm809y_cpp/Cpp_projects/ROS2learn/rosprac809_ws/build/my_first_package
[9.377s] Level 1:colcon.colcon_core.environment:create_environment_scripts_only(my_first_package)
[9.379s] DEBUG:colcon.colcon_core.event_handler.log_command:Invoked command in '/home/keyur/empm809y_cpp/Cpp_projects/ROS2learn/rosprac809_ws/build/my_first_package' returned '0': CMAKE_PREFIX_PATH=${CMAKE_PREFIX_PATH}:/opt/ros/galactic /usr/bin/cmake --install /home/keyur/empm809y_cpp/Cpp_projects/ROS2learn/rosprac809_ws/build/my_first_package
[9.472s] Level 1:colcon.colcon_core.environment:checking '/home/keyur/empm809y_cpp/Cpp_projects/ROS2learn/rosprac809_ws/install/my_first_package' for CMake module files
[9.502s] Level 1:colcon.colcon_core.environment:checking '/home/keyur/empm809y_cpp/Cpp_projects/ROS2learn/rosprac809_ws/install/my_first_package' for CMake config files
[9.710s] Level 1:colcon.colcon_core.shell:create_environment_hook('my_first_package', 'cmake_prefix_path')
[9.796s] INFO:colcon.colcon_core.shell:Creating environment hook '/home/keyur/empm809y_cpp/Cpp_projects/ROS2learn/rosprac809_ws/install/my_first_package/share/my_first_package/hook/cmake_prefix_path.ps1'
[9.807s] INFO:colcon.colcon_core.shell:Creating environment descriptor '/home/keyur/empm809y_cpp/Cpp_projects/ROS2learn/rosprac809_ws/install/my_first_package/share/my_first_package/hook/cmake_prefix_path.dsv'
[9.825s] INFO:colcon.colcon_core.shell:Creating environment hook '/home/keyur/empm809y_cpp/Cpp_projects/ROS2learn/rosprac809_ws/install/my_first_package/share/my_first_package/hook/cmake_prefix_path.sh'
[9.827s] Level 1:colcon.colcon_core.environment:checking '/home/keyur/empm809y_cpp/Cpp_projects/ROS2learn/rosprac809_ws/install/my_first_package/lib'
[9.828s] Level 1:colcon.colcon_core.environment:checking '/home/keyur/empm809y_cpp/Cpp_projects/ROS2learn/rosprac809_ws/install/my_first_package/bin'
[9.828s] Level 1:colcon.colcon_core.environment:checking '/home/keyur/empm809y_cpp/Cpp_projects/ROS2learn/rosprac809_ws/install/my_first_package/lib/pkgconfig/my_first_package.pc'
[9.828s] Level 1:colcon.colcon_core.environment:checking '/home/keyur/empm809y_cpp/Cpp_projects/ROS2learn/rosprac809_ws/install/my_first_package/lib/python3.8/site-packages'
[9.828s] Level 1:colcon.colcon_core.environment:checking '/home/keyur/empm809y_cpp/Cpp_projects/ROS2learn/rosprac809_ws/install/my_first_package/bin'
[9.914s] INFO:colcon.colcon_core.shell:Creating package script '/home/keyur/empm809y_cpp/Cpp_projects/ROS2learn/rosprac809_ws/install/my_first_package/share/my_first_package/package.ps1'
[9.915s] INFO:colcon.colcon_core.shell:Creating package descriptor '/home/keyur/empm809y_cpp/Cpp_projects/ROS2learn/rosprac809_ws/install/my_first_package/share/my_first_package/package.dsv'
[9.917s] INFO:colcon.colcon_core.shell:Creating package script '/home/keyur/empm809y_cpp/Cpp_projects/ROS2learn/rosprac809_ws/install/my_first_package/share/my_first_package/package.sh'
[9.920s] INFO:colcon.colcon_core.shell:Creating package script '/home/keyur/empm809y_cpp/Cpp_projects/ROS2learn/rosprac809_ws/install/my_first_package/share/my_first_package/package.bash'
[9.963s] INFO:colcon.colcon_core.shell:Creating package script '/home/keyur/empm809y_cpp/Cpp_projects/ROS2learn/rosprac809_ws/install/my_first_package/share/my_first_package/package.zsh'
[9.970s] Level 1:colcon.colcon_core.environment:create_file_with_runtime_dependencies(/home/keyur/empm809y_cpp/Cpp_projects/ROS2learn/rosprac809_ws/install/my_first_package/share/colcon-core/packages/my_first_package)
[10.097s] Level 1:colcon.colcon_core.environment:create_environment_scripts_only(my_first_package)
[10.164s] Level 1:colcon.colcon_core.environment:checking '/home/keyur/empm809y_cpp/Cpp_projects/ROS2learn/rosprac809_ws/install/my_first_package' for CMake module files
[10.164s] Level 1:colcon.colcon_core.environment:checking '/home/keyur/empm809y_cpp/Cpp_projects/ROS2learn/rosprac809_ws/install/my_first_package' for CMake config files
[10.165s] Level 1:colcon.colcon_core.shell:create_environment_hook('my_first_package', 'cmake_prefix_path')
[10.231s] INFO:colcon.colcon_core.shell:Creating environment hook '/home/keyur/empm809y_cpp/Cpp_projects/ROS2learn/rosprac809_ws/install/my_first_package/share/my_first_package/hook/cmake_prefix_path.ps1'
[10.231s] INFO:colcon.colcon_core.shell:Creating environment descriptor '/home/keyur/empm809y_cpp/Cpp_projects/ROS2learn/rosprac809_ws/install/my_first_package/share/my_first_package/hook/cmake_prefix_path.dsv'
[10.232s] INFO:colcon.colcon_core.shell:Creating environment hook '/home/keyur/empm809y_cpp/Cpp_projects/ROS2learn/rosprac809_ws/install/my_first_package/share/my_first_package/hook/cmake_prefix_path.sh'
[10.233s] Level 1:colcon.colcon_core.environment:checking '/home/keyur/empm809y_cpp/Cpp_projects/ROS2learn/rosprac809_ws/install/my_first_package/lib'
[10.233s] Level 1:colcon.colcon_core.environment:checking '/home/keyur/empm809y_cpp/Cpp_projects/ROS2learn/rosprac809_ws/install/my_first_package/bin'
[10.233s] Level 1:colcon.colcon_core.environment:checking '/home/keyur/empm809y_cpp/Cpp_projects/ROS2learn/rosprac809_ws/install/my_first_package/lib/pkgconfig/my_first_package.pc'
[10.233s] Level 1:colcon.colcon_core.environment:checking '/home/keyur/empm809y_cpp/Cpp_projects/ROS2learn/rosprac809_ws/install/my_first_package/lib/python3.8/site-packages'
[10.234s] Level 1:colcon.colcon_core.environment:checking '/home/keyur/empm809y_cpp/Cpp_projects/ROS2learn/rosprac809_ws/install/my_first_package/bin'
[10.322s] INFO:colcon.colcon_core.shell:Creating package script '/home/keyur/empm809y_cpp/Cpp_projects/ROS2learn/rosprac809_ws/install/my_first_package/share/my_first_package/package.ps1'
[10.323s] INFO:colcon.colcon_core.shell:Creating package descriptor '/home/keyur/empm809y_cpp/Cpp_projects/ROS2learn/rosprac809_ws/install/my_first_package/share/my_first_package/package.dsv'
[10.324s] INFO:colcon.colcon_core.shell:Creating package script '/home/keyur/empm809y_cpp/Cpp_projects/ROS2learn/rosprac809_ws/install/my_first_package/share/my_first_package/package.sh'
[10.324s] INFO:colcon.colcon_core.shell:Creating package script '/home/keyur/empm809y_cpp/Cpp_projects/ROS2learn/rosprac809_ws/install/my_first_package/share/my_first_package/package.bash'
[10.325s] INFO:colcon.colcon_core.shell:Creating package script '/home/keyur/empm809y_cpp/Cpp_projects/ROS2learn/rosprac809_ws/install/my_first_package/share/my_first_package/package.zsh'
[10.325s] Level 1:colcon.colcon_core.environment:create_file_with_runtime_dependencies(/home/keyur/empm809y_cpp/Cpp_projects/ROS2learn/rosprac809_ws/install/my_first_package/share/colcon-core/packages/my_first_package)
[22.597s] DEBUG:colcon.colcon_core.event_handler.log_command:Invoked command in '/home/keyur/empm809y_cpp/Cpp_projects/ROS2learn/rosprac809_ws/build/automated_vehicle' returned '2': CMAKE_PREFIX_PATH=${CMAKE_PREFIX_PATH}:/opt/ros/galactic /usr/bin/cmake --build /home/keyur/empm809y_cpp/Cpp_projects/ROS2learn/rosprac809_ws/build/automated_vehicle -- -j8 -l8
[22.710s] Level 1:colcon.colcon_core.environment:create_environment_scripts_only(automated_vehicle)
[22.772s] Level 1:colcon.colcon_core.environment:checking '/home/keyur/empm809y_cpp/Cpp_projects/ROS2learn/rosprac809_ws/install/automated_vehicle' for CMake module files
[22.773s] Level 1:colcon.colcon_core.environment:checking '/home/keyur/empm809y_cpp/Cpp_projects/ROS2learn/rosprac809_ws/install/automated_vehicle' for CMake config files
[22.773s] Level 1:colcon.colcon_core.shell:create_environment_hook('automated_vehicle', 'cmake_prefix_path')
[22.827s] INFO:colcon.colcon_core.shell:Creating environment hook '/home/keyur/empm809y_cpp/Cpp_projects/ROS2learn/rosprac809_ws/install/automated_vehicle/share/automated_vehicle/hook/cmake_prefix_path.ps1'
[22.827s] INFO:colcon.colcon_core.shell:Creating environment descriptor '/home/keyur/empm809y_cpp/Cpp_projects/ROS2learn/rosprac809_ws/install/automated_vehicle/share/automated_vehicle/hook/cmake_prefix_path.dsv'
[22.828s] INFO:colcon.colcon_core.shell:Creating environment hook '/home/keyur/empm809y_cpp/Cpp_projects/ROS2learn/rosprac809_ws/install/automated_vehicle/share/automated_vehicle/hook/cmake_prefix_path.sh'
[22.828s] Level 1:colcon.colcon_core.environment:checking '/home/keyur/empm809y_cpp/Cpp_projects/ROS2learn/rosprac809_ws/install/automated_vehicle/bin'
[22.828s] Level 1:colcon.colcon_core.environment:checking '/home/keyur/empm809y_cpp/Cpp_projects/ROS2learn/rosprac809_ws/install/automated_vehicle/lib/pkgconfig/automated_vehicle.pc'
[22.829s] Level 1:colcon.colcon_core.environment:checking '/home/keyur/empm809y_cpp/Cpp_projects/ROS2learn/rosprac809_ws/install/automated_vehicle/lib/python3.8/site-packages'
[22.829s] Level 1:colcon.colcon_core.environment:checking '/home/keyur/empm809y_cpp/Cpp_projects/ROS2learn/rosprac809_ws/install/automated_vehicle/bin'
[22.879s] INFO:colcon.colcon_core.shell:Creating package script '/home/keyur/empm809y_cpp/Cpp_projects/ROS2learn/rosprac809_ws/install/automated_vehicle/share/automated_vehicle/package.ps1'
[22.880s] INFO:colcon.colcon_core.shell:Creating package descriptor '/home/keyur/empm809y_cpp/Cpp_projects/ROS2learn/rosprac809_ws/install/automated_vehicle/share/automated_vehicle/package.dsv'
[22.880s] INFO:colcon.colcon_core.shell:Creating package script '/home/keyur/empm809y_cpp/Cpp_projects/ROS2learn/rosprac809_ws/install/automated_vehicle/share/automated_vehicle/package.sh'
[22.880s] INFO:colcon.colcon_core.shell:Creating package script '/home/keyur/empm809y_cpp/Cpp_projects/ROS2learn/rosprac809_ws/install/automated_vehicle/share/automated_vehicle/package.bash'
[22.881s] INFO:colcon.colcon_core.shell:Creating package script '/home/keyur/empm809y_cpp/Cpp_projects/ROS2learn/rosprac809_ws/install/automated_vehicle/share/automated_vehicle/package.zsh'
[22.881s] Level 1:colcon.colcon_core.environment:create_file_with_runtime_dependencies(/home/keyur/empm809y_cpp/Cpp_projects/ROS2learn/rosprac809_ws/install/automated_vehicle/share/colcon-core/packages/automated_vehicle)
[22.892s] DEBUG:colcon.colcon_parallel_executor.executor.parallel:closing loop
[22.892s] DEBUG:colcon.colcon_parallel_executor.executor.parallel:loop closed
[22.892s] DEBUG:colcon.colcon_parallel_executor.executor.parallel:run_until_complete finished with '2'
[22.892s] DEBUG:colcon.colcon_core.event_reactor:joining thread
[23.213s] INFO:colcon.colcon_core.plugin_system:Skipping extension 'colcon_notification.desktop_notification.terminal_notifier': Not used on non-Darwin systems
[23.213s] INFO:colcon.colcon_core.plugin_system:Skipping extension 'colcon_notification.desktop_notification.win32': Not used on non-Windows systems
[23.214s] INFO:colcon.colcon_notification.desktop_notification:Sending desktop notification using 'notify2'
[23.255s] DEBUG:colcon.colcon_core.event_reactor:joined thread
[23.362s] INFO:colcon.colcon_core.shell:Creating prefix script '/home/keyur/empm809y_cpp/Cpp_projects/ROS2learn/rosprac809_ws/install/local_setup.ps1'
[23.398s] INFO:colcon.colcon_core.shell:Creating prefix util module '/home/keyur/empm809y_cpp/Cpp_projects/ROS2learn/rosprac809_ws/install/_local_setup_util_ps1.py'
[23.456s] INFO:colcon.colcon_core.shell:Creating prefix chain script '/home/keyur/empm809y_cpp/Cpp_projects/ROS2learn/rosprac809_ws/install/setup.ps1'
[23.565s] INFO:colcon.colcon_core.shell:Creating prefix script '/home/keyur/empm809y_cpp/Cpp_projects/ROS2learn/rosprac809_ws/install/local_setup.sh'
[23.627s] INFO:colcon.colcon_core.shell:Creating prefix util module '/home/keyur/empm809y_cpp/Cpp_projects/ROS2learn/rosprac809_ws/install/_local_setup_util_sh.py'
[23.629s] INFO:colcon.colcon_core.shell:Creating prefix chain script '/home/keyur/empm809y_cpp/Cpp_projects/ROS2learn/rosprac809_ws/install/setup.sh'
[23.761s] INFO:colcon.colcon_core.shell:Creating prefix script '/home/keyur/empm809y_cpp/Cpp_projects/ROS2learn/rosprac809_ws/install/local_setup.bash'
[23.819s] INFO:colcon.colcon_core.shell:Creating prefix chain script '/home/keyur/empm809y_cpp/Cpp_projects/ROS2learn/rosprac809_ws/install/setup.bash'
[23.928s] INFO:colcon.colcon_core.shell:Creating prefix script '/home/keyur/empm809y_cpp/Cpp_projects/ROS2learn/rosprac809_ws/install/local_setup.zsh'
[23.988s] INFO:colcon.colcon_core.shell:Creating prefix chain script '/home/keyur/empm809y_cpp/Cpp_projects/ROS2learn/rosprac809_ws/install/setup.zsh'
