[3.601s] DEBUG:colcon:Command line arguments: ['/usr/bin/colcon', 'build']
[3.601s] DEBUG:colcon:Parsed command line arguments: Namespace(allow_overriding=[], ament_cmake_args=None, base_paths=['.'], build_base='build', catkin_cmake_args=None, catkin_skip_building_tests=False, cmake_args=None, cmake_clean_cache=False, cmake_clean_first=False, cmake_force_configure=False, cmake_target=None, cmake_target_skip_unavailable=False, continue_on_error=False, event_handlers=None, executor='parallel', ignore_user_meta=False, install_base='install', log_base=None, log_level=None, main=<bound method BuildVerb.main of <colcon_core.verb.build.BuildVerb object at 0x7f9bde04c4c0>>, merge_install=False, metas=['./colcon.meta'], packages_above=None, packages_above_and_dependencies=None, packages_above_depth=None, packages_end=None, packages_ignore=None, packages_ignore_regex=None, packages_select=None, packages_select_build_failed=False, packages_select_by_dep=None, packages_select_regex=None, packages_select_test_failures=False, packages_skip=None, packages_skip_build_finished=False, packages_skip_by_dep=None, packages_skip_regex=None, packages_skip_test_passed=False, packages_skip_up_to=None, packages_start=None, packages_up_to=None, packages_up_to_regex=None, parallel_workers=8, paths=None, symlink_install=False, test_result_base=None, verb_extension=<colcon_core.verb.build.BuildVerb object at 0x7f9bde04c4c0>, verb_name='build', verb_parser=<colcon_defaults.argument_parser.defaults.DefaultArgumentsDecorator object at 0x7f9bde04c820>)
[4.619s] Level 1:colcon.colcon_core.package_discovery:discover_packages(colcon_meta) check parameters
[4.619s] Level 1:colcon.colcon_core.package_discovery:discover_packages(recursive) check parameters
[4.619s] Level 1:colcon.colcon_core.package_discovery:discover_packages(ignore) check parameters
[4.619s] Level 1:colcon.colcon_core.package_discovery:discover_packages(path) check parameters
[4.619s] Level 1:colcon.colcon_core.package_discovery:discover_packages(colcon_meta) discover
[4.620s] Level 1:colcon.colcon_core.package_discovery:discover_packages(recursive) discover
[4.620s] INFO:colcon.colcon_core.package_discovery:Crawling recursively for packages in '/home/keyur/empm809y_cpp/Cpp_projects/ROS2learn/rosprac809_ws'
[4.620s] Level 1:colcon.colcon_core.package_identification:_identify(.) by extensions ['ignore', 'ignore_ament_install']
[4.620s] Level 1:colcon.colcon_core.package_identification:_identify(.) by extension 'ignore'
[4.620s] Level 1:colcon.colcon_core.package_identification:_identify(.) by extension 'ignore_ament_install'
[4.621s] Level 1:colcon.colcon_core.package_identification:_identify(.) by extensions ['colcon_pkg']
[4.621s] Level 1:colcon.colcon_core.package_identification:_identify(.) by extension 'colcon_pkg'
[4.621s] Level 1:colcon.colcon_core.package_identification:_identify(.) by extensions ['colcon_meta']
[4.621s] Level 1:colcon.colcon_core.package_identification:_identify(.) by extension 'colcon_meta'
[4.621s] Level 1:colcon.colcon_core.package_identification:_identify(.) by extensions ['ros']
[4.621s] Level 1:colcon.colcon_core.package_identification:_identify(.) by extension 'ros'
[4.717s] Level 1:colcon.colcon_core.package_identification:_identify(.) by extensions ['cmake', 'python']
[4.717s] Level 1:colcon.colcon_core.package_identification:_identify(.) by extension 'cmake'
[4.717s] Level 1:colcon.colcon_core.package_identification:_identify(.) by extension 'python'
[4.717s] Level 1:colcon.colcon_core.package_identification:_identify(.) by extensions ['python_setup_py']
[4.718s] Level 1:colcon.colcon_core.package_identification:_identify(.) by extension 'python_setup_py'
[4.718s] Level 1:colcon.colcon_core.package_identification:_identify(build) by extensions ['ignore', 'ignore_ament_install']
[4.718s] Level 1:colcon.colcon_core.package_identification:_identify(build) by extension 'ignore'
[4.719s] Level 1:colcon.colcon_core.package_identification:_identify(build) ignored
[4.720s] Level 1:colcon.colcon_core.package_identification:_identify(install) by extensions ['ignore', 'ignore_ament_install']
[4.720s] Level 1:colcon.colcon_core.package_identification:_identify(install) by extension 'ignore'
[4.720s] Level 1:colcon.colcon_core.package_identification:_identify(install) ignored
[4.721s] Level 1:colcon.colcon_core.package_identification:_identify(log) by extensions ['ignore', 'ignore_ament_install']
[4.721s] Level 1:colcon.colcon_core.package_identification:_identify(log) by extension 'ignore'
[4.721s] Level 1:colcon.colcon_core.package_identification:_identify(log) ignored
[4.722s] Level 1:colcon.colcon_core.package_identification:_identify(src) by extensions ['ignore', 'ignore_ament_install']
[4.722s] Level 1:colcon.colcon_core.package_identification:_identify(src) by extension 'ignore'
[4.722s] Level 1:colcon.colcon_core.package_identification:_identify(src) by extension 'ignore_ament_install'
[4.722s] Level 1:colcon.colcon_core.package_identification:_identify(src) by extensions ['colcon_pkg']
[4.722s] Level 1:colcon.colcon_core.package_identification:_identify(src) by extension 'colcon_pkg'
[4.722s] Level 1:colcon.colcon_core.package_identification:_identify(src) by extensions ['colcon_meta']
[4.722s] Level 1:colcon.colcon_core.package_identification:_identify(src) by extension 'colcon_meta'
[4.722s] Level 1:colcon.colcon_core.package_identification:_identify(src) by extensions ['ros']
[4.722s] Level 1:colcon.colcon_core.package_identification:_identify(src) by extension 'ros'
[4.723s] Level 1:colcon.colcon_core.package_identification:_identify(src) by extensions ['cmake', 'python']
[4.723s] Level 1:colcon.colcon_core.package_identification:_identify(src) by extension 'cmake'
[4.723s] Level 1:colcon.colcon_core.package_identification:_identify(src) by extension 'python'
[4.723s] Level 1:colcon.colcon_core.package_identification:_identify(src) by extensions ['python_setup_py']
[4.723s] Level 1:colcon.colcon_core.package_identification:_identify(src) by extension 'python_setup_py'
[4.723s] Level 1:colcon.colcon_core.package_identification:_identify(src/automated_vehicle) by extensions ['ignore', 'ignore_ament_install']
[4.723s] Level 1:colcon.colcon_core.package_identification:_identify(src/automated_vehicle) by extension 'ignore'
[4.723s] Level 1:colcon.colcon_core.package_identification:_identify(src/automated_vehicle) by extension 'ignore_ament_install'
[4.724s] Level 1:colcon.colcon_core.package_identification:_identify(src/automated_vehicle) by extensions ['colcon_pkg']
[4.724s] Level 1:colcon.colcon_core.package_identification:_identify(src/automated_vehicle) by extension 'colcon_pkg'
[4.724s] Level 1:colcon.colcon_core.package_identification:_identify(src/automated_vehicle) by extensions ['colcon_meta']
[4.724s] Level 1:colcon.colcon_core.package_identification:_identify(src/automated_vehicle) by extension 'colcon_meta'
[4.724s] Level 1:colcon.colcon_core.package_identification:_identify(src/automated_vehicle) by extensions ['ros']
[4.724s] Level 1:colcon.colcon_core.package_identification:_identify(src/automated_vehicle) by extension 'ros'
[4.739s] DEBUG:colcon.colcon_core.package_identification:Package 'src/automated_vehicle' with type 'ros.ament_cmake' and name 'automated_vehicle'
[4.740s] Level 1:colcon.colcon_core.package_identification:_identify(src/my_first_package) by extensions ['ignore', 'ignore_ament_install']
[4.740s] Level 1:colcon.colcon_core.package_identification:_identify(src/my_first_package) by extension 'ignore'
[4.740s] Level 1:colcon.colcon_core.package_identification:_identify(src/my_first_package) by extension 'ignore_ament_install'
[4.740s] Level 1:colcon.colcon_core.package_identification:_identify(src/my_first_package) by extensions ['colcon_pkg']
[4.740s] Level 1:colcon.colcon_core.package_identification:_identify(src/my_first_package) by extension 'colcon_pkg'
[4.740s] Level 1:colcon.colcon_core.package_identification:_identify(src/my_first_package) by extensions ['colcon_meta']
[4.740s] Level 1:colcon.colcon_core.package_identification:_identify(src/my_first_package) by extension 'colcon_meta'
[4.740s] Level 1:colcon.colcon_core.package_identification:_identify(src/my_first_package) by extensions ['ros']
[4.740s] Level 1:colcon.colcon_core.package_identification:_identify(src/my_first_package) by extension 'ros'
[4.769s] DEBUG:colcon.colcon_core.package_identification:Package 'src/my_first_package' with type 'ros.ament_cmake' and name 'my_first_package'
[4.770s] Level 1:colcon.colcon_core.package_discovery:discover_packages(recursive) using defaults
[4.770s] Level 1:colcon.colcon_core.package_discovery:discover_packages(ignore) discover
[4.771s] Level 1:colcon.colcon_core.package_discovery:discover_packages(ignore) using defaults
[4.771s] Level 1:colcon.colcon_core.package_discovery:discover_packages(path) discover
[4.771s] Level 1:colcon.colcon_core.package_discovery:discover_packages(path) using defaults
[5.221s] Level 1:colcon.colcon_core.package_discovery:discover_packages(prefix_path) check parameters
[5.221s] Level 1:colcon.colcon_core.package_discovery:discover_packages(prefix_path) discover
[5.406s] DEBUG:colcon.colcon_installed_package_information.package_discovery:Found 2 installed packages in /home/keyur/empm809y_cpp/Cpp_projects/ROS2learn/rosprac809_ws/install
[5.482s] DEBUG:colcon.colcon_installed_package_information.package_discovery:Found 2 installed packages in /home/keyur/ros809_ws/install
[5.561s] DEBUG:colcon.colcon_installed_package_information.package_discovery:Found 329 installed packages in /opt/ros/galactic
[5.564s] Level 1:colcon.colcon_core.package_discovery:discover_packages(prefix_path) using defaults
[6.717s] Level 5:colcon.colcon_core.verb:set package 'automated_vehicle' build argument 'cmake_args' from command line to 'None'
[6.717s] Level 5:colcon.colcon_core.verb:set package 'automated_vehicle' build argument 'cmake_target' from command line to 'None'
[6.717s] Level 5:colcon.colcon_core.verb:set package 'automated_vehicle' build argument 'cmake_target_skip_unavailable' from command line to 'False'
[6.717s] Level 5:colcon.colcon_core.verb:set package 'automated_vehicle' build argument 'cmake_clean_cache' from command line to 'False'
[6.717s] Level 5:colcon.colcon_core.verb:set package 'automated_vehicle' build argument 'cmake_clean_first' from command line to 'False'
[6.717s] Level 5:colcon.colcon_core.verb:set package 'automated_vehicle' build argument 'cmake_force_configure' from command line to 'False'
[6.717s] Level 5:colcon.colcon_core.verb:set package 'automated_vehicle' build argument 'ament_cmake_args' from command line to 'None'
[6.717s] Level 5:colcon.colcon_core.verb:set package 'automated_vehicle' build argument 'catkin_cmake_args' from command line to 'None'
[6.717s] Level 5:colcon.colcon_core.verb:set package 'automated_vehicle' build argument 'catkin_skip_building_tests' from command line to 'False'
[6.717s] DEBUG:colcon.colcon_core.verb:Building package 'automated_vehicle' with the following arguments: {'ament_cmake_args': None, 'build_base': '/home/keyur/empm809y_cpp/Cpp_projects/ROS2learn/rosprac809_ws/build/automated_vehicle', 'catkin_cmake_args': None, 'catkin_skip_building_tests': False, 'cmake_args': None, 'cmake_clean_cache': False, 'cmake_clean_first': False, 'cmake_force_configure': False, 'cmake_target': None, 'cmake_target_skip_unavailable': False, 'install_base': '/home/keyur/empm809y_cpp/Cpp_projects/ROS2learn/rosprac809_ws/install/automated_vehicle', 'merge_install': False, 'path': '/home/keyur/empm809y_cpp/Cpp_projects/ROS2learn/rosprac809_ws/src/automated_vehicle', 'symlink_install': False, 'test_result_base': None}
[6.769s] Level 5:colcon.colcon_core.verb:set package 'my_first_package' build argument 'cmake_args' from command line to 'None'
[6.769s] Level 5:colcon.colcon_core.verb:set package 'my_first_package' build argument 'cmake_target' from command line to 'None'
[6.769s] Level 5:colcon.colcon_core.verb:set package 'my_first_package' build argument 'cmake_target_skip_unavailable' from command line to 'False'
[6.769s] Level 5:colcon.colcon_core.verb:set package 'my_first_package' build argument 'cmake_clean_cache' from command line to 'False'
[6.769s] Level 5:colcon.colcon_core.verb:set package 'my_first_package' build argument 'cmake_clean_first' from command line to 'False'
[6.769s] Level 5:colcon.colcon_core.verb:set package 'my_first_package' build argument 'cmake_force_configure' from command line to 'False'
[6.769s] Level 5:colcon.colcon_core.verb:set package 'my_first_package' build argument 'ament_cmake_args' from command line to 'None'
[6.769s] Level 5:colcon.colcon_core.verb:set package 'my_first_package' build argument 'catkin_cmake_args' from command line to 'None'
[6.769s] Level 5:colcon.colcon_core.verb:set package 'my_first_package' build argument 'catkin_skip_building_tests' from command line to 'False'
[6.769s] DEBUG:colcon.colcon_core.verb:Building package 'my_first_package' with the following arguments: {'ament_cmake_args': None, 'build_base': '/home/keyur/empm809y_cpp/Cpp_projects/ROS2learn/rosprac809_ws/build/my_first_package', 'catkin_cmake_args': None, 'catkin_skip_building_tests': False, 'cmake_args': None, 'cmake_clean_cache': False, 'cmake_clean_first': False, 'cmake_force_configure': False, 'cmake_target': None, 'cmake_target_skip_unavailable': False, 'install_base': '/home/keyur/empm809y_cpp/Cpp_projects/ROS2learn/rosprac809_ws/install/my_first_package', 'merge_install': False, 'path': '/home/keyur/empm809y_cpp/Cpp_projects/ROS2learn/rosprac809_ws/src/my_first_package', 'symlink_install': False, 'test_result_base': None}
[6.820s] INFO:colcon.colcon_core.executor:Executing jobs using 'parallel' executor
[6.873s] DEBUG:colcon.colcon_parallel_executor.executor.parallel:run_until_complete
[6.874s] INFO:colcon.colcon_ros.task.ament_cmake.build:Building ROS package in '/home/keyur/empm809y_cpp/Cpp_projects/ROS2learn/rosprac809_ws/src/automated_vehicle' with build type 'ament_cmake'
[6.874s] INFO:colcon.colcon_cmake.task.cmake.build:Building CMake package in '/home/keyur/empm809y_cpp/Cpp_projects/ROS2learn/rosprac809_ws/src/automated_vehicle'
[6.933s] INFO:colcon.colcon_core.plugin_system:Skipping extension 'colcon_core.shell.bat': Not used on non-Windows systems
[6.934s] INFO:colcon.colcon_core.shell:Skip shell extension 'powershell' for command environment: Not usable outside of PowerShell
[6.934s] DEBUG:colcon.colcon_core.shell:Skip shell extension 'dsv' for command environment
[7.172s] INFO:colcon.colcon_ros.task.ament_cmake.build:Building ROS package in '/home/keyur/empm809y_cpp/Cpp_projects/ROS2learn/rosprac809_ws/src/my_first_package' with build type 'ament_cmake'
[7.172s] INFO:colcon.colcon_cmake.task.cmake.build:Building CMake package in '/home/keyur/empm809y_cpp/Cpp_projects/ROS2learn/rosprac809_ws/src/my_first_package'
[7.234s] INFO:colcon.colcon_core.shell:Skip shell extension 'powershell' for command environment: Not usable outside of PowerShell
[7.234s] DEBUG:colcon.colcon_core.shell:Skip shell extension 'dsv' for command environment
[7.716s] DEBUG:colcon.colcon_core.event_handler.log_command:Invoking command in '/home/keyur/empm809y_cpp/Cpp_projects/ROS2learn/rosprac809_ws/build/automated_vehicle': CMAKE_PREFIX_PATH=${CMAKE_PREFIX_PATH}:/opt/ros/galactic /usr/bin/cmake --build /home/keyur/empm809y_cpp/Cpp_projects/ROS2learn/rosprac809_ws/build/automated_vehicle -- -j8 -l8
[8.094s] DEBUG:colcon.colcon_core.event_handler.log_command:Invoking command in '/home/keyur/empm809y_cpp/Cpp_projects/ROS2learn/rosprac809_ws/build/my_first_package': CMAKE_PREFIX_PATH=${CMAKE_PREFIX_PATH}:/opt/ros/galactic /usr/bin/cmake --build /home/keyur/empm809y_cpp/Cpp_projects/ROS2learn/rosprac809_ws/build/my_first_package -- -j8 -l8
[13.856s] DEBUG:colcon.colcon_core.event_handler.log_command:Invoked command in '/home/keyur/empm809y_cpp/Cpp_projects/ROS2learn/rosprac809_ws/build/my_first_package' returned '0': CMAKE_PREFIX_PATH=${CMAKE_PREFIX_PATH}:/opt/ros/galactic /usr/bin/cmake --build /home/keyur/empm809y_cpp/Cpp_projects/ROS2learn/rosprac809_ws/build/my_first_package -- -j8 -l8
[13.927s] DEBUG:colcon.colcon_core.event_handler.log_command:Invoking command in '/home/keyur/empm809y_cpp/Cpp_projects/ROS2learn/rosprac809_ws/build/my_first_package': CMAKE_PREFIX_PATH=${CMAKE_PREFIX_PATH}:/opt/ros/galactic /usr/bin/cmake --install /home/keyur/empm809y_cpp/Cpp_projects/ROS2learn/rosprac809_ws/build/my_first_package
[14.027s] Level 1:colcon.colcon_core.environment:create_environment_scripts_only(my_first_package)
[14.028s] DEBUG:colcon.colcon_core.event_handler.log_command:Invoked command in '/home/keyur/empm809y_cpp/Cpp_projects/ROS2learn/rosprac809_ws/build/my_first_package' returned '0': CMAKE_PREFIX_PATH=${CMAKE_PREFIX_PATH}:/opt/ros/galactic /usr/bin/cmake --install /home/keyur/empm809y_cpp/Cpp_projects/ROS2learn/rosprac809_ws/build/my_first_package
[14.124s] Level 1:colcon.colcon_core.environment:checking '/home/keyur/empm809y_cpp/Cpp_projects/ROS2learn/rosprac809_ws/install/my_first_package' for CMake module files
[14.126s] Level 1:colcon.colcon_core.environment:checking '/home/keyur/empm809y_cpp/Cpp_projects/ROS2learn/rosprac809_ws/install/my_first_package' for CMake config files
[14.127s] Level 1:colcon.colcon_core.shell:create_environment_hook('my_first_package', 'cmake_prefix_path')
[14.209s] INFO:colcon.colcon_core.shell:Creating environment hook '/home/keyur/empm809y_cpp/Cpp_projects/ROS2learn/rosprac809_ws/install/my_first_package/share/my_first_package/hook/cmake_prefix_path.ps1'
[14.225s] INFO:colcon.colcon_core.shell:Creating environment descriptor '/home/keyur/empm809y_cpp/Cpp_projects/ROS2learn/rosprac809_ws/install/my_first_package/share/my_first_package/hook/cmake_prefix_path.dsv'
[14.226s] INFO:colcon.colcon_core.shell:Creating environment hook '/home/keyur/empm809y_cpp/Cpp_projects/ROS2learn/rosprac809_ws/install/my_first_package/share/my_first_package/hook/cmake_prefix_path.sh'
[14.229s] Level 1:colcon.colcon_core.environment:checking '/home/keyur/empm809y_cpp/Cpp_projects/ROS2learn/rosprac809_ws/install/my_first_package/lib'
[14.229s] Level 1:colcon.colcon_core.environment:checking '/home/keyur/empm809y_cpp/Cpp_projects/ROS2learn/rosprac809_ws/install/my_first_package/bin'
[14.229s] Level 1:colcon.colcon_core.environment:checking '/home/keyur/empm809y_cpp/Cpp_projects/ROS2learn/rosprac809_ws/install/my_first_package/lib/pkgconfig/my_first_package.pc'
[14.230s] Level 1:colcon.colcon_core.environment:checking '/home/keyur/empm809y_cpp/Cpp_projects/ROS2learn/rosprac809_ws/install/my_first_package/lib/python3.8/site-packages'
[14.230s] Level 1:colcon.colcon_core.environment:checking '/home/keyur/empm809y_cpp/Cpp_projects/ROS2learn/rosprac809_ws/install/my_first_package/bin'
[14.307s] INFO:colcon.colcon_core.shell:Creating package script '/home/keyur/empm809y_cpp/Cpp_projects/ROS2learn/rosprac809_ws/install/my_first_package/share/my_first_package/package.ps1'
[14.309s] INFO:colcon.colcon_core.shell:Creating package descriptor '/home/keyur/empm809y_cpp/Cpp_projects/ROS2learn/rosprac809_ws/install/my_first_package/share/my_first_package/package.dsv'
[14.310s] INFO:colcon.colcon_core.shell:Creating package script '/home/keyur/empm809y_cpp/Cpp_projects/ROS2learn/rosprac809_ws/install/my_first_package/share/my_first_package/package.sh'
[14.312s] INFO:colcon.colcon_core.shell:Creating package script '/home/keyur/empm809y_cpp/Cpp_projects/ROS2learn/rosprac809_ws/install/my_first_package/share/my_first_package/package.bash'
[14.326s] INFO:colcon.colcon_core.shell:Creating package script '/home/keyur/empm809y_cpp/Cpp_projects/ROS2learn/rosprac809_ws/install/my_first_package/share/my_first_package/package.zsh'
[14.353s] Level 1:colcon.colcon_core.environment:create_file_with_runtime_dependencies(/home/keyur/empm809y_cpp/Cpp_projects/ROS2learn/rosprac809_ws/install/my_first_package/share/colcon-core/packages/my_first_package)
[14.486s] Level 1:colcon.colcon_core.environment:create_environment_scripts_only(my_first_package)
[14.566s] Level 1:colcon.colcon_core.environment:checking '/home/keyur/empm809y_cpp/Cpp_projects/ROS2learn/rosprac809_ws/install/my_first_package' for CMake module files
[14.567s] Level 1:colcon.colcon_core.environment:checking '/home/keyur/empm809y_cpp/Cpp_projects/ROS2learn/rosprac809_ws/install/my_first_package' for CMake config files
[14.569s] Level 1:colcon.colcon_core.shell:create_environment_hook('my_first_package', 'cmake_prefix_path')
[14.660s] INFO:colcon.colcon_core.shell:Creating environment hook '/home/keyur/empm809y_cpp/Cpp_projects/ROS2learn/rosprac809_ws/install/my_first_package/share/my_first_package/hook/cmake_prefix_path.ps1'
[14.661s] INFO:colcon.colcon_core.shell:Creating environment descriptor '/home/keyur/empm809y_cpp/Cpp_projects/ROS2learn/rosprac809_ws/install/my_first_package/share/my_first_package/hook/cmake_prefix_path.dsv'
[14.663s] INFO:colcon.colcon_core.shell:Creating environment hook '/home/keyur/empm809y_cpp/Cpp_projects/ROS2learn/rosprac809_ws/install/my_first_package/share/my_first_package/hook/cmake_prefix_path.sh'
[14.664s] Level 1:colcon.colcon_core.environment:checking '/home/keyur/empm809y_cpp/Cpp_projects/ROS2learn/rosprac809_ws/install/my_first_package/lib'
[14.665s] Level 1:colcon.colcon_core.environment:checking '/home/keyur/empm809y_cpp/Cpp_projects/ROS2learn/rosprac809_ws/install/my_first_package/bin'
[14.665s] Level 1:colcon.colcon_core.environment:checking '/home/keyur/empm809y_cpp/Cpp_projects/ROS2learn/rosprac809_ws/install/my_first_package/lib/pkgconfig/my_first_package.pc'
[14.666s] Level 1:colcon.colcon_core.environment:checking '/home/keyur/empm809y_cpp/Cpp_projects/ROS2learn/rosprac809_ws/install/my_first_package/lib/python3.8/site-packages'
[14.666s] Level 1:colcon.colcon_core.environment:checking '/home/keyur/empm809y_cpp/Cpp_projects/ROS2learn/rosprac809_ws/install/my_first_package/bin'
[14.757s] INFO:colcon.colcon_core.shell:Creating package script '/home/keyur/empm809y_cpp/Cpp_projects/ROS2learn/rosprac809_ws/install/my_first_package/share/my_first_package/package.ps1'
[14.758s] INFO:colcon.colcon_core.shell:Creating package descriptor '/home/keyur/empm809y_cpp/Cpp_projects/ROS2learn/rosprac809_ws/install/my_first_package/share/my_first_package/package.dsv'
[14.759s] INFO:colcon.colcon_core.shell:Creating package script '/home/keyur/empm809y_cpp/Cpp_projects/ROS2learn/rosprac809_ws/install/my_first_package/share/my_first_package/package.sh'
[14.760s] INFO:colcon.colcon_core.shell:Creating package script '/home/keyur/empm809y_cpp/Cpp_projects/ROS2learn/rosprac809_ws/install/my_first_package/share/my_first_package/package.bash'
[14.761s] INFO:colcon.colcon_core.shell:Creating package script '/home/keyur/empm809y_cpp/Cpp_projects/ROS2learn/rosprac809_ws/install/my_first_package/share/my_first_package/package.zsh'
[14.762s] Level 1:colcon.colcon_core.environment:create_file_with_runtime_dependencies(/home/keyur/empm809y_cpp/Cpp_projects/ROS2learn/rosprac809_ws/install/my_first_package/share/colcon-core/packages/my_first_package)
[19.173s] DEBUG:colcon.colcon_core.event_handler.log_command:Invoked command in '/home/keyur/empm809y_cpp/Cpp_projects/ROS2learn/rosprac809_ws/build/automated_vehicle' returned '0': CMAKE_PREFIX_PATH=${CMAKE_PREFIX_PATH}:/opt/ros/galactic /usr/bin/cmake --build /home/keyur/empm809y_cpp/Cpp_projects/ROS2learn/rosprac809_ws/build/automated_vehicle -- -j8 -l8
[19.220s] DEBUG:colcon.colcon_core.event_handler.log_command:Invoking command in '/home/keyur/empm809y_cpp/Cpp_projects/ROS2learn/rosprac809_ws/build/automated_vehicle': CMAKE_PREFIX_PATH=${CMAKE_PREFIX_PATH}:/opt/ros/galactic /usr/bin/cmake --install /home/keyur/empm809y_cpp/Cpp_projects/ROS2learn/rosprac809_ws/build/automated_vehicle
[19.304s] Level 1:colcon.colcon_core.environment:create_environment_scripts_only(automated_vehicle)
[19.307s] DEBUG:colcon.colcon_core.event_handler.log_command:Invoked command in '/home/keyur/empm809y_cpp/Cpp_projects/ROS2learn/rosprac809_ws/build/automated_vehicle' returned '0': CMAKE_PREFIX_PATH=${CMAKE_PREFIX_PATH}:/opt/ros/galactic /usr/bin/cmake --install /home/keyur/empm809y_cpp/Cpp_projects/ROS2learn/rosprac809_ws/build/automated_vehicle
[19.403s] Level 1:colcon.colcon_core.environment:checking '/home/keyur/empm809y_cpp/Cpp_projects/ROS2learn/rosprac809_ws/install/automated_vehicle' for CMake module files
[19.404s] Level 1:colcon.colcon_core.environment:checking '/home/keyur/empm809y_cpp/Cpp_projects/ROS2learn/rosprac809_ws/install/automated_vehicle' for CMake config files
[19.404s] Level 1:colcon.colcon_core.shell:create_environment_hook('automated_vehicle', 'cmake_prefix_path')
[19.480s] INFO:colcon.colcon_core.shell:Creating environment hook '/home/keyur/empm809y_cpp/Cpp_projects/ROS2learn/rosprac809_ws/install/automated_vehicle/share/automated_vehicle/hook/cmake_prefix_path.ps1'
[19.482s] INFO:colcon.colcon_core.shell:Creating environment descriptor '/home/keyur/empm809y_cpp/Cpp_projects/ROS2learn/rosprac809_ws/install/automated_vehicle/share/automated_vehicle/hook/cmake_prefix_path.dsv'
[19.484s] INFO:colcon.colcon_core.shell:Creating environment hook '/home/keyur/empm809y_cpp/Cpp_projects/ROS2learn/rosprac809_ws/install/automated_vehicle/share/automated_vehicle/hook/cmake_prefix_path.sh'
[19.486s] Level 1:colcon.colcon_core.environment:checking '/home/keyur/empm809y_cpp/Cpp_projects/ROS2learn/rosprac809_ws/install/automated_vehicle/lib'
[19.486s] Level 1:colcon.colcon_core.environment:checking '/home/keyur/empm809y_cpp/Cpp_projects/ROS2learn/rosprac809_ws/install/automated_vehicle/bin'
[19.486s] Level 1:colcon.colcon_core.environment:checking '/home/keyur/empm809y_cpp/Cpp_projects/ROS2learn/rosprac809_ws/install/automated_vehicle/lib/pkgconfig/automated_vehicle.pc'
[19.487s] Level 1:colcon.colcon_core.environment:checking '/home/keyur/empm809y_cpp/Cpp_projects/ROS2learn/rosprac809_ws/install/automated_vehicle/lib/python3.8/site-packages'
[19.487s] Level 1:colcon.colcon_core.environment:checking '/home/keyur/empm809y_cpp/Cpp_projects/ROS2learn/rosprac809_ws/install/automated_vehicle/bin'
[19.579s] INFO:colcon.colcon_core.shell:Creating package script '/home/keyur/empm809y_cpp/Cpp_projects/ROS2learn/rosprac809_ws/install/automated_vehicle/share/automated_vehicle/package.ps1'
[19.581s] INFO:colcon.colcon_core.shell:Creating package descriptor '/home/keyur/empm809y_cpp/Cpp_projects/ROS2learn/rosprac809_ws/install/automated_vehicle/share/automated_vehicle/package.dsv'
[19.583s] INFO:colcon.colcon_core.shell:Creating package script '/home/keyur/empm809y_cpp/Cpp_projects/ROS2learn/rosprac809_ws/install/automated_vehicle/share/automated_vehicle/package.sh'
[19.584s] INFO:colcon.colcon_core.shell:Creating package script '/home/keyur/empm809y_cpp/Cpp_projects/ROS2learn/rosprac809_ws/install/automated_vehicle/share/automated_vehicle/package.bash'
[19.584s] INFO:colcon.colcon_core.shell:Creating package script '/home/keyur/empm809y_cpp/Cpp_projects/ROS2learn/rosprac809_ws/install/automated_vehicle/share/automated_vehicle/package.zsh'
[19.585s] Level 1:colcon.colcon_core.environment:create_file_with_runtime_dependencies(/home/keyur/empm809y_cpp/Cpp_projects/ROS2learn/rosprac809_ws/install/automated_vehicle/share/colcon-core/packages/automated_vehicle)
[19.686s] Level 1:colcon.colcon_core.environment:create_environment_scripts_only(automated_vehicle)
[19.744s] Level 1:colcon.colcon_core.environment:checking '/home/keyur/empm809y_cpp/Cpp_projects/ROS2learn/rosprac809_ws/install/automated_vehicle' for CMake module files
[19.745s] Level 1:colcon.colcon_core.environment:checking '/home/keyur/empm809y_cpp/Cpp_projects/ROS2learn/rosprac809_ws/install/automated_vehicle' for CMake config files
[19.745s] Level 1:colcon.colcon_core.shell:create_environment_hook('automated_vehicle', 'cmake_prefix_path')
[19.803s] INFO:colcon.colcon_core.shell:Creating environment hook '/home/keyur/empm809y_cpp/Cpp_projects/ROS2learn/rosprac809_ws/install/automated_vehicle/share/automated_vehicle/hook/cmake_prefix_path.ps1'
[19.804s] INFO:colcon.colcon_core.shell:Creating environment descriptor '/home/keyur/empm809y_cpp/Cpp_projects/ROS2learn/rosprac809_ws/install/automated_vehicle/share/automated_vehicle/hook/cmake_prefix_path.dsv'
[19.804s] INFO:colcon.colcon_core.shell:Creating environment hook '/home/keyur/empm809y_cpp/Cpp_projects/ROS2learn/rosprac809_ws/install/automated_vehicle/share/automated_vehicle/hook/cmake_prefix_path.sh'
[19.805s] Level 1:colcon.colcon_core.environment:checking '/home/keyur/empm809y_cpp/Cpp_projects/ROS2learn/rosprac809_ws/install/automated_vehicle/lib'
[19.805s] Level 1:colcon.colcon_core.environment:checking '/home/keyur/empm809y_cpp/Cpp_projects/ROS2learn/rosprac809_ws/install/automated_vehicle/bin'
[19.805s] Level 1:colcon.colcon_core.environment:checking '/home/keyur/empm809y_cpp/Cpp_projects/ROS2learn/rosprac809_ws/install/automated_vehicle/lib/pkgconfig/automated_vehicle.pc'
[19.805s] Level 1:colcon.colcon_core.environment:checking '/home/keyur/empm809y_cpp/Cpp_projects/ROS2learn/rosprac809_ws/install/automated_vehicle/lib/python3.8/site-packages'
[19.806s] Level 1:colcon.colcon_core.environment:checking '/home/keyur/empm809y_cpp/Cpp_projects/ROS2learn/rosprac809_ws/install/automated_vehicle/bin'
[19.879s] INFO:colcon.colcon_core.shell:Creating package script '/home/keyur/empm809y_cpp/Cpp_projects/ROS2learn/rosprac809_ws/install/automated_vehicle/share/automated_vehicle/package.ps1'
[19.881s] INFO:colcon.colcon_core.shell:Creating package descriptor '/home/keyur/empm809y_cpp/Cpp_projects/ROS2learn/rosprac809_ws/install/automated_vehicle/share/automated_vehicle/package.dsv'
[19.882s] INFO:colcon.colcon_core.shell:Creating package script '/home/keyur/empm809y_cpp/Cpp_projects/ROS2learn/rosprac809_ws/install/automated_vehicle/share/automated_vehicle/package.sh'
[19.883s] INFO:colcon.colcon_core.shell:Creating package script '/home/keyur/empm809y_cpp/Cpp_projects/ROS2learn/rosprac809_ws/install/automated_vehicle/share/automated_vehicle/package.bash'
[19.884s] INFO:colcon.colcon_core.shell:Creating package script '/home/keyur/empm809y_cpp/Cpp_projects/ROS2learn/rosprac809_ws/install/automated_vehicle/share/automated_vehicle/package.zsh'
[19.885s] Level 1:colcon.colcon_core.environment:create_file_with_runtime_dependencies(/home/keyur/empm809y_cpp/Cpp_projects/ROS2learn/rosprac809_ws/install/automated_vehicle/share/colcon-core/packages/automated_vehicle)
[19.885s] DEBUG:colcon.colcon_parallel_executor.executor.parallel:closing loop
[19.886s] DEBUG:colcon.colcon_parallel_executor.executor.parallel:loop closed
[19.886s] DEBUG:colcon.colcon_parallel_executor.executor.parallel:run_until_complete finished with '0'
[19.887s] DEBUG:colcon.colcon_core.event_reactor:joining thread
[19.972s] INFO:colcon.colcon_core.plugin_system:Skipping extension 'colcon_notification.desktop_notification.terminal_notifier': Not used on non-Darwin systems
[19.973s] INFO:colcon.colcon_core.plugin_system:Skipping extension 'colcon_notification.desktop_notification.win32': Not used on non-Windows systems
[19.973s] INFO:colcon.colcon_notification.desktop_notification:Sending desktop notification using 'notify2'
[20.007s] DEBUG:colcon.colcon_core.event_reactor:joined thread
[20.127s] INFO:colcon.colcon_core.shell:Creating prefix script '/home/keyur/empm809y_cpp/Cpp_projects/ROS2learn/rosprac809_ws/install/local_setup.ps1'
[20.142s] INFO:colcon.colcon_core.shell:Creating prefix util module '/home/keyur/empm809y_cpp/Cpp_projects/ROS2learn/rosprac809_ws/install/_local_setup_util_ps1.py'
[20.147s] INFO:colcon.colcon_core.shell:Creating prefix chain script '/home/keyur/empm809y_cpp/Cpp_projects/ROS2learn/rosprac809_ws/install/setup.ps1'
[20.234s] INFO:colcon.colcon_core.shell:Creating prefix script '/home/keyur/empm809y_cpp/Cpp_projects/ROS2learn/rosprac809_ws/install/local_setup.sh'
[20.235s] INFO:colcon.colcon_core.shell:Creating prefix util module '/home/keyur/empm809y_cpp/Cpp_projects/ROS2learn/rosprac809_ws/install/_local_setup_util_sh.py'
[20.236s] INFO:colcon.colcon_core.shell:Creating prefix chain script '/home/keyur/empm809y_cpp/Cpp_projects/ROS2learn/rosprac809_ws/install/setup.sh'
[20.318s] INFO:colcon.colcon_core.shell:Creating prefix script '/home/keyur/empm809y_cpp/Cpp_projects/ROS2learn/rosprac809_ws/install/local_setup.bash'
[20.330s] INFO:colcon.colcon_core.shell:Creating prefix chain script '/home/keyur/empm809y_cpp/Cpp_projects/ROS2learn/rosprac809_ws/install/setup.bash'
[20.410s] INFO:colcon.colcon_core.shell:Creating prefix script '/home/keyur/empm809y_cpp/Cpp_projects/ROS2learn/rosprac809_ws/install/local_setup.zsh'
[20.412s] INFO:colcon.colcon_core.shell:Creating prefix chain script '/home/keyur/empm809y_cpp/Cpp_projects/ROS2learn/rosprac809_ws/install/setup.zsh'
