[35m[1mScanning dependencies of target light_switcher_sub[0m
[ 66%] Built target light_switcher_pub
[ 66%] Built target hello
[ 83%] [32mBuilding CXX object CMakeFiles/light_switcher_sub.dir/src/light_switcher_sub.cpp.o[0m
[100%] [32m[1mLinking CXX executable light_switcher_sub[0m
[100%] Built target light_switcher_sub
-- Install configuration: ""
-- Up-to-date: /home/keyur/empm809y_cpp/Cpp_projects/ROS2learn/rosprac809_ws/install/my_first_package/lib/my_first_package/hello
-- Up-to-date: /home/keyur/empm809y_cpp/Cpp_projects/ROS2learn/rosprac809_ws/install/my_first_package/lib/my_first_package/light_switcher_pub
-- Installing: /home/keyur/empm809y_cpp/Cpp_projects/ROS2learn/rosprac809_ws/install/my_first_package/lib/my_first_package/light_switcher_sub
-- Set runtime path of "/home/keyur/empm809y_cpp/Cpp_projects/ROS2learn/rosprac809_ws/install/my_first_package/lib/my_first_package/light_switcher_sub" to ""
-- Up-to-date: /home/keyur/empm809y_cpp/Cpp_projects/ROS2learn/rosprac809_ws/install/my_first_package/share/ament_index/resource_index/package_run_dependencies/my_first_package
-- Up-to-date: /home/keyur/empm809y_cpp/Cpp_projects/ROS2learn/rosprac809_ws/install/my_first_package/share/ament_index/resource_index/parent_prefix_path/my_first_package
-- Up-to-date: /home/keyur/empm809y_cpp/Cpp_projects/ROS2learn/rosprac809_ws/install/my_first_package/share/my_first_package/environment/ament_prefix_path.sh
-- Up-to-date: /home/keyur/empm809y_cpp/Cpp_projects/ROS2learn/rosprac809_ws/install/my_first_package/share/my_first_package/environment/ament_prefix_path.dsv
-- Up-to-date: /home/keyur/empm809y_cpp/Cpp_projects/ROS2learn/rosprac809_ws/install/my_first_package/share/my_first_package/environment/path.sh
-- Up-to-date: /home/keyur/empm809y_cpp/Cpp_projects/ROS2learn/rosprac809_ws/install/my_first_package/share/my_first_package/environment/path.dsv
-- Up-to-date: /home/keyur/empm809y_cpp/Cpp_projects/ROS2learn/rosprac809_ws/install/my_first_package/share/my_first_package/local_setup.bash
-- Up-to-date: /home/keyur/empm809y_cpp/Cpp_projects/ROS2learn/rosprac809_ws/install/my_first_package/share/my_first_package/local_setup.sh
-- Up-to-date: /home/keyur/empm809y_cpp/Cpp_projects/ROS2learn/rosprac809_ws/install/my_first_package/share/my_first_package/local_setup.zsh
-- Up-to-date: /home/keyur/empm809y_cpp/Cpp_projects/ROS2learn/rosprac809_ws/install/my_first_package/share/my_first_package/local_setup.dsv
-- Installing: /home/keyur/empm809y_cpp/Cpp_projects/ROS2learn/rosprac809_ws/install/my_first_package/share/my_first_package/package.dsv
-- Up-to-date: /home/keyur/empm809y_cpp/Cpp_projects/ROS2learn/rosprac809_ws/install/my_first_package/share/ament_index/resource_index/packages/my_first_package
-- Up-to-date: /home/keyur/empm809y_cpp/Cpp_projects/ROS2learn/rosprac809_ws/install/my_first_package/share/my_first_package/cmake/my_first_packageConfig.cmake
-- Up-to-date: /home/keyur/empm809y_cpp/Cpp_projects/ROS2learn/rosprac809_ws/install/my_first_package/share/my_first_package/cmake/my_first_packageConfig-version.cmake
-- Up-to-date: /home/keyur/empm809y_cpp/Cpp_projects/ROS2learn/rosprac809_ws/install/my_first_package/share/my_first_package/package.xml
