[0.437s] Invoking command in '/home/keyur/empm809y_cpp/Cpp_projects/ROS2learn/rosprac809_ws/build/my_first_package': CMAKE_PREFIX_PATH=${CMAKE_PREFIX_PATH}:/opt/ros/galactic /usr/bin/cmake --build /home/keyur/empm809y_cpp/Cpp_projects/ROS2learn/rosprac809_ws/build/my_first_package -- -j8 -l8
[2.140s] [ 50%] [32mBuilding CXX object CMakeFiles/hello.dir/src/main.cpp.o[0m
[8.178s] In file included from [01m[K/usr/include/x86_64-linux-gnu/c++/9/bits/c++allocator.h:33[m[K,
[8.179s]                  from [01m[K/usr/include/c++/9/bits/allocator.h:46[m[K,
[8.179s]                  from [01m[K/usr/include/c++/9/memory:63[m[K,
[8.179s]                  from [01m[K/opt/ros/galactic/include/rclcpp/rclcpp.hpp:154[m[K,
[8.179s]                  from [01m[K/home/keyur/empm809y_cpp/Cpp_projects/ROS2learn/rosprac809_ws/src/my_first_package/src/main.cpp:1[m[K:
[8.180s] /usr/include/c++/9/ext/new_allocator.h: In instantiation of ‘[01m[Kvoid __gnu_cxx::new_allocator<_Tp>::construct(_Up*, _Args&& ...) [with _Up = demo::MyFirstPackage; _Args = {const char (&)[6], const char (&)[10]}; _Tp = demo::MyFirstPackage][m[K’:
[8.180s] [01m[K/usr/include/c++/9/bits/alloc_traits.h:483:4:[m[K   required from ‘[01m[Kstatic void std::allocator_traits<std::allocator<_Tp1> >::construct(std::allocator_traits<std::allocator<_Tp1> >::allocator_type&, _Up*, _Args&& ...) [with _Up = demo::MyFirstPackage; _Args = {const char (&)[6], const char (&)[10]}; _Tp = demo::MyFirstPackage; std::allocator_traits<std::allocator<_Tp1> >::allocator_type = std::allocator<demo::MyFirstPackage>][m[K’
[8.180s] [01m[K/usr/include/c++/9/bits/shared_ptr_base.h:548:39:[m[K   required from ‘[01m[Kstd::_Sp_counted_ptr_inplace<_Tp, _Alloc, _Lp>::_Sp_counted_ptr_inplace(_Alloc, _Args&& ...) [with _Args = {const char (&)[6], const char (&)[10]}; _Tp = demo::MyFirstPackage; _Alloc = std::allocator<demo::MyFirstPackage>; __gnu_cxx::_Lock_policy _Lp = __gnu_cxx::_S_atomic][m[K’
[8.180s] [01m[K/usr/include/c++/9/bits/shared_ptr_base.h:679:16:[m[K   required from ‘[01m[Kstd::__shared_count<_Lp>::__shared_count(_Tp*&, std::_Sp_alloc_shared_tag<_Alloc>, _Args&& ...) [with _Tp = demo::MyFirstPackage; _Alloc = std::allocator<demo::MyFirstPackage>; _Args = {const char (&)[6], const char (&)[10]}; __gnu_cxx::_Lock_policy _Lp = __gnu_cxx::_S_atomic][m[K’
[8.180s] [01m[K/usr/include/c++/9/bits/shared_ptr_base.h:1344:71:[m[K   required from ‘[01m[Kstd::__shared_ptr<_Tp, _Lp>::__shared_ptr(std::_Sp_alloc_shared_tag<_Tp>, _Args&& ...) [with _Alloc = std::allocator<demo::MyFirstPackage>; _Args = {const char (&)[6], const char (&)[10]}; _Tp = demo::MyFirstPackage; __gnu_cxx::_Lock_policy _Lp = __gnu_cxx::_S_atomic][m[K’
[8.181s] [01m[K/usr/include/c++/9/bits/shared_ptr.h:359:59:[m[K   required from ‘[01m[Kstd::shared_ptr<_Tp>::shared_ptr(std::_Sp_alloc_shared_tag<_Tp>, _Args&& ...) [with _Alloc = std::allocator<demo::MyFirstPackage>; _Args = {const char (&)[6], const char (&)[10]}; _Tp = demo::MyFirstPackage][m[K’
[8.181s] [01m[K/usr/include/c++/9/bits/shared_ptr.h:701:14:[m[K   required from ‘[01m[Kstd::shared_ptr<_Tp> std::allocate_shared(const _Alloc&, _Args&& ...) [with _Tp = demo::MyFirstPackage; _Alloc = std::allocator<demo::MyFirstPackage>; _Args = {const char (&)[6], const char (&)[10]}][m[K’
[8.181s] [01m[K/usr/include/c++/9/bits/shared_ptr.h:717:39:[m[K   required from ‘[01m[Kstd::shared_ptr<_Tp> std::make_shared(_Args&& ...) [with _Tp = demo::MyFirstPackage; _Args = {const char (&)[6], const char (&)[10]}][m[K’
[8.181s] [01m[K/home/keyur/empm809y_cpp/Cpp_projects/ROS2learn/rosprac809_ws/src/my_first_package/src/main.cpp:6:75:[m[K   required from here
[8.182s] [01m[K/usr/include/c++/9/ext/new_allocator.h:146:4:[m[K [01;31m[Kerror: [m[Kno matching function for call to ‘[01m[Kdemo::MyFirstPackage::MyFirstPackage(const char [6], const char [10])[m[K’
[8.182s]   146 |  { [01;31m[K::new((void *)__p) _Up(std::forward<_Args>(__args)...)[m[K; }
[8.182s]       |    [01;31m[K^~~~~~~~~~~~~~~~~~~~~~~~~~~~~~~~~~~~~~~~~~~~~~~~~~~~~~[m[K
[8.182s] In file included from [01m[K/home/keyur/empm809y_cpp/Cpp_projects/ROS2learn/rosprac809_ws/src/my_first_package/src/main.cpp:3[m[K:
[8.182s] [01m[K/home/keyur/empm809y_cpp/Cpp_projects/ROS2learn/rosprac809_ws/src/my_first_package/include/my_first_package/my_first_package.h:15:9:[m[K [01;36m[Knote: [m[Kcandidate: ‘[01m[Kdemo::MyFirstPackage::MyFirstPackage(std::string)[m[K’
[8.183s]    15 |         [01;36m[KMyFirstPackage[m[K(std::string node_name): Node(node_name){
[8.183s]       |         [01;36m[K^~~~~~~~~~~~~~[m[K
[8.183s] [01m[K/home/keyur/empm809y_cpp/Cpp_projects/ROS2learn/rosprac809_ws/src/my_first_package/include/my_first_package/my_first_package.h:15:9:[m[K [01;36m[Knote: [m[K  candidate expects 1 argument, 2 provided
[8.427s] make[2]: *** [CMakeFiles/hello.dir/build.make:63: CMakeFiles/hello.dir/src/main.cpp.o] Error 1
[8.428s] make[1]: *** [CMakeFiles/Makefile2:78: CMakeFiles/hello.dir/all] Error 2
[8.428s] make: *** [Makefile:141: all] Error 2
[8.433s] Invoked command in '/home/keyur/empm809y_cpp/Cpp_projects/ROS2learn/rosprac809_ws/build/my_first_package' returned '2': CMAKE_PREFIX_PATH=${CMAKE_PREFIX_PATH}:/opt/ros/galactic /usr/bin/cmake --build /home/keyur/empm809y_cpp/Cpp_projects/ROS2learn/rosprac809_ws/build/my_first_package -- -j8 -l8
