[3.094s] DEBUG:colcon:Command line arguments: ['/usr/bin/colcon', 'build', '--packages-select', 'automated_vehicle']
[3.094s] DEBUG:colcon:Parsed command line arguments: Namespace(allow_overriding=[], ament_cmake_args=None, base_paths=['.'], build_base='build', catkin_cmake_args=None, catkin_skip_building_tests=False, cmake_args=None, cmake_clean_cache=False, cmake_clean_first=False, cmake_force_configure=False, cmake_target=None, cmake_target_skip_unavailable=False, continue_on_error=False, event_handlers=None, executor='parallel', ignore_user_meta=False, install_base='install', log_base=None, log_level=None, main=<bound method BuildVerb.main of <colcon_core.verb.build.BuildVerb object at 0x7f0bfd1b0910>>, merge_install=False, metas=['./colcon.meta'], packages_above=None, packages_above_and_dependencies=None, packages_above_depth=None, packages_end=None, packages_ignore=None, packages_ignore_regex=None, packages_select=['automated_vehicle'], packages_select_build_failed=False, packages_select_by_dep=None, packages_select_regex=None, packages_select_test_failures=False, packages_skip=None, packages_skip_build_finished=False, packages_skip_by_dep=None, packages_skip_regex=None, packages_skip_test_passed=False, packages_skip_up_to=None, packages_start=None, packages_up_to=None, packages_up_to_regex=None, parallel_workers=8, paths=None, symlink_install=False, test_result_base=None, verb_extension=<colcon_core.verb.build.BuildVerb object at 0x7f0bfd1b0910>, verb_name='build', verb_parser=<colcon_defaults.argument_parser.defaults.DefaultArgumentsDecorator object at 0x7f0bfd1b0fd0>)
[3.247s] Level 1:colcon.colcon_core.package_discovery:discover_packages(colcon_meta) check parameters
[3.247s] Level 1:colcon.colcon_core.package_discovery:discover_packages(recursive) check parameters
[3.247s] Level 1:colcon.colcon_core.package_discovery:discover_packages(ignore) check parameters
[3.247s] Level 1:colcon.colcon_core.package_discovery:discover_packages(path) check parameters
[3.248s] Level 1:colcon.colcon_core.package_discovery:discover_packages(colcon_meta) discover
[3.248s] Level 1:colcon.colcon_core.package_discovery:discover_packages(recursive) discover
[3.248s] INFO:colcon.colcon_core.package_discovery:Crawling recursively for packages in '/home/keyur/empm809y_cpp/Cpp_projects/ROS2learn/rosprac809_ws'
[3.248s] Level 1:colcon.colcon_core.package_identification:_identify(.) by extensions ['ignore', 'ignore_ament_install']
[3.248s] Level 1:colcon.colcon_core.package_identification:_identify(.) by extension 'ignore'
[3.248s] Level 1:colcon.colcon_core.package_identification:_identify(.) by extension 'ignore_ament_install'
[3.248s] Level 1:colcon.colcon_core.package_identification:_identify(.) by extensions ['colcon_pkg']
[3.248s] Level 1:colcon.colcon_core.package_identification:_identify(.) by extension 'colcon_pkg'
[3.248s] Level 1:colcon.colcon_core.package_identification:_identify(.) by extensions ['colcon_meta']
[3.248s] Level 1:colcon.colcon_core.package_identification:_identify(.) by extension 'colcon_meta'
[3.248s] Level 1:colcon.colcon_core.package_identification:_identify(.) by extensions ['ros']
[3.248s] Level 1:colcon.colcon_core.package_identification:_identify(.) by extension 'ros'
[3.274s] Level 1:colcon.colcon_core.package_identification:_identify(.) by extensions ['cmake', 'python']
[3.274s] Level 1:colcon.colcon_core.package_identification:_identify(.) by extension 'cmake'
[3.274s] Level 1:colcon.colcon_core.package_identification:_identify(.) by extension 'python'
[3.274s] Level 1:colcon.colcon_core.package_identification:_identify(.) by extensions ['python_setup_py']
[3.274s] Level 1:colcon.colcon_core.package_identification:_identify(.) by extension 'python_setup_py'
[3.275s] Level 1:colcon.colcon_core.package_identification:_identify(build) by extensions ['ignore', 'ignore_ament_install']
[3.275s] Level 1:colcon.colcon_core.package_identification:_identify(build) by extension 'ignore'
[3.275s] Level 1:colcon.colcon_core.package_identification:_identify(build) ignored
[3.275s] Level 1:colcon.colcon_core.package_identification:_identify(install) by extensions ['ignore', 'ignore_ament_install']
[3.275s] Level 1:colcon.colcon_core.package_identification:_identify(install) by extension 'ignore'
[3.275s] Level 1:colcon.colcon_core.package_identification:_identify(install) ignored
[3.276s] Level 1:colcon.colcon_core.package_identification:_identify(log) by extensions ['ignore', 'ignore_ament_install']
[3.276s] Level 1:colcon.colcon_core.package_identification:_identify(log) by extension 'ignore'
[3.276s] Level 1:colcon.colcon_core.package_identification:_identify(log) ignored
[3.276s] Level 1:colcon.colcon_core.package_identification:_identify(src) by extensions ['ignore', 'ignore_ament_install']
[3.276s] Level 1:colcon.colcon_core.package_identification:_identify(src) by extension 'ignore'
[3.276s] Level 1:colcon.colcon_core.package_identification:_identify(src) by extension 'ignore_ament_install'
[3.276s] Level 1:colcon.colcon_core.package_identification:_identify(src) by extensions ['colcon_pkg']
[3.276s] Level 1:colcon.colcon_core.package_identification:_identify(src) by extension 'colcon_pkg'
[3.276s] Level 1:colcon.colcon_core.package_identification:_identify(src) by extensions ['colcon_meta']
[3.276s] Level 1:colcon.colcon_core.package_identification:_identify(src) by extension 'colcon_meta'
[3.276s] Level 1:colcon.colcon_core.package_identification:_identify(src) by extensions ['ros']
[3.277s] Level 1:colcon.colcon_core.package_identification:_identify(src) by extension 'ros'
[3.277s] Level 1:colcon.colcon_core.package_identification:_identify(src) by extensions ['cmake', 'python']
[3.277s] Level 1:colcon.colcon_core.package_identification:_identify(src) by extension 'cmake'
[3.277s] Level 1:colcon.colcon_core.package_identification:_identify(src) by extension 'python'
[3.277s] Level 1:colcon.colcon_core.package_identification:_identify(src) by extensions ['python_setup_py']
[3.277s] Level 1:colcon.colcon_core.package_identification:_identify(src) by extension 'python_setup_py'
[3.277s] Level 1:colcon.colcon_core.package_identification:_identify(src/automated_vehicle) by extensions ['ignore', 'ignore_ament_install']
[3.277s] Level 1:colcon.colcon_core.package_identification:_identify(src/automated_vehicle) by extension 'ignore'
[3.277s] Level 1:colcon.colcon_core.package_identification:_identify(src/automated_vehicle) by extension 'ignore_ament_install'
[3.277s] Level 1:colcon.colcon_core.package_identification:_identify(src/automated_vehicle) by extensions ['colcon_pkg']
[3.277s] Level 1:colcon.colcon_core.package_identification:_identify(src/automated_vehicle) by extension 'colcon_pkg'
[3.277s] Level 1:colcon.colcon_core.package_identification:_identify(src/automated_vehicle) by extensions ['colcon_meta']
[3.278s] Level 1:colcon.colcon_core.package_identification:_identify(src/automated_vehicle) by extension 'colcon_meta'
[3.278s] Level 1:colcon.colcon_core.package_identification:_identify(src/automated_vehicle) by extensions ['ros']
[3.278s] Level 1:colcon.colcon_core.package_identification:_identify(src/automated_vehicle) by extension 'ros'
[3.281s] DEBUG:colcon.colcon_core.package_identification:Package 'src/automated_vehicle' with type 'ros.ament_cmake' and name 'automated_vehicle'
[3.281s] Level 1:colcon.colcon_core.package_identification:_identify(src/my_first_package) by extensions ['ignore', 'ignore_ament_install']
[3.282s] Level 1:colcon.colcon_core.package_identification:_identify(src/my_first_package) by extension 'ignore'
[3.282s] Level 1:colcon.colcon_core.package_identification:_identify(src/my_first_package) by extension 'ignore_ament_install'
[3.282s] Level 1:colcon.colcon_core.package_identification:_identify(src/my_first_package) by extensions ['colcon_pkg']
[3.282s] Level 1:colcon.colcon_core.package_identification:_identify(src/my_first_package) by extension 'colcon_pkg'
[3.282s] Level 1:colcon.colcon_core.package_identification:_identify(src/my_first_package) by extensions ['colcon_meta']
[3.282s] Level 1:colcon.colcon_core.package_identification:_identify(src/my_first_package) by extension 'colcon_meta'
[3.282s] Level 1:colcon.colcon_core.package_identification:_identify(src/my_first_package) by extensions ['ros']
[3.282s] Level 1:colcon.colcon_core.package_identification:_identify(src/my_first_package) by extension 'ros'
[3.283s] DEBUG:colcon.colcon_core.package_identification:Package 'src/my_first_package' with type 'ros.ament_cmake' and name 'my_first_package'
[3.283s] Level 1:colcon.colcon_core.package_discovery:discover_packages(recursive) using defaults
[3.283s] Level 1:colcon.colcon_core.package_discovery:discover_packages(ignore) discover
[3.283s] Level 1:colcon.colcon_core.package_discovery:discover_packages(ignore) using defaults
[3.283s] Level 1:colcon.colcon_core.package_discovery:discover_packages(path) discover
[3.283s] Level 1:colcon.colcon_core.package_discovery:discover_packages(path) using defaults
[3.475s] INFO:colcon.colcon_core.package_selection:Skipping not selected package 'my_first_package' in 'src/my_first_package'
[3.659s] Level 1:colcon.colcon_core.package_discovery:discover_packages(prefix_path) check parameters
[3.659s] Level 1:colcon.colcon_core.package_discovery:discover_packages(prefix_path) discover
[3.828s] DEBUG:colcon.colcon_installed_package_information.package_discovery:Found 2 installed packages in /home/keyur/empm809y_cpp/Cpp_projects/ROS2learn/rosprac809_ws/install
[3.906s] DEBUG:colcon.colcon_installed_package_information.package_discovery:Found 2 installed packages in /home/keyur/ros809_ws/install
[3.983s] DEBUG:colcon.colcon_installed_package_information.package_discovery:Found 329 installed packages in /opt/ros/galactic
[3.987s] Level 1:colcon.colcon_core.package_discovery:discover_packages(prefix_path) using defaults
[4.316s] Level 5:colcon.colcon_core.verb:set package 'automated_vehicle' build argument 'cmake_args' from command line to 'None'
[4.316s] Level 5:colcon.colcon_core.verb:set package 'automated_vehicle' build argument 'cmake_target' from command line to 'None'
[4.316s] Level 5:colcon.colcon_core.verb:set package 'automated_vehicle' build argument 'cmake_target_skip_unavailable' from command line to 'False'
[4.316s] Level 5:colcon.colcon_core.verb:set package 'automated_vehicle' build argument 'cmake_clean_cache' from command line to 'False'
[4.316s] Level 5:colcon.colcon_core.verb:set package 'automated_vehicle' build argument 'cmake_clean_first' from command line to 'False'
[4.316s] Level 5:colcon.colcon_core.verb:set package 'automated_vehicle' build argument 'cmake_force_configure' from command line to 'False'
[4.316s] Level 5:colcon.colcon_core.verb:set package 'automated_vehicle' build argument 'ament_cmake_args' from command line to 'None'
[4.317s] Level 5:colcon.colcon_core.verb:set package 'automated_vehicle' build argument 'catkin_cmake_args' from command line to 'None'
[4.317s] Level 5:colcon.colcon_core.verb:set package 'automated_vehicle' build argument 'catkin_skip_building_tests' from command line to 'False'
[4.317s] DEBUG:colcon.colcon_core.verb:Building package 'automated_vehicle' with the following arguments: {'ament_cmake_args': None, 'build_base': '/home/keyur/empm809y_cpp/Cpp_projects/ROS2learn/rosprac809_ws/build/automated_vehicle', 'catkin_cmake_args': None, 'catkin_skip_building_tests': False, 'cmake_args': None, 'cmake_clean_cache': False, 'cmake_clean_first': False, 'cmake_force_configure': False, 'cmake_target': None, 'cmake_target_skip_unavailable': False, 'install_base': '/home/keyur/empm809y_cpp/Cpp_projects/ROS2learn/rosprac809_ws/install/automated_vehicle', 'merge_install': False, 'path': '/home/keyur/empm809y_cpp/Cpp_projects/ROS2learn/rosprac809_ws/src/automated_vehicle', 'symlink_install': False, 'test_result_base': None}
[4.391s] INFO:colcon.colcon_core.executor:Executing jobs using 'parallel' executor
[4.451s] DEBUG:colcon.colcon_parallel_executor.executor.parallel:run_until_complete
[4.451s] INFO:colcon.colcon_ros.task.ament_cmake.build:Building ROS package in '/home/keyur/empm809y_cpp/Cpp_projects/ROS2learn/rosprac809_ws/src/automated_vehicle' with build type 'ament_cmake'
[4.452s] INFO:colcon.colcon_cmake.task.cmake.build:Building CMake package in '/home/keyur/empm809y_cpp/Cpp_projects/ROS2learn/rosprac809_ws/src/automated_vehicle'
[4.507s] INFO:colcon.colcon_core.plugin_system:Skipping extension 'colcon_core.shell.bat': Not used on non-Windows systems
[4.508s] INFO:colcon.colcon_core.shell:Skip shell extension 'powershell' for command environment: Not usable outside of PowerShell
[4.508s] DEBUG:colcon.colcon_core.shell:Skip shell extension 'dsv' for command environment
[4.765s] DEBUG:colcon.colcon_core.event_handler.log_command:Invoking command in '/home/keyur/empm809y_cpp/Cpp_projects/ROS2learn/rosprac809_ws/build/automated_vehicle': CMAKE_PREFIX_PATH=${CMAKE_PREFIX_PATH}:/opt/ros/galactic /usr/bin/cmake --build /home/keyur/empm809y_cpp/Cpp_projects/ROS2learn/rosprac809_ws/build/automated_vehicle -- -j8 -l8
[11.115s] DEBUG:colcon.colcon_core.event_handler.log_command:Invoked command in '/home/keyur/empm809y_cpp/Cpp_projects/ROS2learn/rosprac809_ws/build/automated_vehicle' returned '0': CMAKE_PREFIX_PATH=${CMAKE_PREFIX_PATH}:/opt/ros/galactic /usr/bin/cmake --build /home/keyur/empm809y_cpp/Cpp_projects/ROS2learn/rosprac809_ws/build/automated_vehicle -- -j8 -l8
[11.174s] DEBUG:colcon.colcon_core.event_handler.log_command:Invoking command in '/home/keyur/empm809y_cpp/Cpp_projects/ROS2learn/rosprac809_ws/build/automated_vehicle': CMAKE_PREFIX_PATH=${CMAKE_PREFIX_PATH}:/opt/ros/galactic /usr/bin/cmake --install /home/keyur/empm809y_cpp/Cpp_projects/ROS2learn/rosprac809_ws/build/automated_vehicle
[11.196s] Level 1:colcon.colcon_core.environment:create_environment_scripts_only(automated_vehicle)
[11.197s] DEBUG:colcon.colcon_core.event_handler.log_command:Invoked command in '/home/keyur/empm809y_cpp/Cpp_projects/ROS2learn/rosprac809_ws/build/automated_vehicle' returned '0': CMAKE_PREFIX_PATH=${CMAKE_PREFIX_PATH}:/opt/ros/galactic /usr/bin/cmake --install /home/keyur/empm809y_cpp/Cpp_projects/ROS2learn/rosprac809_ws/build/automated_vehicle
[11.257s] Level 1:colcon.colcon_core.environment:checking '/home/keyur/empm809y_cpp/Cpp_projects/ROS2learn/rosprac809_ws/install/automated_vehicle' for CMake module files
[11.258s] Level 1:colcon.colcon_core.environment:checking '/home/keyur/empm809y_cpp/Cpp_projects/ROS2learn/rosprac809_ws/install/automated_vehicle' for CMake config files
[11.258s] Level 1:colcon.colcon_core.shell:create_environment_hook('automated_vehicle', 'cmake_prefix_path')
[11.315s] INFO:colcon.colcon_core.shell:Creating environment hook '/home/keyur/empm809y_cpp/Cpp_projects/ROS2learn/rosprac809_ws/install/automated_vehicle/share/automated_vehicle/hook/cmake_prefix_path.ps1'
[11.317s] INFO:colcon.colcon_core.shell:Creating environment descriptor '/home/keyur/empm809y_cpp/Cpp_projects/ROS2learn/rosprac809_ws/install/automated_vehicle/share/automated_vehicle/hook/cmake_prefix_path.dsv'
[11.318s] INFO:colcon.colcon_core.shell:Creating environment hook '/home/keyur/empm809y_cpp/Cpp_projects/ROS2learn/rosprac809_ws/install/automated_vehicle/share/automated_vehicle/hook/cmake_prefix_path.sh'
[11.321s] Level 1:colcon.colcon_core.environment:checking '/home/keyur/empm809y_cpp/Cpp_projects/ROS2learn/rosprac809_ws/install/automated_vehicle/lib'
[11.321s] Level 1:colcon.colcon_core.environment:checking '/home/keyur/empm809y_cpp/Cpp_projects/ROS2learn/rosprac809_ws/install/automated_vehicle/bin'
[11.321s] Level 1:colcon.colcon_core.environment:checking '/home/keyur/empm809y_cpp/Cpp_projects/ROS2learn/rosprac809_ws/install/automated_vehicle/lib/pkgconfig/automated_vehicle.pc'
[11.322s] Level 1:colcon.colcon_core.environment:checking '/home/keyur/empm809y_cpp/Cpp_projects/ROS2learn/rosprac809_ws/install/automated_vehicle/lib/python3.8/site-packages'
[11.322s] Level 1:colcon.colcon_core.environment:checking '/home/keyur/empm809y_cpp/Cpp_projects/ROS2learn/rosprac809_ws/install/automated_vehicle/bin'
[11.404s] INFO:colcon.colcon_core.shell:Creating package script '/home/keyur/empm809y_cpp/Cpp_projects/ROS2learn/rosprac809_ws/install/automated_vehicle/share/automated_vehicle/package.ps1'
[11.406s] INFO:colcon.colcon_core.shell:Creating package descriptor '/home/keyur/empm809y_cpp/Cpp_projects/ROS2learn/rosprac809_ws/install/automated_vehicle/share/automated_vehicle/package.dsv'
[11.406s] INFO:colcon.colcon_core.shell:Creating package script '/home/keyur/empm809y_cpp/Cpp_projects/ROS2learn/rosprac809_ws/install/automated_vehicle/share/automated_vehicle/package.sh'
[11.407s] INFO:colcon.colcon_core.shell:Creating package script '/home/keyur/empm809y_cpp/Cpp_projects/ROS2learn/rosprac809_ws/install/automated_vehicle/share/automated_vehicle/package.bash'
[11.409s] INFO:colcon.colcon_core.shell:Creating package script '/home/keyur/empm809y_cpp/Cpp_projects/ROS2learn/rosprac809_ws/install/automated_vehicle/share/automated_vehicle/package.zsh'
[11.409s] Level 1:colcon.colcon_core.environment:create_file_with_runtime_dependencies(/home/keyur/empm809y_cpp/Cpp_projects/ROS2learn/rosprac809_ws/install/automated_vehicle/share/colcon-core/packages/automated_vehicle)
[11.532s] Level 1:colcon.colcon_core.environment:create_environment_scripts_only(automated_vehicle)
[11.587s] Level 1:colcon.colcon_core.environment:checking '/home/keyur/empm809y_cpp/Cpp_projects/ROS2learn/rosprac809_ws/install/automated_vehicle' for CMake module files
[11.588s] Level 1:colcon.colcon_core.environment:checking '/home/keyur/empm809y_cpp/Cpp_projects/ROS2learn/rosprac809_ws/install/automated_vehicle' for CMake config files
[11.588s] Level 1:colcon.colcon_core.shell:create_environment_hook('automated_vehicle', 'cmake_prefix_path')
[11.641s] INFO:colcon.colcon_core.shell:Creating environment hook '/home/keyur/empm809y_cpp/Cpp_projects/ROS2learn/rosprac809_ws/install/automated_vehicle/share/automated_vehicle/hook/cmake_prefix_path.ps1'
[11.642s] INFO:colcon.colcon_core.shell:Creating environment descriptor '/home/keyur/empm809y_cpp/Cpp_projects/ROS2learn/rosprac809_ws/install/automated_vehicle/share/automated_vehicle/hook/cmake_prefix_path.dsv'
[11.642s] INFO:colcon.colcon_core.shell:Creating environment hook '/home/keyur/empm809y_cpp/Cpp_projects/ROS2learn/rosprac809_ws/install/automated_vehicle/share/automated_vehicle/hook/cmake_prefix_path.sh'
[11.643s] Level 1:colcon.colcon_core.environment:checking '/home/keyur/empm809y_cpp/Cpp_projects/ROS2learn/rosprac809_ws/install/automated_vehicle/lib'
[11.644s] Level 1:colcon.colcon_core.environment:checking '/home/keyur/empm809y_cpp/Cpp_projects/ROS2learn/rosprac809_ws/install/automated_vehicle/bin'
[11.644s] Level 1:colcon.colcon_core.environment:checking '/home/keyur/empm809y_cpp/Cpp_projects/ROS2learn/rosprac809_ws/install/automated_vehicle/lib/pkgconfig/automated_vehicle.pc'
[11.644s] Level 1:colcon.colcon_core.environment:checking '/home/keyur/empm809y_cpp/Cpp_projects/ROS2learn/rosprac809_ws/install/automated_vehicle/lib/python3.8/site-packages'
[11.644s] Level 1:colcon.colcon_core.environment:checking '/home/keyur/empm809y_cpp/Cpp_projects/ROS2learn/rosprac809_ws/install/automated_vehicle/bin'
[11.699s] INFO:colcon.colcon_core.shell:Creating package script '/home/keyur/empm809y_cpp/Cpp_projects/ROS2learn/rosprac809_ws/install/automated_vehicle/share/automated_vehicle/package.ps1'
[11.700s] INFO:colcon.colcon_core.shell:Creating package descriptor '/home/keyur/empm809y_cpp/Cpp_projects/ROS2learn/rosprac809_ws/install/automated_vehicle/share/automated_vehicle/package.dsv'
[11.701s] INFO:colcon.colcon_core.shell:Creating package script '/home/keyur/empm809y_cpp/Cpp_projects/ROS2learn/rosprac809_ws/install/automated_vehicle/share/automated_vehicle/package.sh'
[11.702s] INFO:colcon.colcon_core.shell:Creating package script '/home/keyur/empm809y_cpp/Cpp_projects/ROS2learn/rosprac809_ws/install/automated_vehicle/share/automated_vehicle/package.bash'
[11.703s] INFO:colcon.colcon_core.shell:Creating package script '/home/keyur/empm809y_cpp/Cpp_projects/ROS2learn/rosprac809_ws/install/automated_vehicle/share/automated_vehicle/package.zsh'
[11.704s] Level 1:colcon.colcon_core.environment:create_file_with_runtime_dependencies(/home/keyur/empm809y_cpp/Cpp_projects/ROS2learn/rosprac809_ws/install/automated_vehicle/share/colcon-core/packages/automated_vehicle)
[11.705s] DEBUG:colcon.colcon_parallel_executor.executor.parallel:closing loop
[11.706s] DEBUG:colcon.colcon_parallel_executor.executor.parallel:loop closed
[11.706s] DEBUG:colcon.colcon_parallel_executor.executor.parallel:run_until_complete finished with '0'
[11.706s] DEBUG:colcon.colcon_core.event_reactor:joining thread
[11.787s] INFO:colcon.colcon_core.plugin_system:Skipping extension 'colcon_notification.desktop_notification.terminal_notifier': Not used on non-Darwin systems
[11.788s] INFO:colcon.colcon_core.plugin_system:Skipping extension 'colcon_notification.desktop_notification.win32': Not used on non-Windows systems
[11.788s] INFO:colcon.colcon_notification.desktop_notification:Sending desktop notification using 'notify2'
[11.814s] DEBUG:colcon.colcon_core.event_reactor:joined thread
[11.915s] INFO:colcon.colcon_core.shell:Creating prefix script '/home/keyur/empm809y_cpp/Cpp_projects/ROS2learn/rosprac809_ws/install/local_setup.ps1'
[11.917s] INFO:colcon.colcon_core.shell:Creating prefix util module '/home/keyur/empm809y_cpp/Cpp_projects/ROS2learn/rosprac809_ws/install/_local_setup_util_ps1.py'
[11.920s] INFO:colcon.colcon_core.shell:Creating prefix chain script '/home/keyur/empm809y_cpp/Cpp_projects/ROS2learn/rosprac809_ws/install/setup.ps1'
[11.998s] INFO:colcon.colcon_core.shell:Creating prefix script '/home/keyur/empm809y_cpp/Cpp_projects/ROS2learn/rosprac809_ws/install/local_setup.sh'
[11.998s] INFO:colcon.colcon_core.shell:Creating prefix util module '/home/keyur/empm809y_cpp/Cpp_projects/ROS2learn/rosprac809_ws/install/_local_setup_util_sh.py'
[11.999s] INFO:colcon.colcon_core.shell:Creating prefix chain script '/home/keyur/empm809y_cpp/Cpp_projects/ROS2learn/rosprac809_ws/install/setup.sh'
[12.076s] INFO:colcon.colcon_core.shell:Creating prefix script '/home/keyur/empm809y_cpp/Cpp_projects/ROS2learn/rosprac809_ws/install/local_setup.bash'
[12.078s] INFO:colcon.colcon_core.shell:Creating prefix chain script '/home/keyur/empm809y_cpp/Cpp_projects/ROS2learn/rosprac809_ws/install/setup.bash'
[12.156s] INFO:colcon.colcon_core.shell:Creating prefix script '/home/keyur/empm809y_cpp/Cpp_projects/ROS2learn/rosprac809_ws/install/local_setup.zsh'
[12.157s] INFO:colcon.colcon_core.shell:Creating prefix chain script '/home/keyur/empm809y_cpp/Cpp_projects/ROS2learn/rosprac809_ws/install/setup.zsh'
