In file included from [01m[K/home/keyur/empm809y_cpp/Cpp_projects/ROS2learn/rosprac809_ws/src/my_first_package/src/main.cpp:3[m[K:
[01m[K/home/keyur/empm809y_cpp/Cpp_projects/ROS2learn/rosprac809_ws/src/my_first_package/include/my_first_package/my_first_package.h:15:70:[m[K [01;35m[Kwarning: [m[Kcharacter constant too long for its type
   15 |             RCLCPP_INFO_STREAM(this->get.logger(),'Hello Keyur Borad'[01;35m[K)[m[K;
      |                                                                      [01;35m[K^[m[K
In file included from [01m[K/opt/ros/galactic/include/rclcpp/service.hpp:34[m[K,
                 from [01m[K/opt/ros/galactic/include/rclcpp/callback_group.hpp:25[m[K,
                 from [01m[K/opt/ros/galactic/include/rclcpp/any_executable.hpp:20[m[K,
                 from [01m[K/opt/ros/galactic/include/rclcpp/memory_strategy.hpp:25[m[K,
                 from [01m[K/opt/ros/galactic/include/rclcpp/memory_strategies.hpp:18[m[K,
                 from [01m[K/opt/ros/galactic/include/rclcpp/executor_options.hpp:20[m[K,
                 from [01m[K/opt/ros/galactic/include/rclcpp/executor.hpp:36[m[K,
                 from [01m[K/opt/ros/galactic/include/rclcpp/executors/multi_threaded_executor.hpp:26[m[K,
                 from [01m[K/opt/ros/galactic/include/rclcpp/executors.hpp:21[m[K,
                 from [01m[K/opt/ros/galactic/include/rclcpp/rclcpp.hpp:156[m[K,
                 from [01m[K/home/keyur/empm809y_cpp/Cpp_projects/ROS2learn/rosprac809_ws/src/my_first_package/src/main.cpp:1[m[K:
[01m[K/home/keyur/empm809y_cpp/Cpp_projects/ROS2learn/rosprac809_ws/src/my_first_package/include/my_first_package/my_first_package.h:[m[K In constructor ‘[01m[Kdemo::MyFirstPackage::MyFirstPackage(std::string)[m[K’:
[01m[K/home/keyur/empm809y_cpp/Cpp_projects/ROS2learn/rosprac809_ws/src/my_first_package/include/my_first_package/my_first_package.h:15:38:[m[K [01;31m[Kerror: [m[K‘[01m[Kclass demo::MyFirstPackage[m[K’ has no member named ‘[01m[Kget[m[K’
   15 |             RCLCPP_INFO_STREAM(this->[01;31m[Kget[m[K.logger(),'Hello Keyur Borad');
      |                                      [01;31m[K^~~[m[K
[01m[K/home/keyur/empm809y_cpp/Cpp_projects/ROS2learn/rosprac809_ws/src/my_first_package/include/my_first_package/my_first_package.h:15:38:[m[K [01;31m[Kerror: [m[K‘[01m[Kclass demo::MyFirstPackage[m[K’ has no member named ‘[01m[Kget[m[K’
[01m[K/home/keyur/empm809y_cpp/Cpp_projects/ROS2learn/rosprac809_ws/src/my_first_package/include/my_first_package/my_first_package.h:15:13:[m[K [01;31m[Kerror: [m[Ktemplate argument 1 is invalid
   15 |             [01;31m[KRCLCPP_INFO_STREAM[m[K(this->get.logger(),'Hello Keyur Borad');
      |             [01;31m[K^~~~~~~~~~~~~~~~~~[m[K
[01m[K/home/keyur/empm809y_cpp/Cpp_projects/ROS2learn/rosprac809_ws/src/my_first_package/include/my_first_package/my_first_package.h:15:13:[m[K [01;31m[Kerror: [m[Ktemplate argument 1 is invalid
   15 |             [01;31m[KRCLCPP_INFO_STREAM[m[K(this->get.logger(),'Hello Keyur Borad');
      |             [01;31m[K^~~~~~~~~~~~~~~~~~[m[K
[01m[K/home/keyur/empm809y_cpp/Cpp_projects/ROS2learn/rosprac809_ws/src/my_first_package/include/my_first_package/my_first_package.h:15:13:[m[K [01;31m[Kerror: [m[Ktemplate argument 1 is invalid
   15 |             [01;31m[KRCLCPP_INFO_STREAM[m[K(this->get.logger(),'Hello Keyur Borad');
      |             [01;31m[K^~~~~~~~~~~~~~~~~~[m[K
In file included from [01m[K/opt/ros/galactic/include/rclcpp/client.hpp:40[m[K,
                 from [01m[K/opt/ros/galactic/include/rclcpp/callback_group.hpp:23[m[K,
                 from [01m[K/opt/ros/galactic/include/rclcpp/any_executable.hpp:20[m[K,
                 from [01m[K/opt/ros/galactic/include/rclcpp/memory_strategy.hpp:25[m[K,
                 from [01m[K/opt/ros/galactic/include/rclcpp/memory_strategies.hpp:18[m[K,
                 from [01m[K/opt/ros/galactic/include/rclcpp/executor_options.hpp:20[m[K,
                 from [01m[K/opt/ros/galactic/include/rclcpp/executor.hpp:36[m[K,
                 from [01m[K/opt/ros/galactic/include/rclcpp/executors/multi_threaded_executor.hpp:26[m[K,
                 from [01m[K/opt/ros/galactic/include/rclcpp/executors.hpp:21[m[K,
                 from [01m[K/opt/ros/galactic/include/rclcpp/rclcpp.hpp:156[m[K,
                 from [01m[K/home/keyur/empm809y_cpp/Cpp_projects/ROS2learn/rosprac809_ws/src/my_first_package/src/main.cpp:1[m[K:
[01m[K/home/keyur/empm809y_cpp/Cpp_projects/ROS2learn/rosprac809_ws/src/my_first_package/include/my_first_package/my_first_package.h:15:38:[m[K [01;31m[Kerror: [m[K‘[01m[Kclass demo::MyFirstPackage[m[K’ has no member named ‘[01m[Kget[m[K’
   15 |             RCLCPP_INFO_STREAM(this->[01;31m[Kget[m[K.logger(),'Hello Keyur Borad');
      |                                      [01;31m[K^~~[m[K
[01m[K/home/keyur/empm809y_cpp/Cpp_projects/ROS2learn/rosprac809_ws/src/my_first_package/include/my_first_package/my_first_package.h:15:38:[m[K [01;31m[Kerror: [m[K‘[01m[Kclass demo::MyFirstPackage[m[K’ has no member named ‘[01m[Kget[m[K’
   15 |             RCLCPP_INFO_STREAM(this->[01;31m[Kget[m[K.logger(),'Hello Keyur Borad');
      |                                      [01;31m[K^~~[m[K
In file included from [01m[K/usr/include/x86_64-linux-gnu/c++/9/bits/c++allocator.h:33[m[K,
                 from [01m[K/usr/include/c++/9/bits/allocator.h:46[m[K,
                 from [01m[K/usr/include/c++/9/memory:63[m[K,
                 from [01m[K/opt/ros/galactic/include/rclcpp/rclcpp.hpp:154[m[K,
                 from [01m[K/home/keyur/empm809y_cpp/Cpp_projects/ROS2learn/rosprac809_ws/src/my_first_package/src/main.cpp:1[m[K:
/usr/include/c++/9/ext/new_allocator.h: In instantiation of ‘[01m[Kvoid __gnu_cxx::new_allocator<_Tp>::construct(_Up*, _Args&& ...) [with _Up = demo::MyFirstPackage; _Args = {const char (&)[6], const char (&)[10]}; _Tp = demo::MyFirstPackage][m[K’:
[01m[K/usr/include/c++/9/bits/alloc_traits.h:483:4:[m[K   required from ‘[01m[Kstatic void std::allocator_traits<std::allocator<_Tp1> >::construct(std::allocator_traits<std::allocator<_Tp1> >::allocator_type&, _Up*, _Args&& ...) [with _Up = demo::MyFirstPackage; _Args = {const char (&)[6], const char (&)[10]}; _Tp = demo::MyFirstPackage; std::allocator_traits<std::allocator<_Tp1> >::allocator_type = std::allocator<demo::MyFirstPackage>][m[K’
[01m[K/usr/include/c++/9/bits/shared_ptr_base.h:548:39:[m[K   required from ‘[01m[Kstd::_Sp_counted_ptr_inplace<_Tp, _Alloc, _Lp>::_Sp_counted_ptr_inplace(_Alloc, _Args&& ...) [with _Args = {const char (&)[6], const char (&)[10]}; _Tp = demo::MyFirstPackage; _Alloc = std::allocator<demo::MyFirstPackage>; __gnu_cxx::_Lock_policy _Lp = __gnu_cxx::_S_atomic][m[K’
[01m[K/usr/include/c++/9/bits/shared_ptr_base.h:679:16:[m[K   required from ‘[01m[Kstd::__shared_count<_Lp>::__shared_count(_Tp*&, std::_Sp_alloc_shared_tag<_Alloc>, _Args&& ...) [with _Tp = demo::MyFirstPackage; _Alloc = std::allocator<demo::MyFirstPackage>; _Args = {const char (&)[6], const char (&)[10]}; __gnu_cxx::_Lock_policy _Lp = __gnu_cxx::_S_atomic][m[K’
[01m[K/usr/include/c++/9/bits/shared_ptr_base.h:1344:71:[m[K   required from ‘[01m[Kstd::__shared_ptr<_Tp, _Lp>::__shared_ptr(std::_Sp_alloc_shared_tag<_Tp>, _Args&& ...) [with _Alloc = std::allocator<demo::MyFirstPackage>; _Args = {const char (&)[6], const char (&)[10]}; _Tp = demo::MyFirstPackage; __gnu_cxx::_Lock_policy _Lp = __gnu_cxx::_S_atomic][m[K’
[01m[K/usr/include/c++/9/bits/shared_ptr.h:359:59:[m[K   required from ‘[01m[Kstd::shared_ptr<_Tp>::shared_ptr(std::_Sp_alloc_shared_tag<_Tp>, _Args&& ...) [with _Alloc = std::allocator<demo::MyFirstPackage>; _Args = {const char (&)[6], const char (&)[10]}; _Tp = demo::MyFirstPackage][m[K’
[01m[K/usr/include/c++/9/bits/shared_ptr.h:701:14:[m[K   required from ‘[01m[Kstd::shared_ptr<_Tp> std::allocate_shared(const _Alloc&, _Args&& ...) [with _Tp = demo::MyFirstPackage; _Alloc = std::allocator<demo::MyFirstPackage>; _Args = {const char (&)[6], const char (&)[10]}][m[K’
[01m[K/usr/include/c++/9/bits/shared_ptr.h:717:39:[m[K   required from ‘[01m[Kstd::shared_ptr<_Tp> std::make_shared(_Args&& ...) [with _Tp = demo::MyFirstPackage; _Args = {const char (&)[6], const char (&)[10]}][m[K’
[01m[K/home/keyur/empm809y_cpp/Cpp_projects/ROS2learn/rosprac809_ws/src/my_first_package/src/main.cpp:6:75:[m[K   required from here
[01m[K/usr/include/c++/9/ext/new_allocator.h:146:4:[m[K [01;31m[Kerror: [m[Kno matching function for call to ‘[01m[Kdemo::MyFirstPackage::MyFirstPackage(const char [6], const char [10])[m[K’
  146 |  { [01;31m[K::new((void *)__p) _Up(std::forward<_Args>(__args)...)[m[K; }
      |    [01;31m[K^~~~~~~~~~~~~~~~~~~~~~~~~~~~~~~~~~~~~~~~~~~~~~~~~~~~~~[m[K
In file included from [01m[K/home/keyur/empm809y_cpp/Cpp_projects/ROS2learn/rosprac809_ws/src/my_first_package/src/main.cpp:3[m[K:
[01m[K/home/keyur/empm809y_cpp/Cpp_projects/ROS2learn/rosprac809_ws/src/my_first_package/include/my_first_package/my_first_package.h:14:9:[m[K [01;36m[Knote: [m[Kcandidate: ‘[01m[Kdemo::MyFirstPackage::MyFirstPackage(std::string)[m[K’
   14 |         [01;36m[KMyFirstPackage[m[K(std::string node_name): Node(node_name){
      |         [01;36m[K^~~~~~~~~~~~~~[m[K
[01m[K/home/keyur/empm809y_cpp/Cpp_projects/ROS2learn/rosprac809_ws/src/my_first_package/include/my_first_package/my_first_package.h:14:9:[m[K [01;36m[Knote: [m[K  candidate expects 1 argument, 2 provided
make[2]: *** [CMakeFiles/hello.dir/build.make:63: CMakeFiles/hello.dir/src/main.cpp.o] Error 1
make[1]: *** [CMakeFiles/Makefile2:78: CMakeFiles/hello.dir/all] Error 2
make: *** [Makefile:141: all] Error 2
