[0.754s] Invoking command in '/home/keyur/empm809y_cpp/Cpp_projects/ROS2learn/rosprac809_ws/build/automated_vehicle': CMAKE_PREFIX_PATH=${CMAKE_PREFIX_PATH}:/opt/ros/galactic /usr/bin/cmake --build /home/keyur/empm809y_cpp/Cpp_projects/ROS2learn/rosprac809_ws/build/automated_vehicle -- -j8 -l8
[1.045s] -- Found ament_cmake: 1.1.6 (/opt/ros/galactic/share/ament_cmake/cmake)
[1.156s] -- Using PYTHON_EXECUTABLE: /usr/bin/python3
[1.665s] -- Found rclcpp: 9.2.2 (/opt/ros/galactic/share/rclcpp/cmake)
[2.275s] -- Using all available rosidl_typesupport_c: rosidl_typesupport_fastrtps_c;rosidl_typesupport_introspection_c
[2.331s] -- Found rosidl_adapter: 2.2.3 (/opt/ros/galactic/share/rosidl_adapter/cmake)
[2.951s] -- Using all available rosidl_typesupport_cpp: rosidl_typesupport_fastrtps_cpp;rosidl_typesupport_introspection_cpp
[3.234s] -- Found rmw_implementation_cmake: 3.3.1 (/opt/ros/galactic/share/rmw_implementation_cmake/cmake)
[3.255s] -- Found rmw_cyclonedds_cpp: 0.22.6 (/opt/ros/galactic/share/rmw_cyclonedds_cpp/cmake)
[3.424s] -- Using RMW implementation 'rmw_cyclonedds_cpp' as default
[3.875s] -- Found sensor_msgs: 2.2.4 (/opt/ros/galactic/share/sensor_msgs/cmake)
[4.293s] -- Found ament_lint_auto: 0.10.7 (/opt/ros/galactic/share/ament_lint_auto/cmake)
[4.656s] -- Added test 'copyright' to check source files copyright and LICENSE
[4.674s] -- Added test 'cppcheck' to perform static code analysis on C / C++ code
[4.675s] -- Configured cppcheck include dirs: /home/keyur/empm809y_cpp/Cpp_projects/ROS2learn/rosprac809_ws/src/automated_vehicle/include/automated_vehicle
[4.675s] -- Configured cppcheck exclude dirs and/or files: 
[4.685s] -- Added test 'cpplint' to check C / C++ code against the Google style
[4.686s] -- Configured cpplint exclude dirs and/or files: 
[4.709s] -- Added test 'lint_cmake' to check CMake code style
[4.720s] -- Added test 'uncrustify' to check C / C++ code style
[4.721s] -- Configured uncrustify additional arguments: 
[4.729s] -- Added test 'xmllint' to check XML markup files
[4.744s] -- Configuring done
[4.871s] -- Generating done
[4.879s] -- Build files have been written to: /home/keyur/empm809y_cpp/Cpp_projects/ROS2learn/rosprac809_ws/build/automated_vehicle
[5.022s] [ 50%] [32m[1mLinking CXX executable camera_driver[0m
[5.254s] /usr/bin/ld: CMakeFiles/camera_driver.dir/src/camera.cpp.o: in function `rclcpp::Publisher<sensor_msgs::msg::Image_<std::allocator<void> >, std::allocator<void> >::Publisher(rclcpp::node_interfaces::NodeBaseInterface*, std::__cxx11::basic_string<char, std::char_traits<char>, std::allocator<char> > const&, rclcpp::QoS const&, rclcpp::PublisherOptionsWithAllocator<std::allocator<void> > const&)':
[5.254s] camera.cpp:(.text._ZN6rclcpp9PublisherIN11sensor_msgs3msg6Image_ISaIvEEES4_EC2EPNS_15node_interfaces17NodeBaseInterfaceERKNSt7__cxx1112basic_stringIcSt11char_traitsIcESaIcEEERKNS_3QoSERKNS_29PublisherOptionsWithAllocatorIS4_EE[_ZN6rclcpp9PublisherIN11sensor_msgs3msg6Image_ISaIvEEES4_EC5EPNS_15node_interfaces17NodeBaseInterfaceERKNSt7__cxx1112basic_stringIcSt11char_traitsIcESaIcEEERKNS_3QoSERKNS_29PublisherOptionsWithAllocatorIS4_EE]+0x6e): undefined reference to `rosidl_message_type_support_t const* rosidl_typesupport_cpp::get_message_type_support_handle<sensor_msgs::msg::Image_<std::allocator<void> > >()'
[5.254s] collect2: error: ld returned 1 exit status
[5.255s] make[2]: *** [CMakeFiles/camera_driver.dir/build.make:132: camera_driver] Error 1
[5.256s] make[1]: *** [CMakeFiles/Makefile2:78: CMakeFiles/camera_driver.dir/all] Error 2
[5.256s] make: *** [Makefile:141: all] Error 2
[5.259s] Invoked command in '/home/keyur/empm809y_cpp/Cpp_projects/ROS2learn/rosprac809_ws/build/automated_vehicle' returned '2': CMAKE_PREFIX_PATH=${CMAKE_PREFIX_PATH}:/opt/ros/galactic /usr/bin/cmake --build /home/keyur/empm809y_cpp/Cpp_projects/ROS2learn/rosprac809_ws/build/automated_vehicle -- -j8 -l8
