[0.275s] Invoking command in '/home/keyur/empm809y_cpp/Cpp_projects/ROS2learn/rosprac809_ws/build/my_first_package': CMAKE_PREFIX_PATH=${CMAKE_PREFIX_PATH}:/opt/ros/galactic /usr/bin/cmake --build /home/keyur/empm809y_cpp/Cpp_projects/ROS2learn/rosprac809_ws/build/my_first_package -- -j8 -l8
[0.642s] -- Found ament_cmake: 1.1.6 (/opt/ros/galactic/share/ament_cmake/cmake)
[0.760s] -- Using PYTHON_EXECUTABLE: /usr/bin/python3
[1.328s] -- Found rclcpp: 9.2.2 (/opt/ros/galactic/share/rclcpp/cmake)
[1.929s] -- Using all available rosidl_typesupport_c: rosidl_typesupport_fastrtps_c;rosidl_typesupport_introspection_c
[2.022s] -- Found rosidl_adapter: 2.2.3 (/opt/ros/galactic/share/rosidl_adapter/cmake)
[2.711s] -- Using all available rosidl_typesupport_cpp: rosidl_typesupport_fastrtps_cpp;rosidl_typesupport_introspection_cpp
[2.995s] -- Found rmw_implementation_cmake: 3.3.1 (/opt/ros/galactic/share/rmw_implementation_cmake/cmake)
[3.017s] -- Found rmw_cyclonedds_cpp: 0.22.6 (/opt/ros/galactic/share/rmw_cyclonedds_cpp/cmake)
[3.174s] -- Using RMW implementation 'rmw_cyclonedds_cpp' as default
[3.670s] -- Found ament_lint_auto: 0.10.7 (/opt/ros/galactic/share/ament_lint_auto/cmake)
[4.067s] -- Added test 'copyright' to check source files copyright and LICENSE
[4.084s] -- Added test 'cppcheck' to perform static code analysis on C / C++ code
[4.085s] -- Configured cppcheck include dirs: /home/keyur/empm809y_cpp/Cpp_projects/ROS2learn/rosprac809_ws/src/my_first_package/include/my_first_package
[4.086s] -- Configured cppcheck exclude dirs and/or files: 
[4.096s] -- Added test 'cpplint' to check C / C++ code against the Google style
[4.096s] -- Configured cpplint exclude dirs and/or files: 
[4.120s] -- Added test 'lint_cmake' to check CMake code style
[4.131s] -- Added test 'uncrustify' to check C / C++ code style
[4.131s] -- Configured uncrustify additional arguments: 
[4.140s] -- Added test 'xmllint' to check XML markup files
[4.183s] -- Configuring done
[4.447s] -- Generating done
[4.456s] -- Build files have been written to: /home/keyur/empm809y_cpp/Cpp_projects/ROS2learn/rosprac809_ws/build/my_first_package
[4.525s] [35m[1mScanning dependencies of target hello[0m
[4.691s] [ 33%] [32mBuilding CXX object CMakeFiles/hello.dir/src/main.cpp.o[0m
[4.734s] [ 66%] [32mBuilding CXX object CMakeFiles/hello.dir/src/my_first_package.cpp.o[0m
[7.804s] In file included from [01m[K/usr/include/x86_64-linux-gnu/c++/9/bits/c++allocator.h:33[m[K,
[7.804s]                  from [01m[K/usr/include/c++/9/bits/allocator.h:46[m[K,
[7.804s]                  from [01m[K/usr/include/c++/9/memory:63[m[K,
[7.804s]                  from [01m[K/opt/ros/galactic/include/rclcpp/rclcpp.hpp:154[m[K,
[7.804s]                  from [01m[K/home/keyur/empm809y_cpp/Cpp_projects/ROS2learn/rosprac809_ws/src/my_first_package/src/main.cpp:1[m[K:
[7.804s] /usr/include/c++/9/ext/new_allocator.h: In instantiation of ‘[01m[Kvoid __gnu_cxx::new_allocator<_Tp>::construct(_Up*, _Args&& ...) [with _Up = demo::MyFirstPackage; _Args = {const char (&)[6], const char (&)[10]}; _Tp = demo::MyFirstPackage][m[K’:
[7.805s] [01m[K/usr/include/c++/9/bits/alloc_traits.h:483:4:[m[K   required from ‘[01m[Kstatic void std::allocator_traits<std::allocator<_Tp1> >::construct(std::allocator_traits<std::allocator<_Tp1> >::allocator_type&, _Up*, _Args&& ...) [with _Up = demo::MyFirstPackage; _Args = {const char (&)[6], const char (&)[10]}; _Tp = demo::MyFirstPackage; std::allocator_traits<std::allocator<_Tp1> >::allocator_type = std::allocator<demo::MyFirstPackage>][m[K’
[7.805s] [01m[K/usr/include/c++/9/bits/shared_ptr_base.h:548:39:[m[K   required from ‘[01m[Kstd::_Sp_counted_ptr_inplace<_Tp, _Alloc, _Lp>::_Sp_counted_ptr_inplace(_Alloc, _Args&& ...) [with _Args = {const char (&)[6], const char (&)[10]}; _Tp = demo::MyFirstPackage; _Alloc = std::allocator<demo::MyFirstPackage>; __gnu_cxx::_Lock_policy _Lp = __gnu_cxx::_S_atomic][m[K’
[7.805s] [01m[K/usr/include/c++/9/bits/shared_ptr_base.h:679:16:[m[K   required from ‘[01m[Kstd::__shared_count<_Lp>::__shared_count(_Tp*&, std::_Sp_alloc_shared_tag<_Alloc>, _Args&& ...) [with _Tp = demo::MyFirstPackage; _Alloc = std::allocator<demo::MyFirstPackage>; _Args = {const char (&)[6], const char (&)[10]}; __gnu_cxx::_Lock_policy _Lp = __gnu_cxx::_S_atomic][m[K’
[7.805s] [01m[K/usr/include/c++/9/bits/shared_ptr_base.h:1344:71:[m[K   required from ‘[01m[Kstd::__shared_ptr<_Tp, _Lp>::__shared_ptr(std::_Sp_alloc_shared_tag<_Tp>, _Args&& ...) [with _Alloc = std::allocator<demo::MyFirstPackage>; _Args = {const char (&)[6], const char (&)[10]}; _Tp = demo::MyFirstPackage; __gnu_cxx::_Lock_policy _Lp = __gnu_cxx::_S_atomic][m[K’
[7.805s] [01m[K/usr/include/c++/9/bits/shared_ptr.h:359:59:[m[K   required from ‘[01m[Kstd::shared_ptr<_Tp>::shared_ptr(std::_Sp_alloc_shared_tag<_Tp>, _Args&& ...) [with _Alloc = std::allocator<demo::MyFirstPackage>; _Args = {const char (&)[6], const char (&)[10]}; _Tp = demo::MyFirstPackage][m[K’
[7.805s] [01m[K/usr/include/c++/9/bits/shared_ptr.h:701:14:[m[K   required from ‘[01m[Kstd::shared_ptr<_Tp> std::allocate_shared(const _Alloc&, _Args&& ...) [with _Tp = demo::MyFirstPackage; _Alloc = std::allocator<demo::MyFirstPackage>; _Args = {const char (&)[6], const char (&)[10]}][m[K’
[7.805s] [01m[K/usr/include/c++/9/bits/shared_ptr.h:717:39:[m[K   required from ‘[01m[Kstd::shared_ptr<_Tp> std::make_shared(_Args&& ...) [with _Tp = demo::MyFirstPackage; _Args = {const char (&)[6], const char (&)[10]}][m[K’
[7.805s] [01m[K/home/keyur/empm809y_cpp/Cpp_projects/ROS2learn/rosprac809_ws/src/my_first_package/src/main.cpp:6:75:[m[K   required from here
[7.805s] [01m[K/usr/include/c++/9/ext/new_allocator.h:146:4:[m[K [01;31m[Kerror: [m[Kno matching function for call to ‘[01m[Kdemo::MyFirstPackage::MyFirstPackage(const char [6], const char [10])[m[K’
[7.805s]   146 |  { [01;31m[K::new((void *)__p) _Up(std::forward<_Args>(__args)...)[m[K; }
[7.805s]       |    [01;31m[K^~~~~~~~~~~~~~~~~~~~~~~~~~~~~~~~~~~~~~~~~~~~~~~~~~~~~~[m[K
[7.806s] In file included from [01m[K/home/keyur/empm809y_cpp/Cpp_projects/ROS2learn/rosprac809_ws/src/my_first_package/src/main.cpp:3[m[K:
[7.806s] [01m[K/home/keyur/empm809y_cpp/Cpp_projects/ROS2learn/rosprac809_ws/src/my_first_package/include/my_first_package/my_first_package.h:15:9:[m[K [01;36m[Knote: [m[Kcandidate: ‘[01m[Kdemo::MyFirstPackage::MyFirstPackage(std::string)[m[K’
[7.806s]    15 |         [01;36m[KMyFirstPackage[m[K(std::string node_name): Node(node_name){
[7.806s]       |         [01;36m[K^~~~~~~~~~~~~~[m[K
[7.806s] [01m[K/home/keyur/empm809y_cpp/Cpp_projects/ROS2learn/rosprac809_ws/src/my_first_package/include/my_first_package/my_first_package.h:15:9:[m[K [01;36m[Knote: [m[K  candidate expects 1 argument, 2 provided
[7.899s] make[2]: *** [CMakeFiles/hello.dir/build.make:63: CMakeFiles/hello.dir/src/main.cpp.o] Error 1
[7.899s] make[1]: *** [CMakeFiles/Makefile2:78: CMakeFiles/hello.dir/all] Error 2
[7.899s] make: *** [Makefile:141: all] Error 2
[7.904s] Invoked command in '/home/keyur/empm809y_cpp/Cpp_projects/ROS2learn/rosprac809_ws/build/my_first_package' returned '2': CMAKE_PREFIX_PATH=${CMAKE_PREFIX_PATH}:/opt/ros/galactic /usr/bin/cmake --build /home/keyur/empm809y_cpp/Cpp_projects/ROS2learn/rosprac809_ws/build/my_first_package -- -j8 -l8
