[0.278s] Invoking command in '/home/keyur/empm809y_cpp/Cpp_projects/ROS2learn/rosprac809_ws/build/av_msgs': /usr/bin/cmake /home/keyur/empm809y_cpp/Cpp_projects/ROS2learn/rosprac809_ws/src/av_msgs -DCMAKE_INSTALL_PREFIX=/home/keyur/empm809y_cpp/Cpp_projects/ROS2learn/rosprac809_ws/install/av_msgs
[3.089s] -- The C compiler identification is GNU 9.4.0
[3.259s] -- The CXX compiler identification is GNU 9.4.0
[3.343s] -- Check for working C compiler: /usr/bin/cc
[3.529s] -- Check for working C compiler: /usr/bin/cc -- works
[3.559s] -- Detecting C compiler ABI info
[3.682s] -- Detecting C compiler ABI info - done
[3.705s] -- Detecting C compile features
[3.722s] -- Detecting C compile features - done
[3.727s] -- Check for working CXX compiler: /usr/bin/c++
[3.853s] -- Check for working CXX compiler: /usr/bin/c++ -- works
[3.855s] -- Detecting CXX compiler ABI info
[3.977s] -- Detecting CXX compiler ABI info - done
[3.992s] -- Detecting CXX compile features
[3.993s] -- Detecting CXX compile features - done
[4.062s] -- Found ament_cmake: 1.1.6 (/opt/ros/galactic/share/ament_cmake/cmake)
[4.188s] -- Found PythonInterp: /usr/bin/python3 (found suitable version "3.8.10", minimum required is "3") 
[4.189s] -- Using PYTHON_EXECUTABLE: /usr/bin/python3
[4.722s] -- Found std_msgs: 2.2.4 (/opt/ros/galactic/share/std_msgs/cmake)
[5.088s] -- Using all available rosidl_typesupport_c: rosidl_typesupport_fastrtps_c;rosidl_typesupport_introspection_c
[5.189s] -- Found rosidl_adapter: 2.2.3 (/opt/ros/galactic/share/rosidl_adapter/cmake)
[5.864s] -- Found OpenSSL: /usr/lib/x86_64-linux-gnu/libcrypto.so (found version "1.1.1f")  
[6.005s] -- Found FastRTPS: /opt/ros/galactic/include  
[6.418s] -- Using all available rosidl_typesupport_cpp: rosidl_typesupport_fastrtps_cpp;rosidl_typesupport_introspection_cpp
[6.553s] -- Found ament_lint_auto: 0.10.7 (/opt/ros/galactic/share/ament_lint_auto/cmake)
[6.666s] Error parsing '/home/keyur/empm809y_cpp/Cpp_projects/ROS2learn/rosprac809_ws/src/av_msgs/package.xml':
[6.873s] Traceback (most recent call last):
[6.874s]   File "/opt/ros/galactic/share/ament_cmake_core/cmake/core/package_xml_2_cmake.py", line 151, in <module>
[6.874s]     main()
[6.874s]   File "/opt/ros/galactic/share/ament_cmake_core/cmake/core/package_xml_2_cmake.py", line 54, in main
[6.875s]     raise e
[6.875s]   File "/opt/ros/galactic/share/ament_cmake_core/cmake/core/package_xml_2_cmake.py", line 50, in main
[6.875s]     package = parse_package_string(
[6.876s]   File "/usr/lib/python3/dist-packages/catkin_pkg/package.py", line 786, in parse_package_string
[6.876s]     raise InvalidPackage('Error(s):%s' % (''.join(['\n- %s' % e for e in errors])), filename)
[6.876s] catkin_pkg.package.InvalidPackage: Error(s) in package '/home/keyur/empm809y_cpp/Cpp_projects/ROS2learn/rosprac809_ws/src/av_msgs/package.xml':
[6.877s] Error(s):
[6.877s] - The generic dependency on 'std_msgs' is redundant with: build_depend, build_export_depend, exec_depend
[6.917s] CMake Error at /opt/ros/galactic/share/ament_cmake_core/cmake/core/ament_package_xml.cmake:94 (message):
[6.917s]   execute_process(/usr/bin/python3
[6.917s]   /opt/ros/galactic/share/ament_cmake_core/cmake/core/package_xml_2_cmake.py
[6.917s]   /home/keyur/empm809y_cpp/Cpp_projects/ROS2learn/rosprac809_ws/src/av_msgs/package.xml
[6.917s]   /home/keyur/empm809y_cpp/Cpp_projects/ROS2learn/rosprac809_ws/build/av_msgs/ament_cmake_core/package.cmake)
[6.917s]   returned error code 1
[6.917s] Call Stack (most recent call first):
[6.918s]   /opt/ros/galactic/share/ament_cmake_core/cmake/core/ament_package_xml.cmake:49 (_ament_package_xml)
[6.918s]   /opt/ros/galactic/share/ament_lint_auto/cmake/ament_lint_auto_find_test_dependencies.cmake:31 (ament_package_xml)
[6.918s]   CMakeLists.txt:20 (ament_lint_auto_find_test_dependencies)
[6.918s] 
[6.918s] 
[6.919s] -- Configuring incomplete, errors occurred!
[6.920s] See also "/home/keyur/empm809y_cpp/Cpp_projects/ROS2learn/rosprac809_ws/build/av_msgs/CMakeFiles/CMakeOutput.log".
[6.930s] Invoked command in '/home/keyur/empm809y_cpp/Cpp_projects/ROS2learn/rosprac809_ws/build/av_msgs' returned '1': /usr/bin/cmake /home/keyur/empm809y_cpp/Cpp_projects/ROS2learn/rosprac809_ws/src/av_msgs -DCMAKE_INSTALL_PREFIX=/home/keyur/empm809y_cpp/Cpp_projects/ROS2learn/rosprac809_ws/install/av_msgs
