[3.108s] DEBUG:colcon:Command line arguments: ['/usr/bin/colcon', 'build', '--packages-select', 'automated_vehicle']
[3.108s] DEBUG:colcon:Parsed command line arguments: Namespace(allow_overriding=[], ament_cmake_args=None, base_paths=['.'], build_base='build', catkin_cmake_args=None, catkin_skip_building_tests=False, cmake_args=None, cmake_clean_cache=False, cmake_clean_first=False, cmake_force_configure=False, cmake_target=None, cmake_target_skip_unavailable=False, continue_on_error=False, event_handlers=None, executor='parallel', ignore_user_meta=False, install_base='install', log_base=None, log_level=None, main=<bound method BuildVerb.main of <colcon_core.verb.build.BuildVerb object at 0x7f47626fe610>>, merge_install=False, metas=['./colcon.meta'], packages_above=None, packages_above_and_dependencies=None, packages_above_depth=None, packages_end=None, packages_ignore=None, packages_ignore_regex=None, packages_select=['automated_vehicle'], packages_select_build_failed=False, packages_select_by_dep=None, packages_select_regex=None, packages_select_test_failures=False, packages_skip=None, packages_skip_build_finished=False, packages_skip_by_dep=None, packages_skip_regex=None, packages_skip_test_passed=False, packages_skip_up_to=None, packages_start=None, packages_up_to=None, packages_up_to_regex=None, parallel_workers=8, paths=None, symlink_install=False, test_result_base=None, verb_extension=<colcon_core.verb.build.BuildVerb object at 0x7f47626fe610>, verb_name='build', verb_parser=<colcon_defaults.argument_parser.defaults.DefaultArgumentsDecorator object at 0x7f47626fee50>)
[3.251s] Level 1:colcon.colcon_core.package_discovery:discover_packages(colcon_meta) check parameters
[3.252s] Level 1:colcon.colcon_core.package_discovery:discover_packages(recursive) check parameters
[3.252s] Level 1:colcon.colcon_core.package_discovery:discover_packages(ignore) check parameters
[3.252s] Level 1:colcon.colcon_core.package_discovery:discover_packages(path) check parameters
[3.252s] Level 1:colcon.colcon_core.package_discovery:discover_packages(colcon_meta) discover
[3.252s] Level 1:colcon.colcon_core.package_discovery:discover_packages(recursive) discover
[3.252s] INFO:colcon.colcon_core.package_discovery:Crawling recursively for packages in '/home/keyur/empm809y_cpp/Cpp_projects/ROS2learn/rosprac809_ws'
[3.252s] Level 1:colcon.colcon_core.package_identification:_identify(.) by extensions ['ignore', 'ignore_ament_install']
[3.252s] Level 1:colcon.colcon_core.package_identification:_identify(.) by extension 'ignore'
[3.252s] Level 1:colcon.colcon_core.package_identification:_identify(.) by extension 'ignore_ament_install'
[3.252s] Level 1:colcon.colcon_core.package_identification:_identify(.) by extensions ['colcon_pkg']
[3.252s] Level 1:colcon.colcon_core.package_identification:_identify(.) by extension 'colcon_pkg'
[3.252s] Level 1:colcon.colcon_core.package_identification:_identify(.) by extensions ['colcon_meta']
[3.252s] Level 1:colcon.colcon_core.package_identification:_identify(.) by extension 'colcon_meta'
[3.252s] Level 1:colcon.colcon_core.package_identification:_identify(.) by extensions ['ros']
[3.252s] Level 1:colcon.colcon_core.package_identification:_identify(.) by extension 'ros'
[3.284s] Level 1:colcon.colcon_core.package_identification:_identify(.) by extensions ['cmake', 'python']
[3.284s] Level 1:colcon.colcon_core.package_identification:_identify(.) by extension 'cmake'
[3.284s] Level 1:colcon.colcon_core.package_identification:_identify(.) by extension 'python'
[3.284s] Level 1:colcon.colcon_core.package_identification:_identify(.) by extensions ['python_setup_py']
[3.284s] Level 1:colcon.colcon_core.package_identification:_identify(.) by extension 'python_setup_py'
[3.285s] Level 1:colcon.colcon_core.package_identification:_identify(build) by extensions ['ignore', 'ignore_ament_install']
[3.285s] Level 1:colcon.colcon_core.package_identification:_identify(build) by extension 'ignore'
[3.285s] Level 1:colcon.colcon_core.package_identification:_identify(build) ignored
[3.285s] Level 1:colcon.colcon_core.package_identification:_identify(install) by extensions ['ignore', 'ignore_ament_install']
[3.285s] Level 1:colcon.colcon_core.package_identification:_identify(install) by extension 'ignore'
[3.285s] Level 1:colcon.colcon_core.package_identification:_identify(install) ignored
[3.285s] Level 1:colcon.colcon_core.package_identification:_identify(log) by extensions ['ignore', 'ignore_ament_install']
[3.286s] Level 1:colcon.colcon_core.package_identification:_identify(log) by extension 'ignore'
[3.286s] Level 1:colcon.colcon_core.package_identification:_identify(log) ignored
[3.286s] Level 1:colcon.colcon_core.package_identification:_identify(src) by extensions ['ignore', 'ignore_ament_install']
[3.286s] Level 1:colcon.colcon_core.package_identification:_identify(src) by extension 'ignore'
[3.286s] Level 1:colcon.colcon_core.package_identification:_identify(src) by extension 'ignore_ament_install'
[3.286s] Level 1:colcon.colcon_core.package_identification:_identify(src) by extensions ['colcon_pkg']
[3.286s] Level 1:colcon.colcon_core.package_identification:_identify(src) by extension 'colcon_pkg'
[3.286s] Level 1:colcon.colcon_core.package_identification:_identify(src) by extensions ['colcon_meta']
[3.286s] Level 1:colcon.colcon_core.package_identification:_identify(src) by extension 'colcon_meta'
[3.286s] Level 1:colcon.colcon_core.package_identification:_identify(src) by extensions ['ros']
[3.286s] Level 1:colcon.colcon_core.package_identification:_identify(src) by extension 'ros'
[3.286s] Level 1:colcon.colcon_core.package_identification:_identify(src) by extensions ['cmake', 'python']
[3.286s] Level 1:colcon.colcon_core.package_identification:_identify(src) by extension 'cmake'
[3.287s] Level 1:colcon.colcon_core.package_identification:_identify(src) by extension 'python'
[3.287s] Level 1:colcon.colcon_core.package_identification:_identify(src) by extensions ['python_setup_py']
[3.287s] Level 1:colcon.colcon_core.package_identification:_identify(src) by extension 'python_setup_py'
[3.287s] Level 1:colcon.colcon_core.package_identification:_identify(src/automated_vehicle) by extensions ['ignore', 'ignore_ament_install']
[3.287s] Level 1:colcon.colcon_core.package_identification:_identify(src/automated_vehicle) by extension 'ignore'
[3.287s] Level 1:colcon.colcon_core.package_identification:_identify(src/automated_vehicle) by extension 'ignore_ament_install'
[3.287s] Level 1:colcon.colcon_core.package_identification:_identify(src/automated_vehicle) by extensions ['colcon_pkg']
[3.287s] Level 1:colcon.colcon_core.package_identification:_identify(src/automated_vehicle) by extension 'colcon_pkg'
[3.287s] Level 1:colcon.colcon_core.package_identification:_identify(src/automated_vehicle) by extensions ['colcon_meta']
[3.287s] Level 1:colcon.colcon_core.package_identification:_identify(src/automated_vehicle) by extension 'colcon_meta'
[3.287s] Level 1:colcon.colcon_core.package_identification:_identify(src/automated_vehicle) by extensions ['ros']
[3.287s] Level 1:colcon.colcon_core.package_identification:_identify(src/automated_vehicle) by extension 'ros'
[3.291s] DEBUG:colcon.colcon_core.package_identification:Package 'src/automated_vehicle' with type 'ros.ament_cmake' and name 'automated_vehicle'
[3.292s] Level 1:colcon.colcon_core.package_identification:_identify(src/av_msgs) by extensions ['ignore', 'ignore_ament_install']
[3.292s] Level 1:colcon.colcon_core.package_identification:_identify(src/av_msgs) by extension 'ignore'
[3.292s] Level 1:colcon.colcon_core.package_identification:_identify(src/av_msgs) by extension 'ignore_ament_install'
[3.292s] Level 1:colcon.colcon_core.package_identification:_identify(src/av_msgs) by extensions ['colcon_pkg']
[3.292s] Level 1:colcon.colcon_core.package_identification:_identify(src/av_msgs) by extension 'colcon_pkg'
[3.293s] Level 1:colcon.colcon_core.package_identification:_identify(src/av_msgs) by extensions ['colcon_meta']
[3.293s] Level 1:colcon.colcon_core.package_identification:_identify(src/av_msgs) by extension 'colcon_meta'
[3.293s] Level 1:colcon.colcon_core.package_identification:_identify(src/av_msgs) by extensions ['ros']
[3.293s] Level 1:colcon.colcon_core.package_identification:_identify(src/av_msgs) by extension 'ros'
[3.294s] DEBUG:colcon.colcon_core.package_identification:Package 'src/av_msgs' with type 'ros.ament_cmake' and name 'av_msgs'
[3.294s] Level 1:colcon.colcon_core.package_identification:_identify(src/my_first_package) by extensions ['ignore', 'ignore_ament_install']
[3.294s] Level 1:colcon.colcon_core.package_identification:_identify(src/my_first_package) by extension 'ignore'
[3.295s] Level 1:colcon.colcon_core.package_identification:_identify(src/my_first_package) by extension 'ignore_ament_install'
[3.295s] Level 1:colcon.colcon_core.package_identification:_identify(src/my_first_package) by extensions ['colcon_pkg']
[3.295s] Level 1:colcon.colcon_core.package_identification:_identify(src/my_first_package) by extension 'colcon_pkg'
[3.295s] Level 1:colcon.colcon_core.package_identification:_identify(src/my_first_package) by extensions ['colcon_meta']
[3.295s] Level 1:colcon.colcon_core.package_identification:_identify(src/my_first_package) by extension 'colcon_meta'
[3.295s] Level 1:colcon.colcon_core.package_identification:_identify(src/my_first_package) by extensions ['ros']
[3.295s] Level 1:colcon.colcon_core.package_identification:_identify(src/my_first_package) by extension 'ros'
[3.296s] DEBUG:colcon.colcon_core.package_identification:Package 'src/my_first_package' with type 'ros.ament_cmake' and name 'my_first_package'
[3.296s] Level 1:colcon.colcon_core.package_discovery:discover_packages(recursive) using defaults
[3.296s] Level 1:colcon.colcon_core.package_discovery:discover_packages(ignore) discover
[3.296s] Level 1:colcon.colcon_core.package_discovery:discover_packages(ignore) using defaults
[3.296s] Level 1:colcon.colcon_core.package_discovery:discover_packages(path) discover
[3.296s] Level 1:colcon.colcon_core.package_discovery:discover_packages(path) using defaults
[3.495s] INFO:colcon.colcon_core.package_selection:Skipping not selected package 'av_msgs' in 'src/av_msgs'
[3.495s] INFO:colcon.colcon_core.package_selection:Skipping not selected package 'my_first_package' in 'src/my_first_package'
[3.652s] Level 1:colcon.colcon_core.package_discovery:discover_packages(prefix_path) check parameters
[3.652s] Level 1:colcon.colcon_core.package_discovery:discover_packages(prefix_path) discover
[3.835s] DEBUG:colcon.colcon_installed_package_information.package_discovery:Found 3 installed packages in /home/keyur/empm809y_cpp/Cpp_projects/ROS2learn/rosprac809_ws/install
[3.919s] DEBUG:colcon.colcon_installed_package_information.package_discovery:Found 2 installed packages in /home/keyur/ros809_ws/install
[3.995s] DEBUG:colcon.colcon_installed_package_information.package_discovery:Found 329 installed packages in /opt/ros/galactic
[3.998s] Level 1:colcon.colcon_core.package_discovery:discover_packages(prefix_path) using defaults
[4.338s] Level 5:colcon.colcon_core.verb:set package 'automated_vehicle' build argument 'cmake_args' from command line to 'None'
[4.338s] Level 5:colcon.colcon_core.verb:set package 'automated_vehicle' build argument 'cmake_target' from command line to 'None'
[4.338s] Level 5:colcon.colcon_core.verb:set package 'automated_vehicle' build argument 'cmake_target_skip_unavailable' from command line to 'False'
[4.338s] Level 5:colcon.colcon_core.verb:set package 'automated_vehicle' build argument 'cmake_clean_cache' from command line to 'False'
[4.338s] Level 5:colcon.colcon_core.verb:set package 'automated_vehicle' build argument 'cmake_clean_first' from command line to 'False'
[4.338s] Level 5:colcon.colcon_core.verb:set package 'automated_vehicle' build argument 'cmake_force_configure' from command line to 'False'
[4.338s] Level 5:colcon.colcon_core.verb:set package 'automated_vehicle' build argument 'ament_cmake_args' from command line to 'None'
[4.338s] Level 5:colcon.colcon_core.verb:set package 'automated_vehicle' build argument 'catkin_cmake_args' from command line to 'None'
[4.338s] Level 5:colcon.colcon_core.verb:set package 'automated_vehicle' build argument 'catkin_skip_building_tests' from command line to 'False'
[4.338s] DEBUG:colcon.colcon_core.verb:Building package 'automated_vehicle' with the following arguments: {'ament_cmake_args': None, 'build_base': '/home/keyur/empm809y_cpp/Cpp_projects/ROS2learn/rosprac809_ws/build/automated_vehicle', 'catkin_cmake_args': None, 'catkin_skip_building_tests': False, 'cmake_args': None, 'cmake_clean_cache': False, 'cmake_clean_first': False, 'cmake_force_configure': False, 'cmake_target': None, 'cmake_target_skip_unavailable': False, 'install_base': '/home/keyur/empm809y_cpp/Cpp_projects/ROS2learn/rosprac809_ws/install/automated_vehicle', 'merge_install': False, 'path': '/home/keyur/empm809y_cpp/Cpp_projects/ROS2learn/rosprac809_ws/src/automated_vehicle', 'symlink_install': False, 'test_result_base': None}
[4.413s] INFO:colcon.colcon_core.executor:Executing jobs using 'parallel' executor
[4.466s] DEBUG:colcon.colcon_parallel_executor.executor.parallel:run_until_complete
[4.466s] INFO:colcon.colcon_ros.task.ament_cmake.build:Building ROS package in '/home/keyur/empm809y_cpp/Cpp_projects/ROS2learn/rosprac809_ws/src/automated_vehicle' with build type 'ament_cmake'
[4.466s] INFO:colcon.colcon_cmake.task.cmake.build:Building CMake package in '/home/keyur/empm809y_cpp/Cpp_projects/ROS2learn/rosprac809_ws/src/automated_vehicle'
[4.519s] INFO:colcon.colcon_core.plugin_system:Skipping extension 'colcon_core.shell.bat': Not used on non-Windows systems
[4.519s] INFO:colcon.colcon_core.shell:Skip shell extension 'powershell' for command environment: Not usable outside of PowerShell
[4.519s] DEBUG:colcon.colcon_core.shell:Skip shell extension 'dsv' for command environment
[4.812s] DEBUG:colcon.colcon_core.event_handler.log_command:Invoking command in '/home/keyur/empm809y_cpp/Cpp_projects/ROS2learn/rosprac809_ws/build/automated_vehicle': CMAKE_PREFIX_PATH=${CMAKE_PREFIX_PATH}:/opt/ros/galactic /usr/bin/cmake --build /home/keyur/empm809y_cpp/Cpp_projects/ROS2learn/rosprac809_ws/build/automated_vehicle -- -j8 -l8
[11.871s] DEBUG:colcon.colcon_core.event_handler.log_command:Invoked command in '/home/keyur/empm809y_cpp/Cpp_projects/ROS2learn/rosprac809_ws/build/automated_vehicle' returned '0': CMAKE_PREFIX_PATH=${CMAKE_PREFIX_PATH}:/opt/ros/galactic /usr/bin/cmake --build /home/keyur/empm809y_cpp/Cpp_projects/ROS2learn/rosprac809_ws/build/automated_vehicle -- -j8 -l8
[11.947s] DEBUG:colcon.colcon_core.event_handler.log_command:Invoking command in '/home/keyur/empm809y_cpp/Cpp_projects/ROS2learn/rosprac809_ws/build/automated_vehicle': CMAKE_PREFIX_PATH=${CMAKE_PREFIX_PATH}:/opt/ros/galactic /usr/bin/cmake --install /home/keyur/empm809y_cpp/Cpp_projects/ROS2learn/rosprac809_ws/build/automated_vehicle
[11.975s] Level 1:colcon.colcon_core.environment:create_environment_scripts_only(automated_vehicle)
[11.979s] DEBUG:colcon.colcon_core.event_handler.log_command:Invoked command in '/home/keyur/empm809y_cpp/Cpp_projects/ROS2learn/rosprac809_ws/build/automated_vehicle' returned '0': CMAKE_PREFIX_PATH=${CMAKE_PREFIX_PATH}:/opt/ros/galactic /usr/bin/cmake --install /home/keyur/empm809y_cpp/Cpp_projects/ROS2learn/rosprac809_ws/build/automated_vehicle
[12.071s] Level 1:colcon.colcon_core.environment:checking '/home/keyur/empm809y_cpp/Cpp_projects/ROS2learn/rosprac809_ws/install/automated_vehicle' for CMake module files
[12.072s] Level 1:colcon.colcon_core.environment:checking '/home/keyur/empm809y_cpp/Cpp_projects/ROS2learn/rosprac809_ws/install/automated_vehicle' for CMake config files
[12.072s] Level 1:colcon.colcon_core.shell:create_environment_hook('automated_vehicle', 'cmake_prefix_path')
[12.168s] INFO:colcon.colcon_core.shell:Creating environment hook '/home/keyur/empm809y_cpp/Cpp_projects/ROS2learn/rosprac809_ws/install/automated_vehicle/share/automated_vehicle/hook/cmake_prefix_path.ps1'
[12.169s] INFO:colcon.colcon_core.shell:Creating environment descriptor '/home/keyur/empm809y_cpp/Cpp_projects/ROS2learn/rosprac809_ws/install/automated_vehicle/share/automated_vehicle/hook/cmake_prefix_path.dsv'
[12.170s] INFO:colcon.colcon_core.shell:Creating environment hook '/home/keyur/empm809y_cpp/Cpp_projects/ROS2learn/rosprac809_ws/install/automated_vehicle/share/automated_vehicle/hook/cmake_prefix_path.sh'
[12.171s] Level 1:colcon.colcon_core.environment:checking '/home/keyur/empm809y_cpp/Cpp_projects/ROS2learn/rosprac809_ws/install/automated_vehicle/lib'
[12.172s] Level 1:colcon.colcon_core.environment:checking '/home/keyur/empm809y_cpp/Cpp_projects/ROS2learn/rosprac809_ws/install/automated_vehicle/bin'
[12.172s] Level 1:colcon.colcon_core.environment:checking '/home/keyur/empm809y_cpp/Cpp_projects/ROS2learn/rosprac809_ws/install/automated_vehicle/lib/pkgconfig/automated_vehicle.pc'
[12.172s] Level 1:colcon.colcon_core.environment:checking '/home/keyur/empm809y_cpp/Cpp_projects/ROS2learn/rosprac809_ws/install/automated_vehicle/lib/python3.8/site-packages'
[12.173s] Level 1:colcon.colcon_core.environment:checking '/home/keyur/empm809y_cpp/Cpp_projects/ROS2learn/rosprac809_ws/install/automated_vehicle/bin'
[12.237s] INFO:colcon.colcon_core.shell:Creating package script '/home/keyur/empm809y_cpp/Cpp_projects/ROS2learn/rosprac809_ws/install/automated_vehicle/share/automated_vehicle/package.ps1'
[12.238s] INFO:colcon.colcon_core.shell:Creating package descriptor '/home/keyur/empm809y_cpp/Cpp_projects/ROS2learn/rosprac809_ws/install/automated_vehicle/share/automated_vehicle/package.dsv'
[12.239s] INFO:colcon.colcon_core.shell:Creating package script '/home/keyur/empm809y_cpp/Cpp_projects/ROS2learn/rosprac809_ws/install/automated_vehicle/share/automated_vehicle/package.sh'
[12.241s] INFO:colcon.colcon_core.shell:Creating package script '/home/keyur/empm809y_cpp/Cpp_projects/ROS2learn/rosprac809_ws/install/automated_vehicle/share/automated_vehicle/package.bash'
[12.243s] INFO:colcon.colcon_core.shell:Creating package script '/home/keyur/empm809y_cpp/Cpp_projects/ROS2learn/rosprac809_ws/install/automated_vehicle/share/automated_vehicle/package.zsh'
[12.244s] Level 1:colcon.colcon_core.environment:create_file_with_runtime_dependencies(/home/keyur/empm809y_cpp/Cpp_projects/ROS2learn/rosprac809_ws/install/automated_vehicle/share/colcon-core/packages/automated_vehicle)
[12.359s] Level 1:colcon.colcon_core.environment:create_environment_scripts_only(automated_vehicle)
[12.431s] Level 1:colcon.colcon_core.environment:checking '/home/keyur/empm809y_cpp/Cpp_projects/ROS2learn/rosprac809_ws/install/automated_vehicle' for CMake module files
[12.431s] Level 1:colcon.colcon_core.environment:checking '/home/keyur/empm809y_cpp/Cpp_projects/ROS2learn/rosprac809_ws/install/automated_vehicle' for CMake config files
[12.432s] Level 1:colcon.colcon_core.shell:create_environment_hook('automated_vehicle', 'cmake_prefix_path')
[12.513s] INFO:colcon.colcon_core.shell:Creating environment hook '/home/keyur/empm809y_cpp/Cpp_projects/ROS2learn/rosprac809_ws/install/automated_vehicle/share/automated_vehicle/hook/cmake_prefix_path.ps1'
[12.514s] INFO:colcon.colcon_core.shell:Creating environment descriptor '/home/keyur/empm809y_cpp/Cpp_projects/ROS2learn/rosprac809_ws/install/automated_vehicle/share/automated_vehicle/hook/cmake_prefix_path.dsv'
[12.514s] INFO:colcon.colcon_core.shell:Creating environment hook '/home/keyur/empm809y_cpp/Cpp_projects/ROS2learn/rosprac809_ws/install/automated_vehicle/share/automated_vehicle/hook/cmake_prefix_path.sh'
[12.515s] Level 1:colcon.colcon_core.environment:checking '/home/keyur/empm809y_cpp/Cpp_projects/ROS2learn/rosprac809_ws/install/automated_vehicle/lib'
[12.515s] Level 1:colcon.colcon_core.environment:checking '/home/keyur/empm809y_cpp/Cpp_projects/ROS2learn/rosprac809_ws/install/automated_vehicle/bin'
[12.515s] Level 1:colcon.colcon_core.environment:checking '/home/keyur/empm809y_cpp/Cpp_projects/ROS2learn/rosprac809_ws/install/automated_vehicle/lib/pkgconfig/automated_vehicle.pc'
[12.516s] Level 1:colcon.colcon_core.environment:checking '/home/keyur/empm809y_cpp/Cpp_projects/ROS2learn/rosprac809_ws/install/automated_vehicle/lib/python3.8/site-packages'
[12.516s] Level 1:colcon.colcon_core.environment:checking '/home/keyur/empm809y_cpp/Cpp_projects/ROS2learn/rosprac809_ws/install/automated_vehicle/bin'
[12.598s] INFO:colcon.colcon_core.shell:Creating package script '/home/keyur/empm809y_cpp/Cpp_projects/ROS2learn/rosprac809_ws/install/automated_vehicle/share/automated_vehicle/package.ps1'
[12.599s] INFO:colcon.colcon_core.shell:Creating package descriptor '/home/keyur/empm809y_cpp/Cpp_projects/ROS2learn/rosprac809_ws/install/automated_vehicle/share/automated_vehicle/package.dsv'
[12.600s] INFO:colcon.colcon_core.shell:Creating package script '/home/keyur/empm809y_cpp/Cpp_projects/ROS2learn/rosprac809_ws/install/automated_vehicle/share/automated_vehicle/package.sh'
[12.601s] INFO:colcon.colcon_core.shell:Creating package script '/home/keyur/empm809y_cpp/Cpp_projects/ROS2learn/rosprac809_ws/install/automated_vehicle/share/automated_vehicle/package.bash'
[12.601s] INFO:colcon.colcon_core.shell:Creating package script '/home/keyur/empm809y_cpp/Cpp_projects/ROS2learn/rosprac809_ws/install/automated_vehicle/share/automated_vehicle/package.zsh'
[12.602s] Level 1:colcon.colcon_core.environment:create_file_with_runtime_dependencies(/home/keyur/empm809y_cpp/Cpp_projects/ROS2learn/rosprac809_ws/install/automated_vehicle/share/colcon-core/packages/automated_vehicle)
[12.603s] DEBUG:colcon.colcon_parallel_executor.executor.parallel:closing loop
[12.603s] DEBUG:colcon.colcon_parallel_executor.executor.parallel:loop closed
[12.603s] DEBUG:colcon.colcon_parallel_executor.executor.parallel:run_until_complete finished with '0'
[12.603s] DEBUG:colcon.colcon_core.event_reactor:joining thread
[12.699s] INFO:colcon.colcon_core.plugin_system:Skipping extension 'colcon_notification.desktop_notification.terminal_notifier': Not used on non-Darwin systems
[12.699s] INFO:colcon.colcon_core.plugin_system:Skipping extension 'colcon_notification.desktop_notification.win32': Not used on non-Windows systems
[12.699s] INFO:colcon.colcon_notification.desktop_notification:Sending desktop notification using 'notify2'
[12.725s] DEBUG:colcon.colcon_core.event_reactor:joined thread
[12.821s] INFO:colcon.colcon_core.shell:Creating prefix script '/home/keyur/empm809y_cpp/Cpp_projects/ROS2learn/rosprac809_ws/install/local_setup.ps1'
[12.823s] INFO:colcon.colcon_core.shell:Creating prefix util module '/home/keyur/empm809y_cpp/Cpp_projects/ROS2learn/rosprac809_ws/install/_local_setup_util_ps1.py'
[12.827s] INFO:colcon.colcon_core.shell:Creating prefix chain script '/home/keyur/empm809y_cpp/Cpp_projects/ROS2learn/rosprac809_ws/install/setup.ps1'
[12.913s] INFO:colcon.colcon_core.shell:Creating prefix script '/home/keyur/empm809y_cpp/Cpp_projects/ROS2learn/rosprac809_ws/install/local_setup.sh'
[12.914s] INFO:colcon.colcon_core.shell:Creating prefix util module '/home/keyur/empm809y_cpp/Cpp_projects/ROS2learn/rosprac809_ws/install/_local_setup_util_sh.py'
[12.915s] INFO:colcon.colcon_core.shell:Creating prefix chain script '/home/keyur/empm809y_cpp/Cpp_projects/ROS2learn/rosprac809_ws/install/setup.sh'
[13.002s] INFO:colcon.colcon_core.shell:Creating prefix script '/home/keyur/empm809y_cpp/Cpp_projects/ROS2learn/rosprac809_ws/install/local_setup.bash'
[13.003s] INFO:colcon.colcon_core.shell:Creating prefix chain script '/home/keyur/empm809y_cpp/Cpp_projects/ROS2learn/rosprac809_ws/install/setup.bash'
[13.088s] INFO:colcon.colcon_core.shell:Creating prefix script '/home/keyur/empm809y_cpp/Cpp_projects/ROS2learn/rosprac809_ws/install/local_setup.zsh'
[13.091s] INFO:colcon.colcon_core.shell:Creating prefix chain script '/home/keyur/empm809y_cpp/Cpp_projects/ROS2learn/rosprac809_ws/install/setup.zsh'
