[0.274s] Invoking command in '/home/keyur/empm809y_cpp/Cpp_projects/ROS2learn/rosprac809_ws/build/av_msgs': CMAKE_PREFIX_PATH=${CMAKE_PREFIX_PATH}:/opt/ros/galactic /usr/bin/cmake /home/keyur/empm809y_cpp/Cpp_projects/ROS2learn/rosprac809_ws/src/av_msgs -DCMAKE_INSTALL_PREFIX=/home/keyur/empm809y_cpp/Cpp_projects/ROS2learn/rosprac809_ws/install/av_msgs
[0.291s] -- Found ament_cmake: 1.1.6 (/opt/ros/galactic/share/ament_cmake/cmake)
[0.317s] -- Using PYTHON_EXECUTABLE: /usr/bin/python3
[0.400s] -- Found std_msgs: 2.2.4 (/opt/ros/galactic/share/std_msgs/cmake)
[0.434s] -- Using all available rosidl_typesupport_c: rosidl_typesupport_fastrtps_c;rosidl_typesupport_introspection_c
[0.439s] -- Found rosidl_adapter: 2.2.3 (/opt/ros/galactic/share/rosidl_adapter/cmake)
[0.623s] -- Using all available rosidl_typesupport_cpp: rosidl_typesupport_fastrtps_cpp;rosidl_typesupport_introspection_cpp
[0.677s] -- Found ament_lint_auto: 0.10.7 (/opt/ros/galactic/share/ament_lint_auto/cmake)
[1.007s] -- Found rosidl_default_generators: 1.1.1 (/opt/ros/galactic/share/rosidl_default_generators/cmake)
[1.127s] -- Found PythonInterp: /usr/bin/python3 (found version "3.8.10") 
[1.357s] -- Found ament_cmake_ros: 0.9.2 (/opt/ros/galactic/share/ament_cmake_ros/cmake)
[1.788s] -- Using all available rosidl_typesupport_c: rosidl_typesupport_fastrtps_c;rosidl_typesupport_introspection_c
[1.896s] -- Using all available rosidl_typesupport_cpp: rosidl_typesupport_fastrtps_cpp;rosidl_typesupport_introspection_cpp
[1.954s] -- Found PythonInterp: /usr/bin/python3 (found suitable version "3.8.10", minimum required is "3.5") 
[1.971s] -- Found python_cmake_module: 0.8.1 (/opt/ros/galactic/share/python_cmake_module/cmake)
[2.091s] -- Found PythonLibs: /usr/lib/x86_64-linux-gnu/libpython3.8.so (found suitable version "3.8.10", minimum required is "3.5") 
[2.092s] -- Using PYTHON_EXECUTABLE: /usr/bin/python3
[2.092s] -- Using PYTHON_INCLUDE_DIRS: /usr/include/python3.8
[2.093s] -- Using PYTHON_LIBRARIES: /usr/lib/x86_64-linux-gnu/libpython3.8.so
[2.150s] -- Found PythonExtra: .so  
[2.304s] -- Added test 'copyright' to check source files copyright and LICENSE
[2.332s] -- Added test 'lint_cmake' to check CMake code style
[2.346s] -- Added test 'xmllint' to check XML markup files
[2.456s] -- Configuring done
[2.653s] -- Generating done
[2.658s] -- Build files have been written to: /home/keyur/empm809y_cpp/Cpp_projects/ROS2learn/rosprac809_ws/build/av_msgs
[2.670s] Invoked command in '/home/keyur/empm809y_cpp/Cpp_projects/ROS2learn/rosprac809_ws/build/av_msgs' returned '0': CMAKE_PREFIX_PATH=${CMAKE_PREFIX_PATH}:/opt/ros/galactic /usr/bin/cmake /home/keyur/empm809y_cpp/Cpp_projects/ROS2learn/rosprac809_ws/src/av_msgs -DCMAKE_INSTALL_PREFIX=/home/keyur/empm809y_cpp/Cpp_projects/ROS2learn/rosprac809_ws/install/av_msgs
[2.676s] Invoking command in '/home/keyur/empm809y_cpp/Cpp_projects/ROS2learn/rosprac809_ws/build/av_msgs': CMAKE_PREFIX_PATH=${CMAKE_PREFIX_PATH}:/opt/ros/galactic /usr/bin/cmake --build /home/keyur/empm809y_cpp/Cpp_projects/ROS2learn/rosprac809_ws/build/av_msgs -- -j8 -l8
[2.745s] [35m[1mScanning dependencies of target av_msgs__cpp[0m
[2.745s] [  3%] [34m[1mGenerating C code for ROS interfaces[0m
[2.761s] [  6%] [34m[1mGenerating C++ code for ROS interfaces[0m
[3.233s] [  6%] Built target av_msgs__cpp
[3.247s] [35m[1mScanning dependencies of target av_msgs__rosidl_generator_c[0m
[3.250s] [  9%] [34m[1mGenerating C++ introspection for ROS interfaces[0m
[3.250s] [ 12%] [34m[1mGenerating C++ type support for eProsima Fast-RTPS[0m
[3.250s] [ 16%] [34m[1mGenerating C++ type support dispatch for ROS interfaces[0m
[3.267s] [ 19%] [32mBuilding C object CMakeFiles/av_msgs__rosidl_generator_c.dir/rosidl_generator_c/av_msgs/msg/detail/vehicle_status__functions.c.o[0m
[3.379s] [ 22%] [32m[1mLinking C shared library libav_msgs__rosidl_generator_c.so[0m
[3.457s] [ 22%] Built target av_msgs__rosidl_generator_c
[3.477s] [ 25%] [34m[1mGenerating C introspection for ROS interfaces[0m
[3.478s] [ 29%] [34m[1mGenerating C type support dispatch for ROS interfaces[0m
[3.717s] [35m[1mScanning dependencies of target av_msgs__rosidl_typesupport_cpp[0m
[3.754s] [35m[1mScanning dependencies of target av_msgs__rosidl_typesupport_introspection_cpp[0m
[3.765s] [ 32%] [32mBuilding CXX object CMakeFiles/av_msgs__rosidl_typesupport_cpp.dir/rosidl_typesupport_cpp/av_msgs/msg/vehicle_status__type_support.cpp.o[0m
[3.793s] [ 35%] [32mBuilding CXX object CMakeFiles/av_msgs__rosidl_typesupport_introspection_cpp.dir/rosidl_typesupport_introspection_cpp/av_msgs/msg/detail/vehicle_status__type_support.cpp.o[0m
[3.980s] [35m[1mScanning dependencies of target av_msgs__rosidl_typesupport_fastrtps_cpp[0m
[4.000s] [35m[1mScanning dependencies of target av_msgs__rosidl_typesupport_introspection_c[0m
[4.070s] [ 38%] [32mBuilding C object CMakeFiles/av_msgs__rosidl_typesupport_introspection_c.dir/rosidl_typesupport_introspection_c/av_msgs/msg/detail/vehicle_status__type_support.c.o[0m
[4.071s] [35m[1mScanning dependencies of target av_msgs__rosidl_typesupport_c[0m
[4.098s] [ 41%] [32mBuilding CXX object CMakeFiles/av_msgs__rosidl_typesupport_c.dir/rosidl_typesupport_c/av_msgs/msg/vehicle_status__type_support.cpp.o[0m
[4.134s] [ 45%] [32mBuilding CXX object CMakeFiles/av_msgs__rosidl_typesupport_fastrtps_cpp.dir/rosidl_typesupport_fastrtps_cpp/av_msgs/msg/detail/dds_fastrtps/vehicle_status__type_support.cpp.o[0m
[4.135s] [ 48%] [32m[1mLinking C shared library libav_msgs__rosidl_typesupport_introspection_c.so[0m
[4.172s] [ 51%] [32m[1mLinking CXX shared library libav_msgs__rosidl_typesupport_c.so[0m
[4.215s] [ 51%] Built target av_msgs__rosidl_typesupport_introspection_c
[4.266s] [ 51%] Built target av_msgs__rosidl_typesupport_c
[4.308s] [ 54%] [32m[1mLinking CXX shared library libav_msgs__rosidl_typesupport_cpp.so[0m
[4.335s] [ 58%] [32m[1mLinking CXX shared library libav_msgs__rosidl_typesupport_introspection_cpp.so[0m
[4.376s] [ 58%] Built target av_msgs__rosidl_typesupport_cpp
[4.400s] [ 58%] Built target av_msgs__rosidl_typesupport_introspection_cpp
[4.768s] [ 61%] [32m[1mLinking CXX shared library libav_msgs__rosidl_typesupport_fastrtps_cpp.so[0m
[5.054s] [ 61%] Built target av_msgs__rosidl_typesupport_fastrtps_cpp
[5.073s] [ 64%] [34m[1mGenerating C type support for eProsima Fast-RTPS[0m
[5.494s] [35m[1mScanning dependencies of target av_msgs__rosidl_typesupport_fastrtps_c[0m
[5.598s] [ 67%] [32mBuilding CXX object CMakeFiles/av_msgs__rosidl_typesupport_fastrtps_c.dir/rosidl_typesupport_fastrtps_c/av_msgs/msg/detail/vehicle_status__type_support_c.cpp.o[0m
[6.098s] [ 70%] [32m[1mLinking CXX shared library libav_msgs__rosidl_typesupport_fastrtps_c.so[0m
[6.240s] [ 70%] Built target av_msgs__rosidl_typesupport_fastrtps_c
[6.257s] [35m[1mScanning dependencies of target av_msgs[0m
[6.274s] [ 70%] Built target av_msgs
[6.289s] [35m[1mScanning dependencies of target av_msgs__py[0m
[6.306s] [ 74%] [34m[1mGenerating Python code for ROS interfaces[0m
[6.912s] [ 74%] Built target av_msgs__py
[6.927s] [35m[1mScanning dependencies of target av_msgs__python[0m
[7.109s] [ 77%] [32mBuilding C object CMakeFiles/av_msgs__python.dir/rosidl_generator_py/av_msgs/msg/_vehicle_status_s.c.o[0m
[7.477s] [ 80%] [32m[1mLinking C shared library rosidl_generator_py/av_msgs/libav_msgs__python.so[0m
[7.550s] [ 80%] Built target av_msgs__python
[7.567s] [35m[1mScanning dependencies of target av_msgs__rosidl_typesupport_introspection_c__pyext[0m
[7.568s] [35m[1mScanning dependencies of target av_msgs__rosidl_typesupport_c__pyext[0m
[7.568s] [35m[1mScanning dependencies of target av_msgs__rosidl_typesupport_fastrtps_c__pyext[0m
[7.614s] [ 83%] [32mBuilding C object CMakeFiles/av_msgs__rosidl_typesupport_introspection_c__pyext.dir/rosidl_generator_py/av_msgs/_av_msgs_s.ep.rosidl_typesupport_introspection_c.c.o[0m
[7.614s] [ 87%] [32mBuilding C object CMakeFiles/av_msgs__rosidl_typesupport_c__pyext.dir/rosidl_generator_py/av_msgs/_av_msgs_s.ep.rosidl_typesupport_c.c.o[0m
[7.616s] [ 90%] [32mBuilding C object CMakeFiles/av_msgs__rosidl_typesupport_fastrtps_c__pyext.dir/rosidl_generator_py/av_msgs/_av_msgs_s.ep.rosidl_typesupport_fastrtps_c.c.o[0m
[7.758s] [ 93%] [32m[1mLinking CXX shared library rosidl_generator_py/av_msgs/av_msgs_s__rosidl_typesupport_fastrtps_c.cpython-38-x86_64-linux-gnu.so[0m
[7.807s] [ 96%] [32m[1mLinking C shared library rosidl_generator_py/av_msgs/av_msgs_s__rosidl_typesupport_introspection_c.cpython-38-x86_64-linux-gnu.so[0m
[7.808s] [100%] [32m[1mLinking C shared library rosidl_generator_py/av_msgs/av_msgs_s__rosidl_typesupport_c.cpython-38-x86_64-linux-gnu.so[0m
[7.879s] [100%] Built target av_msgs__rosidl_typesupport_introspection_c__pyext
[7.880s] [100%] Built target av_msgs__rosidl_typesupport_c__pyext
[7.913s] [100%] Built target av_msgs__rosidl_typesupport_fastrtps_c__pyext
[7.930s] Invoked command in '/home/keyur/empm809y_cpp/Cpp_projects/ROS2learn/rosprac809_ws/build/av_msgs' returned '0': CMAKE_PREFIX_PATH=${CMAKE_PREFIX_PATH}:/opt/ros/galactic /usr/bin/cmake --build /home/keyur/empm809y_cpp/Cpp_projects/ROS2learn/rosprac809_ws/build/av_msgs -- -j8 -l8
[8.013s] Invoking command in '/home/keyur/empm809y_cpp/Cpp_projects/ROS2learn/rosprac809_ws/build/av_msgs': CMAKE_PREFIX_PATH=${CMAKE_PREFIX_PATH}:/opt/ros/galactic /usr/bin/cmake --install /home/keyur/empm809y_cpp/Cpp_projects/ROS2learn/rosprac809_ws/build/av_msgs
[8.026s] -- Install configuration: ""
[8.026s] -- Installing: /home/keyur/empm809y_cpp/Cpp_projects/ROS2learn/rosprac809_ws/install/av_msgs/share/ament_index/resource_index/rosidl_interfaces/av_msgs
[8.026s] -- Installing: /home/keyur/empm809y_cpp/Cpp_projects/ROS2learn/rosprac809_ws/install/av_msgs/include/av_msgs
[8.026s] -- Installing: /home/keyur/empm809y_cpp/Cpp_projects/ROS2learn/rosprac809_ws/install/av_msgs/include/av_msgs/msg
[8.027s] -- Installing: /home/keyur/empm809y_cpp/Cpp_projects/ROS2learn/rosprac809_ws/install/av_msgs/include/av_msgs/msg/vehicle_status.h
[8.027s] -- Installing: /home/keyur/empm809y_cpp/Cpp_projects/ROS2learn/rosprac809_ws/install/av_msgs/include/av_msgs/msg/rosidl_generator_c__visibility_control.h
[8.027s] -- Installing: /home/keyur/empm809y_cpp/Cpp_projects/ROS2learn/rosprac809_ws/install/av_msgs/include/av_msgs/msg/detail
[8.027s] -- Installing: /home/keyur/empm809y_cpp/Cpp_projects/ROS2learn/rosprac809_ws/install/av_msgs/include/av_msgs/msg/detail/vehicle_status__functions.h
[8.027s] -- Installing: /home/keyur/empm809y_cpp/Cpp_projects/ROS2learn/rosprac809_ws/install/av_msgs/include/av_msgs/msg/detail/vehicle_status__struct.h
[8.027s] -- Installing: /home/keyur/empm809y_cpp/Cpp_projects/ROS2learn/rosprac809_ws/install/av_msgs/include/av_msgs/msg/detail/vehicle_status__type_support.h
[8.028s] -- Installing: /home/keyur/empm809y_cpp/Cpp_projects/ROS2learn/rosprac809_ws/install/av_msgs/include/av_msgs/msg/detail/vehicle_status__functions.c
[8.028s] -- Installing: /home/keyur/empm809y_cpp/Cpp_projects/ROS2learn/rosprac809_ws/install/av_msgs/share/av_msgs/environment/library_path.sh
[8.028s] -- Installing: /home/keyur/empm809y_cpp/Cpp_projects/ROS2learn/rosprac809_ws/install/av_msgs/share/av_msgs/environment/library_path.dsv
[8.028s] -- Installing: /home/keyur/empm809y_cpp/Cpp_projects/ROS2learn/rosprac809_ws/install/av_msgs/lib/libav_msgs__rosidl_generator_c.so
[8.029s] -- Set runtime path of "/home/keyur/empm809y_cpp/Cpp_projects/ROS2learn/rosprac809_ws/install/av_msgs/lib/libav_msgs__rosidl_generator_c.so" to ""
[8.029s] -- Up-to-date: /home/keyur/empm809y_cpp/Cpp_projects/ROS2learn/rosprac809_ws/install/av_msgs/include/av_msgs
[8.029s] -- Up-to-date: /home/keyur/empm809y_cpp/Cpp_projects/ROS2learn/rosprac809_ws/install/av_msgs/include/av_msgs/msg
[8.029s] -- Installing: /home/keyur/empm809y_cpp/Cpp_projects/ROS2learn/rosprac809_ws/install/av_msgs/include/av_msgs/msg/rosidl_typesupport_fastrtps_c__visibility_control.h
[8.030s] -- Up-to-date: /home/keyur/empm809y_cpp/Cpp_projects/ROS2learn/rosprac809_ws/install/av_msgs/include/av_msgs/msg/detail
[8.030s] -- Installing: /home/keyur/empm809y_cpp/Cpp_projects/ROS2learn/rosprac809_ws/install/av_msgs/include/av_msgs/msg/detail/vehicle_status__rosidl_typesupport_fastrtps_c.h
[8.030s] -- Installing: /home/keyur/empm809y_cpp/Cpp_projects/ROS2learn/rosprac809_ws/install/av_msgs/lib/libav_msgs__rosidl_typesupport_fastrtps_c.so
[8.030s] -- Set runtime path of "/home/keyur/empm809y_cpp/Cpp_projects/ROS2learn/rosprac809_ws/install/av_msgs/lib/libav_msgs__rosidl_typesupport_fastrtps_c.so" to ""
[8.031s] -- Up-to-date: /home/keyur/empm809y_cpp/Cpp_projects/ROS2learn/rosprac809_ws/install/av_msgs/include/av_msgs
[8.031s] -- Up-to-date: /home/keyur/empm809y_cpp/Cpp_projects/ROS2learn/rosprac809_ws/install/av_msgs/include/av_msgs/msg
[8.031s] -- Installing: /home/keyur/empm809y_cpp/Cpp_projects/ROS2learn/rosprac809_ws/install/av_msgs/include/av_msgs/msg/rosidl_typesupport_fastrtps_cpp__visibility_control.h
[8.031s] -- Up-to-date: /home/keyur/empm809y_cpp/Cpp_projects/ROS2learn/rosprac809_ws/install/av_msgs/include/av_msgs/msg/detail
[8.031s] -- Installing: /home/keyur/empm809y_cpp/Cpp_projects/ROS2learn/rosprac809_ws/install/av_msgs/include/av_msgs/msg/detail/vehicle_status__rosidl_typesupport_fastrtps_cpp.hpp
[8.031s] -- Installing: /home/keyur/empm809y_cpp/Cpp_projects/ROS2learn/rosprac809_ws/install/av_msgs/include/av_msgs/msg/detail/dds_fastrtps
[8.032s] -- Installing: /home/keyur/empm809y_cpp/Cpp_projects/ROS2learn/rosprac809_ws/install/av_msgs/lib/libav_msgs__rosidl_typesupport_fastrtps_cpp.so
[8.032s] -- Set runtime path of "/home/keyur/empm809y_cpp/Cpp_projects/ROS2learn/rosprac809_ws/install/av_msgs/lib/libav_msgs__rosidl_typesupport_fastrtps_cpp.so" to ""
[8.032s] -- Up-to-date: /home/keyur/empm809y_cpp/Cpp_projects/ROS2learn/rosprac809_ws/install/av_msgs/include/av_msgs
[8.032s] -- Up-to-date: /home/keyur/empm809y_cpp/Cpp_projects/ROS2learn/rosprac809_ws/install/av_msgs/include/av_msgs/msg
[8.033s] -- Installing: /home/keyur/empm809y_cpp/Cpp_projects/ROS2learn/rosprac809_ws/install/av_msgs/include/av_msgs/msg/rosidl_typesupport_introspection_c__visibility_control.h
[8.033s] -- Up-to-date: /home/keyur/empm809y_cpp/Cpp_projects/ROS2learn/rosprac809_ws/install/av_msgs/include/av_msgs/msg/detail
[8.033s] -- Installing: /home/keyur/empm809y_cpp/Cpp_projects/ROS2learn/rosprac809_ws/install/av_msgs/include/av_msgs/msg/detail/vehicle_status__type_support.c
[8.033s] -- Installing: /home/keyur/empm809y_cpp/Cpp_projects/ROS2learn/rosprac809_ws/install/av_msgs/include/av_msgs/msg/detail/vehicle_status__rosidl_typesupport_introspection_c.h
[8.033s] -- Installing: /home/keyur/empm809y_cpp/Cpp_projects/ROS2learn/rosprac809_ws/install/av_msgs/lib/libav_msgs__rosidl_typesupport_introspection_c.so
[8.034s] -- Set runtime path of "/home/keyur/empm809y_cpp/Cpp_projects/ROS2learn/rosprac809_ws/install/av_msgs/lib/libav_msgs__rosidl_typesupport_introspection_c.so" to ""
[8.034s] -- Installing: /home/keyur/empm809y_cpp/Cpp_projects/ROS2learn/rosprac809_ws/install/av_msgs/lib/libav_msgs__rosidl_typesupport_c.so
[8.035s] -- Set runtime path of "/home/keyur/empm809y_cpp/Cpp_projects/ROS2learn/rosprac809_ws/install/av_msgs/lib/libav_msgs__rosidl_typesupport_c.so" to ""
[8.036s] -- Up-to-date: /home/keyur/empm809y_cpp/Cpp_projects/ROS2learn/rosprac809_ws/install/av_msgs/include/av_msgs
[8.036s] -- Up-to-date: /home/keyur/empm809y_cpp/Cpp_projects/ROS2learn/rosprac809_ws/install/av_msgs/include/av_msgs/msg
[8.036s] -- Installing: /home/keyur/empm809y_cpp/Cpp_projects/ROS2learn/rosprac809_ws/install/av_msgs/include/av_msgs/msg/vehicle_status.hpp
[8.036s] -- Up-to-date: /home/keyur/empm809y_cpp/Cpp_projects/ROS2learn/rosprac809_ws/install/av_msgs/include/av_msgs/msg/detail
[8.036s] -- Installing: /home/keyur/empm809y_cpp/Cpp_projects/ROS2learn/rosprac809_ws/install/av_msgs/include/av_msgs/msg/detail/vehicle_status__traits.hpp
[8.036s] -- Installing: /home/keyur/empm809y_cpp/Cpp_projects/ROS2learn/rosprac809_ws/install/av_msgs/include/av_msgs/msg/detail/vehicle_status__builder.hpp
[8.037s] -- Installing: /home/keyur/empm809y_cpp/Cpp_projects/ROS2learn/rosprac809_ws/install/av_msgs/include/av_msgs/msg/detail/vehicle_status__struct.hpp
[8.037s] -- Up-to-date: /home/keyur/empm809y_cpp/Cpp_projects/ROS2learn/rosprac809_ws/install/av_msgs/include/av_msgs
[8.037s] -- Up-to-date: /home/keyur/empm809y_cpp/Cpp_projects/ROS2learn/rosprac809_ws/install/av_msgs/include/av_msgs/msg
[8.037s] -- Up-to-date: /home/keyur/empm809y_cpp/Cpp_projects/ROS2learn/rosprac809_ws/install/av_msgs/include/av_msgs/msg/detail
[8.037s] -- Installing: /home/keyur/empm809y_cpp/Cpp_projects/ROS2learn/rosprac809_ws/install/av_msgs/include/av_msgs/msg/detail/vehicle_status__type_support.cpp
[8.037s] -- Installing: /home/keyur/empm809y_cpp/Cpp_projects/ROS2learn/rosprac809_ws/install/av_msgs/include/av_msgs/msg/detail/vehicle_status__rosidl_typesupport_introspection_cpp.hpp
[8.038s] -- Installing: /home/keyur/empm809y_cpp/Cpp_projects/ROS2learn/rosprac809_ws/install/av_msgs/lib/libav_msgs__rosidl_typesupport_introspection_cpp.so
[8.038s] -- Set runtime path of "/home/keyur/empm809y_cpp/Cpp_projects/ROS2learn/rosprac809_ws/install/av_msgs/lib/libav_msgs__rosidl_typesupport_introspection_cpp.so" to ""
[8.038s] -- Installing: /home/keyur/empm809y_cpp/Cpp_projects/ROS2learn/rosprac809_ws/install/av_msgs/lib/libav_msgs__rosidl_typesupport_cpp.so
[8.038s] -- Set runtime path of "/home/keyur/empm809y_cpp/Cpp_projects/ROS2learn/rosprac809_ws/install/av_msgs/lib/libav_msgs__rosidl_typesupport_cpp.so" to ""
[8.038s] -- Installing: /home/keyur/empm809y_cpp/Cpp_projects/ROS2learn/rosprac809_ws/install/av_msgs/share/av_msgs/environment/pythonpath.sh
[8.039s] -- Installing: /home/keyur/empm809y_cpp/Cpp_projects/ROS2learn/rosprac809_ws/install/av_msgs/share/av_msgs/environment/pythonpath.dsv
[8.039s] -- Installing: /home/keyur/empm809y_cpp/Cpp_projects/ROS2learn/rosprac809_ws/install/av_msgs/lib/python3.8/site-packages/av_msgs/__init__.py
[8.123s] Compiling '/home/keyur/empm809y_cpp/Cpp_projects/ROS2learn/rosprac809_ws/install/av_msgs/lib/python3.8/site-packages/av_msgs/__init__.py'...
[8.130s] -- Installing: /home/keyur/empm809y_cpp/Cpp_projects/ROS2learn/rosprac809_ws/install/av_msgs/lib/python3.8/site-packages/av_msgs/msg
[8.130s] -- Installing: /home/keyur/empm809y_cpp/Cpp_projects/ROS2learn/rosprac809_ws/install/av_msgs/lib/python3.8/site-packages/av_msgs/msg/_vehicle_status_s.c
[8.130s] -- Installing: /home/keyur/empm809y_cpp/Cpp_projects/ROS2learn/rosprac809_ws/install/av_msgs/lib/python3.8/site-packages/av_msgs/msg/__init__.py
[8.130s] -- Installing: /home/keyur/empm809y_cpp/Cpp_projects/ROS2learn/rosprac809_ws/install/av_msgs/lib/python3.8/site-packages/av_msgs/msg/_vehicle_status.py
[8.131s] -- Installing: /home/keyur/empm809y_cpp/Cpp_projects/ROS2learn/rosprac809_ws/install/av_msgs/lib/python3.8/site-packages/av_msgs/av_msgs_s__rosidl_typesupport_fastrtps_c.cpython-38-x86_64-linux-gnu.so
[8.131s] -- Set runtime path of "/home/keyur/empm809y_cpp/Cpp_projects/ROS2learn/rosprac809_ws/install/av_msgs/lib/python3.8/site-packages/av_msgs/av_msgs_s__rosidl_typesupport_fastrtps_c.cpython-38-x86_64-linux-gnu.so" to ""
[8.132s] -- Installing: /home/keyur/empm809y_cpp/Cpp_projects/ROS2learn/rosprac809_ws/install/av_msgs/lib/python3.8/site-packages/av_msgs/av_msgs_s__rosidl_typesupport_introspection_c.cpython-38-x86_64-linux-gnu.so
[8.132s] -- Set runtime path of "/home/keyur/empm809y_cpp/Cpp_projects/ROS2learn/rosprac809_ws/install/av_msgs/lib/python3.8/site-packages/av_msgs/av_msgs_s__rosidl_typesupport_introspection_c.cpython-38-x86_64-linux-gnu.so" to ""
[8.133s] -- Installing: /home/keyur/empm809y_cpp/Cpp_projects/ROS2learn/rosprac809_ws/install/av_msgs/lib/python3.8/site-packages/av_msgs/av_msgs_s__rosidl_typesupport_c.cpython-38-x86_64-linux-gnu.so
[8.133s] -- Set runtime path of "/home/keyur/empm809y_cpp/Cpp_projects/ROS2learn/rosprac809_ws/install/av_msgs/lib/python3.8/site-packages/av_msgs/av_msgs_s__rosidl_typesupport_c.cpython-38-x86_64-linux-gnu.so" to ""
[8.133s] -- Installing: /home/keyur/empm809y_cpp/Cpp_projects/ROS2learn/rosprac809_ws/install/av_msgs/lib/libav_msgs__python.so
[8.134s] -- Set runtime path of "/home/keyur/empm809y_cpp/Cpp_projects/ROS2learn/rosprac809_ws/install/av_msgs/lib/libav_msgs__python.so" to ""
[8.134s] -- Installing: /home/keyur/empm809y_cpp/Cpp_projects/ROS2learn/rosprac809_ws/install/av_msgs/share/av_msgs/msg/VehicleStatus.idl
[8.135s] -- Installing: /home/keyur/empm809y_cpp/Cpp_projects/ROS2learn/rosprac809_ws/install/av_msgs/share/av_msgs/msg/VehicleStatus.msg
[8.135s] -- Installing: /home/keyur/empm809y_cpp/Cpp_projects/ROS2learn/rosprac809_ws/install/av_msgs/share/ament_index/resource_index/package_run_dependencies/av_msgs
[8.136s] -- Installing: /home/keyur/empm809y_cpp/Cpp_projects/ROS2learn/rosprac809_ws/install/av_msgs/share/ament_index/resource_index/parent_prefix_path/av_msgs
[8.136s] -- Installing: /home/keyur/empm809y_cpp/Cpp_projects/ROS2learn/rosprac809_ws/install/av_msgs/share/av_msgs/environment/ament_prefix_path.sh
[8.136s] -- Installing: /home/keyur/empm809y_cpp/Cpp_projects/ROS2learn/rosprac809_ws/install/av_msgs/share/av_msgs/environment/ament_prefix_path.dsv
[8.137s] -- Installing: /home/keyur/empm809y_cpp/Cpp_projects/ROS2learn/rosprac809_ws/install/av_msgs/share/av_msgs/environment/path.sh
[8.137s] -- Installing: /home/keyur/empm809y_cpp/Cpp_projects/ROS2learn/rosprac809_ws/install/av_msgs/share/av_msgs/environment/path.dsv
[8.137s] -- Installing: /home/keyur/empm809y_cpp/Cpp_projects/ROS2learn/rosprac809_ws/install/av_msgs/share/av_msgs/local_setup.bash
[8.138s] -- Installing: /home/keyur/empm809y_cpp/Cpp_projects/ROS2learn/rosprac809_ws/install/av_msgs/share/av_msgs/local_setup.sh
[8.138s] -- Installing: /home/keyur/empm809y_cpp/Cpp_projects/ROS2learn/rosprac809_ws/install/av_msgs/share/av_msgs/local_setup.zsh
[8.138s] -- Installing: /home/keyur/empm809y_cpp/Cpp_projects/ROS2learn/rosprac809_ws/install/av_msgs/share/av_msgs/local_setup.dsv
[8.138s] -- Installing: /home/keyur/empm809y_cpp/Cpp_projects/ROS2learn/rosprac809_ws/install/av_msgs/share/av_msgs/package.dsv
[8.138s] -- Installing: /home/keyur/empm809y_cpp/Cpp_projects/ROS2learn/rosprac809_ws/install/av_msgs/share/ament_index/resource_index/packages/av_msgs
[8.139s] -- Installing: /home/keyur/empm809y_cpp/Cpp_projects/ROS2learn/rosprac809_ws/install/av_msgs/share/av_msgs/cmake/av_msgs__rosidl_generator_cExport.cmake
[8.139s] -- Installing: /home/keyur/empm809y_cpp/Cpp_projects/ROS2learn/rosprac809_ws/install/av_msgs/share/av_msgs/cmake/av_msgs__rosidl_generator_cExport-noconfig.cmake
[8.139s] -- Installing: /home/keyur/empm809y_cpp/Cpp_projects/ROS2learn/rosprac809_ws/install/av_msgs/share/av_msgs/cmake/av_msgs__rosidl_typesupport_introspection_cExport.cmake
[8.140s] -- Installing: /home/keyur/empm809y_cpp/Cpp_projects/ROS2learn/rosprac809_ws/install/av_msgs/share/av_msgs/cmake/av_msgs__rosidl_typesupport_introspection_cExport-noconfig.cmake
[8.140s] -- Installing: /home/keyur/empm809y_cpp/Cpp_projects/ROS2learn/rosprac809_ws/install/av_msgs/share/av_msgs/cmake/av_msgs__rosidl_typesupport_cExport.cmake
[8.140s] -- Installing: /home/keyur/empm809y_cpp/Cpp_projects/ROS2learn/rosprac809_ws/install/av_msgs/share/av_msgs/cmake/av_msgs__rosidl_typesupport_cExport-noconfig.cmake
[8.141s] -- Installing: /home/keyur/empm809y_cpp/Cpp_projects/ROS2learn/rosprac809_ws/install/av_msgs/share/av_msgs/cmake/av_msgs__rosidl_generator_cppExport.cmake
[8.141s] -- Installing: /home/keyur/empm809y_cpp/Cpp_projects/ROS2learn/rosprac809_ws/install/av_msgs/share/av_msgs/cmake/av_msgs__rosidl_typesupport_introspection_cppExport.cmake
[8.141s] -- Installing: /home/keyur/empm809y_cpp/Cpp_projects/ROS2learn/rosprac809_ws/install/av_msgs/share/av_msgs/cmake/av_msgs__rosidl_typesupport_introspection_cppExport-noconfig.cmake
[8.142s] -- Installing: /home/keyur/empm809y_cpp/Cpp_projects/ROS2learn/rosprac809_ws/install/av_msgs/share/av_msgs/cmake/av_msgs__rosidl_typesupport_cppExport.cmake
[8.142s] -- Installing: /home/keyur/empm809y_cpp/Cpp_projects/ROS2learn/rosprac809_ws/install/av_msgs/share/av_msgs/cmake/av_msgs__rosidl_typesupport_cppExport-noconfig.cmake
[8.142s] -- Installing: /home/keyur/empm809y_cpp/Cpp_projects/ROS2learn/rosprac809_ws/install/av_msgs/share/av_msgs/cmake/rosidl_cmake-extras.cmake
[8.142s] -- Installing: /home/keyur/empm809y_cpp/Cpp_projects/ROS2learn/rosprac809_ws/install/av_msgs/share/av_msgs/cmake/ament_cmake_export_dependencies-extras.cmake
[8.143s] -- Installing: /home/keyur/empm809y_cpp/Cpp_projects/ROS2learn/rosprac809_ws/install/av_msgs/share/av_msgs/cmake/ament_cmake_export_libraries-extras.cmake
[8.143s] -- Installing: /home/keyur/empm809y_cpp/Cpp_projects/ROS2learn/rosprac809_ws/install/av_msgs/share/av_msgs/cmake/ament_cmake_export_targets-extras.cmake
[8.143s] -- Installing: /home/keyur/empm809y_cpp/Cpp_projects/ROS2learn/rosprac809_ws/install/av_msgs/share/av_msgs/cmake/ament_cmake_export_include_directories-extras.cmake
[8.143s] -- Installing: /home/keyur/empm809y_cpp/Cpp_projects/ROS2learn/rosprac809_ws/install/av_msgs/share/av_msgs/cmake/rosidl_cmake_export_typesupport_libraries-extras.cmake
[8.143s] -- Installing: /home/keyur/empm809y_cpp/Cpp_projects/ROS2learn/rosprac809_ws/install/av_msgs/share/av_msgs/cmake/rosidl_cmake_export_typesupport_targets-extras.cmake
[8.144s] -- Installing: /home/keyur/empm809y_cpp/Cpp_projects/ROS2learn/rosprac809_ws/install/av_msgs/share/av_msgs/cmake/av_msgsConfig.cmake
[8.144s] -- Installing: /home/keyur/empm809y_cpp/Cpp_projects/ROS2learn/rosprac809_ws/install/av_msgs/share/av_msgs/cmake/av_msgsConfig-version.cmake
[8.144s] -- Installing: /home/keyur/empm809y_cpp/Cpp_projects/ROS2learn/rosprac809_ws/install/av_msgs/share/av_msgs/package.xml
[8.147s] Invoked command in '/home/keyur/empm809y_cpp/Cpp_projects/ROS2learn/rosprac809_ws/build/av_msgs' returned '0': CMAKE_PREFIX_PATH=${CMAKE_PREFIX_PATH}:/opt/ros/galactic /usr/bin/cmake --install /home/keyur/empm809y_cpp/Cpp_projects/ROS2learn/rosprac809_ws/build/av_msgs
