[0.280s] Invoking command in '/home/keyur/empm809y_cpp/Cpp_projects/ROS2learn/rosprac809_ws/build/my_first_package': CMAKE_PREFIX_PATH=${CMAKE_PREFIX_PATH}:/opt/ros/galactic /usr/bin/cmake --build /home/keyur/empm809y_cpp/Cpp_projects/ROS2learn/rosprac809_ws/build/my_first_package -- -j8 -l8
[0.355s] [100%] Built target light_switcher_pub
[0.355s] [100%] Built target hello
[0.355s] [100%] Built target light_switcher_sub
[0.369s] Invoked command in '/home/keyur/empm809y_cpp/Cpp_projects/ROS2learn/rosprac809_ws/build/my_first_package' returned '0': CMAKE_PREFIX_PATH=${CMAKE_PREFIX_PATH}:/opt/ros/galactic /usr/bin/cmake --build /home/keyur/empm809y_cpp/Cpp_projects/ROS2learn/rosprac809_ws/build/my_first_package -- -j8 -l8
[0.424s] Invoking command in '/home/keyur/empm809y_cpp/Cpp_projects/ROS2learn/rosprac809_ws/build/my_first_package': CMAKE_PREFIX_PATH=${CMAKE_PREFIX_PATH}:/opt/ros/galactic /usr/bin/cmake --install /home/keyur/empm809y_cpp/Cpp_projects/ROS2learn/rosprac809_ws/build/my_first_package
[0.436s] -- Install configuration: ""
[0.437s] -- Up-to-date: /home/keyur/empm809y_cpp/Cpp_projects/ROS2learn/rosprac809_ws/install/my_first_package/lib/my_first_package/hello
[0.438s] -- Up-to-date: /home/keyur/empm809y_cpp/Cpp_projects/ROS2learn/rosprac809_ws/install/my_first_package/lib/my_first_package/light_switcher_pub
[0.438s] -- Up-to-date: /home/keyur/empm809y_cpp/Cpp_projects/ROS2learn/rosprac809_ws/install/my_first_package/lib/my_first_package/light_switcher_sub
[0.439s] -- Up-to-date: /home/keyur/empm809y_cpp/Cpp_projects/ROS2learn/rosprac809_ws/install/my_first_package/share/my_first_package/include
[0.439s] -- Up-to-date: /home/keyur/empm809y_cpp/Cpp_projects/ROS2learn/rosprac809_ws/install/my_first_package/share/my_first_package/include/my_first_package
[0.439s] -- Up-to-date: /home/keyur/empm809y_cpp/Cpp_projects/ROS2learn/rosprac809_ws/install/my_first_package/share/my_first_package/include/my_first_package/my_first_package.h
[0.440s] -- Up-to-date: /home/keyur/empm809y_cpp/Cpp_projects/ROS2learn/rosprac809_ws/install/my_first_package/share/my_first_package/include/my_first_package/light_switcher_sub.h
[0.440s] -- Up-to-date: /home/keyur/empm809y_cpp/Cpp_projects/ROS2learn/rosprac809_ws/install/my_first_package/share/my_first_package/include/my_first_package/light_switcher_pub.h
[0.440s] -- Up-to-date: /home/keyur/empm809y_cpp/Cpp_projects/ROS2learn/rosprac809_ws/install/my_first_package/share/my_first_package/launch
[0.440s] -- Installing: /home/keyur/empm809y_cpp/Cpp_projects/ROS2learn/rosprac809_ws/install/my_first_package/share/my_first_package/launch/my_first_package.launch.py
[0.441s] -- Installing: /home/keyur/empm809y_cpp/Cpp_projects/ROS2learn/rosprac809_ws/install/my_first_package/share/my_first_package/launch/publisher.launch.py
[0.441s] -- Installing: /home/keyur/empm809y_cpp/Cpp_projects/ROS2learn/rosprac809_ws/install/my_first_package/share/my_first_package/launch/subscriber.launch.py
[0.441s] -- Up-to-date: /home/keyur/empm809y_cpp/Cpp_projects/ROS2learn/rosprac809_ws/install/my_first_package/share/ament_index/resource_index/package_run_dependencies/my_first_package
[0.442s] -- Up-to-date: /home/keyur/empm809y_cpp/Cpp_projects/ROS2learn/rosprac809_ws/install/my_first_package/share/ament_index/resource_index/parent_prefix_path/my_first_package
[0.442s] -- Up-to-date: /home/keyur/empm809y_cpp/Cpp_projects/ROS2learn/rosprac809_ws/install/my_first_package/share/my_first_package/environment/ament_prefix_path.sh
[0.442s] -- Up-to-date: /home/keyur/empm809y_cpp/Cpp_projects/ROS2learn/rosprac809_ws/install/my_first_package/share/my_first_package/environment/ament_prefix_path.dsv
[0.442s] -- Up-to-date: /home/keyur/empm809y_cpp/Cpp_projects/ROS2learn/rosprac809_ws/install/my_first_package/share/my_first_package/environment/path.sh
[0.442s] -- Up-to-date: /home/keyur/empm809y_cpp/Cpp_projects/ROS2learn/rosprac809_ws/install/my_first_package/share/my_first_package/environment/path.dsv
[0.443s] -- Up-to-date: /home/keyur/empm809y_cpp/Cpp_projects/ROS2learn/rosprac809_ws/install/my_first_package/share/my_first_package/local_setup.bash
[0.444s] -- Up-to-date: /home/keyur/empm809y_cpp/Cpp_projects/ROS2learn/rosprac809_ws/install/my_first_package/share/my_first_package/local_setup.sh
[0.444s] -- Up-to-date: /home/keyur/empm809y_cpp/Cpp_projects/ROS2learn/rosprac809_ws/install/my_first_package/share/my_first_package/local_setup.zsh
[0.444s] -- Up-to-date: /home/keyur/empm809y_cpp/Cpp_projects/ROS2learn/rosprac809_ws/install/my_first_package/share/my_first_package/local_setup.dsv
[0.444s] -- Installing: /home/keyur/empm809y_cpp/Cpp_projects/ROS2learn/rosprac809_ws/install/my_first_package/share/my_first_package/package.dsv
[0.444s] -- Up-to-date: /home/keyur/empm809y_cpp/Cpp_projects/ROS2learn/rosprac809_ws/install/my_first_package/share/ament_index/resource_index/packages/my_first_package
[0.444s] -- Up-to-date: /home/keyur/empm809y_cpp/Cpp_projects/ROS2learn/rosprac809_ws/install/my_first_package/share/my_first_package/cmake/my_first_packageConfig.cmake
[0.445s] -- Up-to-date: /home/keyur/empm809y_cpp/Cpp_projects/ROS2learn/rosprac809_ws/install/my_first_package/share/my_first_package/cmake/my_first_packageConfig-version.cmake
[0.445s] -- Up-to-date: /home/keyur/empm809y_cpp/Cpp_projects/ROS2learn/rosprac809_ws/install/my_first_package/share/my_first_package/package.xml
[0.447s] Invoked command in '/home/keyur/empm809y_cpp/Cpp_projects/ROS2learn/rosprac809_ws/build/my_first_package' returned '0': CMAKE_PREFIX_PATH=${CMAKE_PREFIX_PATH}:/opt/ros/galactic /usr/bin/cmake --install /home/keyur/empm809y_cpp/Cpp_projects/ROS2learn/rosprac809_ws/build/my_first_package
