[3.409s] DEBUG:colcon:Command line arguments: ['/usr/bin/colcon', 'build', '--packages-select', 'automated_vehicle']
[3.409s] DEBUG:colcon:Parsed command line arguments: Namespace(allow_overriding=[], ament_cmake_args=None, base_paths=['.'], build_base='build', catkin_cmake_args=None, catkin_skip_building_tests=False, cmake_args=None, cmake_clean_cache=False, cmake_clean_first=False, cmake_force_configure=False, cmake_target=None, cmake_target_skip_unavailable=False, continue_on_error=False, event_handlers=None, executor='parallel', ignore_user_meta=False, install_base='install', log_base=None, log_level=None, main=<bound method BuildVerb.main of <colcon_core.verb.build.BuildVerb object at 0x7fe87ca2c910>>, merge_install=False, metas=['./colcon.meta'], packages_above=None, packages_above_and_dependencies=None, packages_above_depth=None, packages_end=None, packages_ignore=None, packages_ignore_regex=None, packages_select=['automated_vehicle'], packages_select_build_failed=False, packages_select_by_dep=None, packages_select_regex=None, packages_select_test_failures=False, packages_skip=None, packages_skip_build_finished=False, packages_skip_by_dep=None, packages_skip_regex=None, packages_skip_test_passed=False, packages_skip_up_to=None, packages_start=None, packages_up_to=None, packages_up_to_regex=None, parallel_workers=8, paths=None, symlink_install=False, test_result_base=None, verb_extension=<colcon_core.verb.build.BuildVerb object at 0x7fe87ca2c910>, verb_name='build', verb_parser=<colcon_defaults.argument_parser.defaults.DefaultArgumentsDecorator object at 0x7fe87ca2c070>)
[3.546s] Level 1:colcon.colcon_core.package_discovery:discover_packages(colcon_meta) check parameters
[3.547s] Level 1:colcon.colcon_core.package_discovery:discover_packages(recursive) check parameters
[3.547s] Level 1:colcon.colcon_core.package_discovery:discover_packages(ignore) check parameters
[3.547s] Level 1:colcon.colcon_core.package_discovery:discover_packages(path) check parameters
[3.547s] Level 1:colcon.colcon_core.package_discovery:discover_packages(colcon_meta) discover
[3.547s] Level 1:colcon.colcon_core.package_discovery:discover_packages(recursive) discover
[3.547s] INFO:colcon.colcon_core.package_discovery:Crawling recursively for packages in '/home/keyur/empm809y_cpp/Cpp_projects/ROS2learn/rosprac809_ws'
[3.547s] Level 1:colcon.colcon_core.package_identification:_identify(.) by extensions ['ignore', 'ignore_ament_install']
[3.547s] Level 1:colcon.colcon_core.package_identification:_identify(.) by extension 'ignore'
[3.547s] Level 1:colcon.colcon_core.package_identification:_identify(.) by extension 'ignore_ament_install'
[3.547s] Level 1:colcon.colcon_core.package_identification:_identify(.) by extensions ['colcon_pkg']
[3.547s] Level 1:colcon.colcon_core.package_identification:_identify(.) by extension 'colcon_pkg'
[3.547s] Level 1:colcon.colcon_core.package_identification:_identify(.) by extensions ['colcon_meta']
[3.547s] Level 1:colcon.colcon_core.package_identification:_identify(.) by extension 'colcon_meta'
[3.547s] Level 1:colcon.colcon_core.package_identification:_identify(.) by extensions ['ros']
[3.547s] Level 1:colcon.colcon_core.package_identification:_identify(.) by extension 'ros'
[3.575s] Level 1:colcon.colcon_core.package_identification:_identify(.) by extensions ['cmake', 'python']
[3.576s] Level 1:colcon.colcon_core.package_identification:_identify(.) by extension 'cmake'
[3.576s] Level 1:colcon.colcon_core.package_identification:_identify(.) by extension 'python'
[3.576s] Level 1:colcon.colcon_core.package_identification:_identify(.) by extensions ['python_setup_py']
[3.576s] Level 1:colcon.colcon_core.package_identification:_identify(.) by extension 'python_setup_py'
[3.576s] Level 1:colcon.colcon_core.package_identification:_identify(build) by extensions ['ignore', 'ignore_ament_install']
[3.576s] Level 1:colcon.colcon_core.package_identification:_identify(build) by extension 'ignore'
[3.576s] Level 1:colcon.colcon_core.package_identification:_identify(build) ignored
[3.577s] Level 1:colcon.colcon_core.package_identification:_identify(install) by extensions ['ignore', 'ignore_ament_install']
[3.577s] Level 1:colcon.colcon_core.package_identification:_identify(install) by extension 'ignore'
[3.577s] Level 1:colcon.colcon_core.package_identification:_identify(install) ignored
[3.577s] Level 1:colcon.colcon_core.package_identification:_identify(log) by extensions ['ignore', 'ignore_ament_install']
[3.577s] Level 1:colcon.colcon_core.package_identification:_identify(log) by extension 'ignore'
[3.577s] Level 1:colcon.colcon_core.package_identification:_identify(log) ignored
[3.577s] Level 1:colcon.colcon_core.package_identification:_identify(src) by extensions ['ignore', 'ignore_ament_install']
[3.578s] Level 1:colcon.colcon_core.package_identification:_identify(src) by extension 'ignore'
[3.578s] Level 1:colcon.colcon_core.package_identification:_identify(src) by extension 'ignore_ament_install'
[3.578s] Level 1:colcon.colcon_core.package_identification:_identify(src) by extensions ['colcon_pkg']
[3.578s] Level 1:colcon.colcon_core.package_identification:_identify(src) by extension 'colcon_pkg'
[3.578s] Level 1:colcon.colcon_core.package_identification:_identify(src) by extensions ['colcon_meta']
[3.578s] Level 1:colcon.colcon_core.package_identification:_identify(src) by extension 'colcon_meta'
[3.578s] Level 1:colcon.colcon_core.package_identification:_identify(src) by extensions ['ros']
[3.578s] Level 1:colcon.colcon_core.package_identification:_identify(src) by extension 'ros'
[3.578s] Level 1:colcon.colcon_core.package_identification:_identify(src) by extensions ['cmake', 'python']
[3.578s] Level 1:colcon.colcon_core.package_identification:_identify(src) by extension 'cmake'
[3.578s] Level 1:colcon.colcon_core.package_identification:_identify(src) by extension 'python'
[3.578s] Level 1:colcon.colcon_core.package_identification:_identify(src) by extensions ['python_setup_py']
[3.578s] Level 1:colcon.colcon_core.package_identification:_identify(src) by extension 'python_setup_py'
[3.579s] Level 1:colcon.colcon_core.package_identification:_identify(src/automated_vehicle) by extensions ['ignore', 'ignore_ament_install']
[3.579s] Level 1:colcon.colcon_core.package_identification:_identify(src/automated_vehicle) by extension 'ignore'
[3.579s] Level 1:colcon.colcon_core.package_identification:_identify(src/automated_vehicle) by extension 'ignore_ament_install'
[3.579s] Level 1:colcon.colcon_core.package_identification:_identify(src/automated_vehicle) by extensions ['colcon_pkg']
[3.579s] Level 1:colcon.colcon_core.package_identification:_identify(src/automated_vehicle) by extension 'colcon_pkg'
[3.579s] Level 1:colcon.colcon_core.package_identification:_identify(src/automated_vehicle) by extensions ['colcon_meta']
[3.579s] Level 1:colcon.colcon_core.package_identification:_identify(src/automated_vehicle) by extension 'colcon_meta'
[3.579s] Level 1:colcon.colcon_core.package_identification:_identify(src/automated_vehicle) by extensions ['ros']
[3.579s] Level 1:colcon.colcon_core.package_identification:_identify(src/automated_vehicle) by extension 'ros'
[3.583s] DEBUG:colcon.colcon_core.package_identification:Package 'src/automated_vehicle' with type 'ros.ament_cmake' and name 'automated_vehicle'
[3.583s] Level 1:colcon.colcon_core.package_identification:_identify(src/av_msgs) by extensions ['ignore', 'ignore_ament_install']
[3.583s] Level 1:colcon.colcon_core.package_identification:_identify(src/av_msgs) by extension 'ignore'
[3.583s] Level 1:colcon.colcon_core.package_identification:_identify(src/av_msgs) by extension 'ignore_ament_install'
[3.583s] Level 1:colcon.colcon_core.package_identification:_identify(src/av_msgs) by extensions ['colcon_pkg']
[3.583s] Level 1:colcon.colcon_core.package_identification:_identify(src/av_msgs) by extension 'colcon_pkg'
[3.584s] Level 1:colcon.colcon_core.package_identification:_identify(src/av_msgs) by extensions ['colcon_meta']
[3.584s] Level 1:colcon.colcon_core.package_identification:_identify(src/av_msgs) by extension 'colcon_meta'
[3.584s] Level 1:colcon.colcon_core.package_identification:_identify(src/av_msgs) by extensions ['ros']
[3.584s] Level 1:colcon.colcon_core.package_identification:_identify(src/av_msgs) by extension 'ros'
[3.585s] DEBUG:colcon.colcon_core.package_identification:Package 'src/av_msgs' with type 'ros.ament_cmake' and name 'av_msgs'
[3.585s] Level 1:colcon.colcon_core.package_identification:_identify(src/my_first_package) by extensions ['ignore', 'ignore_ament_install']
[3.585s] Level 1:colcon.colcon_core.package_identification:_identify(src/my_first_package) by extension 'ignore'
[3.585s] Level 1:colcon.colcon_core.package_identification:_identify(src/my_first_package) by extension 'ignore_ament_install'
[3.585s] Level 1:colcon.colcon_core.package_identification:_identify(src/my_first_package) by extensions ['colcon_pkg']
[3.585s] Level 1:colcon.colcon_core.package_identification:_identify(src/my_first_package) by extension 'colcon_pkg'
[3.585s] Level 1:colcon.colcon_core.package_identification:_identify(src/my_first_package) by extensions ['colcon_meta']
[3.585s] Level 1:colcon.colcon_core.package_identification:_identify(src/my_first_package) by extension 'colcon_meta'
[3.585s] Level 1:colcon.colcon_core.package_identification:_identify(src/my_first_package) by extensions ['ros']
[3.585s] Level 1:colcon.colcon_core.package_identification:_identify(src/my_first_package) by extension 'ros'
[3.586s] DEBUG:colcon.colcon_core.package_identification:Package 'src/my_first_package' with type 'ros.ament_cmake' and name 'my_first_package'
[3.586s] Level 1:colcon.colcon_core.package_discovery:discover_packages(recursive) using defaults
[3.586s] Level 1:colcon.colcon_core.package_discovery:discover_packages(ignore) discover
[3.586s] Level 1:colcon.colcon_core.package_discovery:discover_packages(ignore) using defaults
[3.586s] Level 1:colcon.colcon_core.package_discovery:discover_packages(path) discover
[3.586s] Level 1:colcon.colcon_core.package_discovery:discover_packages(path) using defaults
[3.773s] INFO:colcon.colcon_core.package_selection:Skipping not selected package 'av_msgs' in 'src/av_msgs'
[3.773s] INFO:colcon.colcon_core.package_selection:Skipping not selected package 'my_first_package' in 'src/my_first_package'
[3.924s] Level 1:colcon.colcon_core.package_discovery:discover_packages(prefix_path) check parameters
[3.924s] Level 1:colcon.colcon_core.package_discovery:discover_packages(prefix_path) discover
[4.097s] DEBUG:colcon.colcon_installed_package_information.package_discovery:Found 3 installed packages in /home/keyur/empm809y_cpp/Cpp_projects/ROS2learn/rosprac809_ws/install
[4.176s] DEBUG:colcon.colcon_installed_package_information.package_discovery:Found 2 installed packages in /home/keyur/ros809_ws/install
[4.256s] DEBUG:colcon.colcon_installed_package_information.package_discovery:Found 329 installed packages in /opt/ros/galactic
[4.261s] Level 1:colcon.colcon_core.package_discovery:discover_packages(prefix_path) using defaults
[4.592s] Level 5:colcon.colcon_core.verb:set package 'automated_vehicle' build argument 'cmake_args' from command line to 'None'
[4.592s] Level 5:colcon.colcon_core.verb:set package 'automated_vehicle' build argument 'cmake_target' from command line to 'None'
[4.592s] Level 5:colcon.colcon_core.verb:set package 'automated_vehicle' build argument 'cmake_target_skip_unavailable' from command line to 'False'
[4.592s] Level 5:colcon.colcon_core.verb:set package 'automated_vehicle' build argument 'cmake_clean_cache' from command line to 'False'
[4.592s] Level 5:colcon.colcon_core.verb:set package 'automated_vehicle' build argument 'cmake_clean_first' from command line to 'False'
[4.593s] Level 5:colcon.colcon_core.verb:set package 'automated_vehicle' build argument 'cmake_force_configure' from command line to 'False'
[4.593s] Level 5:colcon.colcon_core.verb:set package 'automated_vehicle' build argument 'ament_cmake_args' from command line to 'None'
[4.593s] Level 5:colcon.colcon_core.verb:set package 'automated_vehicle' build argument 'catkin_cmake_args' from command line to 'None'
[4.593s] Level 5:colcon.colcon_core.verb:set package 'automated_vehicle' build argument 'catkin_skip_building_tests' from command line to 'False'
[4.593s] DEBUG:colcon.colcon_core.verb:Building package 'automated_vehicle' with the following arguments: {'ament_cmake_args': None, 'build_base': '/home/keyur/empm809y_cpp/Cpp_projects/ROS2learn/rosprac809_ws/build/automated_vehicle', 'catkin_cmake_args': None, 'catkin_skip_building_tests': False, 'cmake_args': None, 'cmake_clean_cache': False, 'cmake_clean_first': False, 'cmake_force_configure': False, 'cmake_target': None, 'cmake_target_skip_unavailable': False, 'install_base': '/home/keyur/empm809y_cpp/Cpp_projects/ROS2learn/rosprac809_ws/install/automated_vehicle', 'merge_install': False, 'path': '/home/keyur/empm809y_cpp/Cpp_projects/ROS2learn/rosprac809_ws/src/automated_vehicle', 'symlink_install': False, 'test_result_base': None}
[4.665s] INFO:colcon.colcon_core.executor:Executing jobs using 'parallel' executor
[4.731s] DEBUG:colcon.colcon_parallel_executor.executor.parallel:run_until_complete
[4.731s] INFO:colcon.colcon_ros.task.ament_cmake.build:Building ROS package in '/home/keyur/empm809y_cpp/Cpp_projects/ROS2learn/rosprac809_ws/src/automated_vehicle' with build type 'ament_cmake'
[4.731s] INFO:colcon.colcon_cmake.task.cmake.build:Building CMake package in '/home/keyur/empm809y_cpp/Cpp_projects/ROS2learn/rosprac809_ws/src/automated_vehicle'
[4.785s] INFO:colcon.colcon_core.plugin_system:Skipping extension 'colcon_core.shell.bat': Not used on non-Windows systems
[4.785s] INFO:colcon.colcon_core.shell:Skip shell extension 'powershell' for command environment: Not usable outside of PowerShell
[4.785s] DEBUG:colcon.colcon_core.shell:Skip shell extension 'dsv' for command environment
[5.051s] DEBUG:colcon.colcon_core.event_handler.log_command:Invoking command in '/home/keyur/empm809y_cpp/Cpp_projects/ROS2learn/rosprac809_ws/build/automated_vehicle': CMAKE_PREFIX_PATH=${CMAKE_PREFIX_PATH}:/opt/ros/galactic /usr/bin/cmake --build /home/keyur/empm809y_cpp/Cpp_projects/ROS2learn/rosprac809_ws/build/automated_vehicle -- -j8 -l8
[11.314s] DEBUG:colcon.colcon_core.event_handler.log_command:Invoked command in '/home/keyur/empm809y_cpp/Cpp_projects/ROS2learn/rosprac809_ws/build/automated_vehicle' returned '0': CMAKE_PREFIX_PATH=${CMAKE_PREFIX_PATH}:/opt/ros/galactic /usr/bin/cmake --build /home/keyur/empm809y_cpp/Cpp_projects/ROS2learn/rosprac809_ws/build/automated_vehicle -- -j8 -l8
[11.379s] DEBUG:colcon.colcon_core.event_handler.log_command:Invoking command in '/home/keyur/empm809y_cpp/Cpp_projects/ROS2learn/rosprac809_ws/build/automated_vehicle': CMAKE_PREFIX_PATH=${CMAKE_PREFIX_PATH}:/opt/ros/galactic /usr/bin/cmake --install /home/keyur/empm809y_cpp/Cpp_projects/ROS2learn/rosprac809_ws/build/automated_vehicle
[11.400s] Level 1:colcon.colcon_core.environment:create_environment_scripts_only(automated_vehicle)
[11.401s] DEBUG:colcon.colcon_core.event_handler.log_command:Invoked command in '/home/keyur/empm809y_cpp/Cpp_projects/ROS2learn/rosprac809_ws/build/automated_vehicle' returned '0': CMAKE_PREFIX_PATH=${CMAKE_PREFIX_PATH}:/opt/ros/galactic /usr/bin/cmake --install /home/keyur/empm809y_cpp/Cpp_projects/ROS2learn/rosprac809_ws/build/automated_vehicle
[11.464s] Level 1:colcon.colcon_core.environment:checking '/home/keyur/empm809y_cpp/Cpp_projects/ROS2learn/rosprac809_ws/install/automated_vehicle' for CMake module files
[11.464s] Level 1:colcon.colcon_core.environment:checking '/home/keyur/empm809y_cpp/Cpp_projects/ROS2learn/rosprac809_ws/install/automated_vehicle' for CMake config files
[11.465s] Level 1:colcon.colcon_core.shell:create_environment_hook('automated_vehicle', 'cmake_prefix_path')
[11.538s] INFO:colcon.colcon_core.shell:Creating environment hook '/home/keyur/empm809y_cpp/Cpp_projects/ROS2learn/rosprac809_ws/install/automated_vehicle/share/automated_vehicle/hook/cmake_prefix_path.ps1'
[11.541s] INFO:colcon.colcon_core.shell:Creating environment descriptor '/home/keyur/empm809y_cpp/Cpp_projects/ROS2learn/rosprac809_ws/install/automated_vehicle/share/automated_vehicle/hook/cmake_prefix_path.dsv'
[11.542s] INFO:colcon.colcon_core.shell:Creating environment hook '/home/keyur/empm809y_cpp/Cpp_projects/ROS2learn/rosprac809_ws/install/automated_vehicle/share/automated_vehicle/hook/cmake_prefix_path.sh'
[11.544s] Level 1:colcon.colcon_core.environment:checking '/home/keyur/empm809y_cpp/Cpp_projects/ROS2learn/rosprac809_ws/install/automated_vehicle/lib'
[11.544s] Level 1:colcon.colcon_core.environment:checking '/home/keyur/empm809y_cpp/Cpp_projects/ROS2learn/rosprac809_ws/install/automated_vehicle/bin'
[11.544s] Level 1:colcon.colcon_core.environment:checking '/home/keyur/empm809y_cpp/Cpp_projects/ROS2learn/rosprac809_ws/install/automated_vehicle/lib/pkgconfig/automated_vehicle.pc'
[11.545s] Level 1:colcon.colcon_core.environment:checking '/home/keyur/empm809y_cpp/Cpp_projects/ROS2learn/rosprac809_ws/install/automated_vehicle/lib/python3.8/site-packages'
[11.545s] Level 1:colcon.colcon_core.environment:checking '/home/keyur/empm809y_cpp/Cpp_projects/ROS2learn/rosprac809_ws/install/automated_vehicle/bin'
[11.623s] INFO:colcon.colcon_core.shell:Creating package script '/home/keyur/empm809y_cpp/Cpp_projects/ROS2learn/rosprac809_ws/install/automated_vehicle/share/automated_vehicle/package.ps1'
[11.625s] INFO:colcon.colcon_core.shell:Creating package descriptor '/home/keyur/empm809y_cpp/Cpp_projects/ROS2learn/rosprac809_ws/install/automated_vehicle/share/automated_vehicle/package.dsv'
[11.626s] INFO:colcon.colcon_core.shell:Creating package script '/home/keyur/empm809y_cpp/Cpp_projects/ROS2learn/rosprac809_ws/install/automated_vehicle/share/automated_vehicle/package.sh'
[11.627s] INFO:colcon.colcon_core.shell:Creating package script '/home/keyur/empm809y_cpp/Cpp_projects/ROS2learn/rosprac809_ws/install/automated_vehicle/share/automated_vehicle/package.bash'
[11.628s] INFO:colcon.colcon_core.shell:Creating package script '/home/keyur/empm809y_cpp/Cpp_projects/ROS2learn/rosprac809_ws/install/automated_vehicle/share/automated_vehicle/package.zsh'
[11.629s] Level 1:colcon.colcon_core.environment:create_file_with_runtime_dependencies(/home/keyur/empm809y_cpp/Cpp_projects/ROS2learn/rosprac809_ws/install/automated_vehicle/share/colcon-core/packages/automated_vehicle)
[11.733s] Level 1:colcon.colcon_core.environment:create_environment_scripts_only(automated_vehicle)
[11.788s] Level 1:colcon.colcon_core.environment:checking '/home/keyur/empm809y_cpp/Cpp_projects/ROS2learn/rosprac809_ws/install/automated_vehicle' for CMake module files
[11.789s] Level 1:colcon.colcon_core.environment:checking '/home/keyur/empm809y_cpp/Cpp_projects/ROS2learn/rosprac809_ws/install/automated_vehicle' for CMake config files
[11.790s] Level 1:colcon.colcon_core.shell:create_environment_hook('automated_vehicle', 'cmake_prefix_path')
[11.846s] INFO:colcon.colcon_core.shell:Creating environment hook '/home/keyur/empm809y_cpp/Cpp_projects/ROS2learn/rosprac809_ws/install/automated_vehicle/share/automated_vehicle/hook/cmake_prefix_path.ps1'
[11.847s] INFO:colcon.colcon_core.shell:Creating environment descriptor '/home/keyur/empm809y_cpp/Cpp_projects/ROS2learn/rosprac809_ws/install/automated_vehicle/share/automated_vehicle/hook/cmake_prefix_path.dsv'
[11.847s] INFO:colcon.colcon_core.shell:Creating environment hook '/home/keyur/empm809y_cpp/Cpp_projects/ROS2learn/rosprac809_ws/install/automated_vehicle/share/automated_vehicle/hook/cmake_prefix_path.sh'
[11.847s] Level 1:colcon.colcon_core.environment:checking '/home/keyur/empm809y_cpp/Cpp_projects/ROS2learn/rosprac809_ws/install/automated_vehicle/lib'
[11.848s] Level 1:colcon.colcon_core.environment:checking '/home/keyur/empm809y_cpp/Cpp_projects/ROS2learn/rosprac809_ws/install/automated_vehicle/bin'
[11.848s] Level 1:colcon.colcon_core.environment:checking '/home/keyur/empm809y_cpp/Cpp_projects/ROS2learn/rosprac809_ws/install/automated_vehicle/lib/pkgconfig/automated_vehicle.pc'
[11.848s] Level 1:colcon.colcon_core.environment:checking '/home/keyur/empm809y_cpp/Cpp_projects/ROS2learn/rosprac809_ws/install/automated_vehicle/lib/python3.8/site-packages'
[11.848s] Level 1:colcon.colcon_core.environment:checking '/home/keyur/empm809y_cpp/Cpp_projects/ROS2learn/rosprac809_ws/install/automated_vehicle/bin'
[11.914s] INFO:colcon.colcon_core.shell:Creating package script '/home/keyur/empm809y_cpp/Cpp_projects/ROS2learn/rosprac809_ws/install/automated_vehicle/share/automated_vehicle/package.ps1'
[11.915s] INFO:colcon.colcon_core.shell:Creating package descriptor '/home/keyur/empm809y_cpp/Cpp_projects/ROS2learn/rosprac809_ws/install/automated_vehicle/share/automated_vehicle/package.dsv'
[11.915s] INFO:colcon.colcon_core.shell:Creating package script '/home/keyur/empm809y_cpp/Cpp_projects/ROS2learn/rosprac809_ws/install/automated_vehicle/share/automated_vehicle/package.sh'
[11.916s] INFO:colcon.colcon_core.shell:Creating package script '/home/keyur/empm809y_cpp/Cpp_projects/ROS2learn/rosprac809_ws/install/automated_vehicle/share/automated_vehicle/package.bash'
[11.917s] INFO:colcon.colcon_core.shell:Creating package script '/home/keyur/empm809y_cpp/Cpp_projects/ROS2learn/rosprac809_ws/install/automated_vehicle/share/automated_vehicle/package.zsh'
[11.919s] Level 1:colcon.colcon_core.environment:create_file_with_runtime_dependencies(/home/keyur/empm809y_cpp/Cpp_projects/ROS2learn/rosprac809_ws/install/automated_vehicle/share/colcon-core/packages/automated_vehicle)
[11.920s] DEBUG:colcon.colcon_parallel_executor.executor.parallel:closing loop
[11.921s] DEBUG:colcon.colcon_parallel_executor.executor.parallel:loop closed
[11.921s] DEBUG:colcon.colcon_parallel_executor.executor.parallel:run_until_complete finished with '0'
[11.922s] DEBUG:colcon.colcon_core.event_reactor:joining thread
[12.010s] INFO:colcon.colcon_core.plugin_system:Skipping extension 'colcon_notification.desktop_notification.terminal_notifier': Not used on non-Darwin systems
[12.010s] INFO:colcon.colcon_core.plugin_system:Skipping extension 'colcon_notification.desktop_notification.win32': Not used on non-Windows systems
[12.010s] INFO:colcon.colcon_notification.desktop_notification:Sending desktop notification using 'notify2'
[12.037s] DEBUG:colcon.colcon_core.event_reactor:joined thread
[12.129s] INFO:colcon.colcon_core.shell:Creating prefix script '/home/keyur/empm809y_cpp/Cpp_projects/ROS2learn/rosprac809_ws/install/local_setup.ps1'
[12.130s] INFO:colcon.colcon_core.shell:Creating prefix util module '/home/keyur/empm809y_cpp/Cpp_projects/ROS2learn/rosprac809_ws/install/_local_setup_util_ps1.py'
[12.132s] INFO:colcon.colcon_core.shell:Creating prefix chain script '/home/keyur/empm809y_cpp/Cpp_projects/ROS2learn/rosprac809_ws/install/setup.ps1'
[12.213s] INFO:colcon.colcon_core.shell:Creating prefix script '/home/keyur/empm809y_cpp/Cpp_projects/ROS2learn/rosprac809_ws/install/local_setup.sh'
[12.214s] INFO:colcon.colcon_core.shell:Creating prefix util module '/home/keyur/empm809y_cpp/Cpp_projects/ROS2learn/rosprac809_ws/install/_local_setup_util_sh.py'
[12.215s] INFO:colcon.colcon_core.shell:Creating prefix chain script '/home/keyur/empm809y_cpp/Cpp_projects/ROS2learn/rosprac809_ws/install/setup.sh'
[12.296s] INFO:colcon.colcon_core.shell:Creating prefix script '/home/keyur/empm809y_cpp/Cpp_projects/ROS2learn/rosprac809_ws/install/local_setup.bash'
[12.297s] INFO:colcon.colcon_core.shell:Creating prefix chain script '/home/keyur/empm809y_cpp/Cpp_projects/ROS2learn/rosprac809_ws/install/setup.bash'
[12.376s] INFO:colcon.colcon_core.shell:Creating prefix script '/home/keyur/empm809y_cpp/Cpp_projects/ROS2learn/rosprac809_ws/install/local_setup.zsh'
[12.377s] INFO:colcon.colcon_core.shell:Creating prefix chain script '/home/keyur/empm809y_cpp/Cpp_projects/ROS2learn/rosprac809_ws/install/setup.zsh'
