[0.269s] Invoking command in '/home/keyur/empm809y_cpp/Cpp_projects/ROS2learn/rosprac809_ws/build/my_first_package': CMAKE_PREFIX_PATH=${CMAKE_PREFIX_PATH}:/opt/ros/galactic /usr/bin/cmake --build /home/keyur/empm809y_cpp/Cpp_projects/ROS2learn/rosprac809_ws/build/my_first_package -- -j8 -l8
[0.302s] -- Found ament_cmake: 1.1.6 (/opt/ros/galactic/share/ament_cmake/cmake)
[0.330s] -- Using PYTHON_EXECUTABLE: /usr/bin/python3
[0.414s] -- Found rclcpp: 9.2.2 (/opt/ros/galactic/share/rclcpp/cmake)
[0.475s] -- Using all available rosidl_typesupport_c: rosidl_typesupport_fastrtps_c;rosidl_typesupport_introspection_c
[0.480s] -- Found rosidl_adapter: 2.2.3 (/opt/ros/galactic/share/rosidl_adapter/cmake)
[0.630s] -- Using all available rosidl_typesupport_cpp: rosidl_typesupport_fastrtps_cpp;rosidl_typesupport_introspection_cpp
[0.698s] -- Found rmw_implementation_cmake: 3.3.1 (/opt/ros/galactic/share/rmw_implementation_cmake/cmake)
[0.700s] -- Found rmw_cyclonedds_cpp: 0.22.6 (/opt/ros/galactic/share/rmw_cyclonedds_cpp/cmake)
[0.724s] -- Using RMW implementation 'rmw_cyclonedds_cpp' as default
[0.933s] -- Found ament_lint_auto: 0.10.7 (/opt/ros/galactic/share/ament_lint_auto/cmake)
[1.013s] -- Added test 'copyright' to check source files copyright and LICENSE
[1.014s] -- Added test 'cppcheck' to perform static code analysis on C / C++ code
[1.014s] -- Configured cppcheck include dirs: /home/keyur/empm809y_cpp/Cpp_projects/ROS2learn/rosprac809_ws/src/my_first_package/include/my_first_package
[1.014s] -- Configured cppcheck exclude dirs and/or files: 
[1.015s] -- Added test 'cpplint' to check C / C++ code against the Google style
[1.015s] -- Configured cpplint exclude dirs and/or files: 
[1.016s] -- Added test 'lint_cmake' to check CMake code style
[1.017s] -- Added test 'uncrustify' to check C / C++ code style
[1.017s] -- Configured uncrustify additional arguments: 
[1.017s] -- Added test 'xmllint' to check XML markup files
[1.022s] -- Configuring done
[1.031s] -- Generating done
[1.033s] -- Build files have been written to: /home/keyur/empm809y_cpp/Cpp_projects/ROS2learn/rosprac809_ws/build/my_first_package
[1.090s] [100%] Built target hello
[1.106s] Invoked command in '/home/keyur/empm809y_cpp/Cpp_projects/ROS2learn/rosprac809_ws/build/my_first_package' returned '0': CMAKE_PREFIX_PATH=${CMAKE_PREFIX_PATH}:/opt/ros/galactic /usr/bin/cmake --build /home/keyur/empm809y_cpp/Cpp_projects/ROS2learn/rosprac809_ws/build/my_first_package -- -j8 -l8
[1.158s] Invoking command in '/home/keyur/empm809y_cpp/Cpp_projects/ROS2learn/rosprac809_ws/build/my_first_package': CMAKE_PREFIX_PATH=${CMAKE_PREFIX_PATH}:/opt/ros/galactic /usr/bin/cmake --install /home/keyur/empm809y_cpp/Cpp_projects/ROS2learn/rosprac809_ws/build/my_first_package
[1.169s] -- Install configuration: ""
[1.169s] -- Up-to-date: /home/keyur/empm809y_cpp/Cpp_projects/ROS2learn/rosprac809_ws/install/my_first_package/lib/my_first_package/hello
[1.170s] -- Up-to-date: /home/keyur/empm809y_cpp/Cpp_projects/ROS2learn/rosprac809_ws/install/my_first_package/share/ament_index/resource_index/package_run_dependencies/my_first_package
[1.170s] -- Up-to-date: /home/keyur/empm809y_cpp/Cpp_projects/ROS2learn/rosprac809_ws/install/my_first_package/share/ament_index/resource_index/parent_prefix_path/my_first_package
[1.170s] -- Up-to-date: /home/keyur/empm809y_cpp/Cpp_projects/ROS2learn/rosprac809_ws/install/my_first_package/share/my_first_package/environment/ament_prefix_path.sh
[1.171s] -- Installing: /home/keyur/empm809y_cpp/Cpp_projects/ROS2learn/rosprac809_ws/install/my_first_package/share/my_first_package/environment/ament_prefix_path.dsv
[1.171s] -- Up-to-date: /home/keyur/empm809y_cpp/Cpp_projects/ROS2learn/rosprac809_ws/install/my_first_package/share/my_first_package/environment/path.sh
[1.171s] -- Installing: /home/keyur/empm809y_cpp/Cpp_projects/ROS2learn/rosprac809_ws/install/my_first_package/share/my_first_package/environment/path.dsv
[1.171s] -- Up-to-date: /home/keyur/empm809y_cpp/Cpp_projects/ROS2learn/rosprac809_ws/install/my_first_package/share/my_first_package/local_setup.bash
[1.171s] -- Up-to-date: /home/keyur/empm809y_cpp/Cpp_projects/ROS2learn/rosprac809_ws/install/my_first_package/share/my_first_package/local_setup.sh
[1.171s] -- Up-to-date: /home/keyur/empm809y_cpp/Cpp_projects/ROS2learn/rosprac809_ws/install/my_first_package/share/my_first_package/local_setup.zsh
[1.172s] -- Installing: /home/keyur/empm809y_cpp/Cpp_projects/ROS2learn/rosprac809_ws/install/my_first_package/share/my_first_package/local_setup.dsv
[1.172s] -- Installing: /home/keyur/empm809y_cpp/Cpp_projects/ROS2learn/rosprac809_ws/install/my_first_package/share/my_first_package/package.dsv
[1.172s] -- Up-to-date: /home/keyur/empm809y_cpp/Cpp_projects/ROS2learn/rosprac809_ws/install/my_first_package/share/ament_index/resource_index/packages/my_first_package
[1.172s] -- Up-to-date: /home/keyur/empm809y_cpp/Cpp_projects/ROS2learn/rosprac809_ws/install/my_first_package/share/my_first_package/cmake/my_first_packageConfig.cmake
[1.172s] -- Up-to-date: /home/keyur/empm809y_cpp/Cpp_projects/ROS2learn/rosprac809_ws/install/my_first_package/share/my_first_package/cmake/my_first_packageConfig-version.cmake
[1.172s] -- Up-to-date: /home/keyur/empm809y_cpp/Cpp_projects/ROS2learn/rosprac809_ws/install/my_first_package/share/my_first_package/package.xml
[1.174s] Invoked command in '/home/keyur/empm809y_cpp/Cpp_projects/ROS2learn/rosprac809_ws/build/my_first_package' returned '0': CMAKE_PREFIX_PATH=${CMAKE_PREFIX_PATH}:/opt/ros/galactic /usr/bin/cmake --install /home/keyur/empm809y_cpp/Cpp_projects/ROS2learn/rosprac809_ws/build/my_first_package
